waiting for 1 second sample...
#Date Time [NET]RxPktTot [NET]TxPktTot [NET]RxKBTot [NET]TxKBTot [NET]RxCmpTot [NET]RxMltTot [NET]TxCmpTot [NET]RxErrsTot [NET]TxErrsTot [IB]InPkt [IB]OutPkt [IB]InKB [IB]OutKB [IB]Err
20170529 16:23:17 3 4 0 1 0 4 0 0 0 0 0 0 0 0
20170529 16:23:18 17 21 9 7 0 2 0 0 0 0 2 0 0 0
20170529 16:23:19 20 25 9 8 0 5 0 0 0 0 0 0 0 0
20170529 16:23:20 5 5 0 1 0 2 0 0 0 0 2 0 0 0
20170529 16:23:21 9 12 1 8 0 3 0 0 0 0 0 0 0 0
20170529 16:23:22 10 13 8 10 0 3 0 0 0 0 2 0 0 0
20170529 16:23:23 3 4 0 1 0 3 0 0 0 0 0 0 0 0
20170529 16:23:24 7 12 1 7 0 2 0 0 0 0 2 0 0 0
20170529 16:23:25 17 19 13 7 0 4 0 0 0 0 0 0 0 0
20170529 16:23:26 3 4 0 1 0 2 0 0 0 0 2 0 0 0
20170529 16:23:27 3 6 0 1 0 4 0 0 0 0 0 0 0 0
20170529 16:23:28 3 4 0 1 0 2 0 0 0 0 2 0 0 0
20170529 16:23:29 22 24 4 4 0 3 0 0 0 0 0 0 0 0
20170529 16:23:30 3 6 0 1 0 3 0 0 0 0 2 0 0 0
20170529 16:23:31 6 8 1 6 0 2 0 0 0 0 0 0 0 0
20170529 16:23:32 4 5 0 1 0 5 0 0 0 0 2 0 0 0
20170529 16:23:33 7 17 1 45 0 1 0 0 0 0 0 0 0 0
20170529 16:23:34 9 17 1 5 0 3 0 0 0 0 2 0 0 0
20170529 16:23:35 3 4 0 1 0 4 0 0 0 0 0 0 0 0
20170529 16:23:36 3 6 0 1 0 2 0 0 0 0 2 0 0 0
20170529 16:23:37 3 4 0 1 0 3 0 0 0 0 0 0 0 0
20170529 16:23:38 4 6 0 7 0 4 0 0 0 0 2 0 0 0
20170529 16:23:39 3 6 0 1 0 1 0 0 0 0 0 0 0 0
20170529 16:23:40 3 4 0 1 0 5 0 0 0 0 2 0 0 0
20170529 16:23:41 6 7 1 6 0 2 0 0 0 0 0 0 0 0
20170529 16:23:42 5 7 0 1 0 2 0 0 0 0 2 0 0 0
20170529 16:23:43 5 7 1 12 0 4 0 0 0 0 0 0 0 0
20170529 16:23:44 33 38 5 5 0 3 0 0 0 0 2 0 0 0
20170529 16:23:45 3 6 0 1 0 2 0 0 0 0 0 0 0 0
20170529 16:23:46 3 5 0 1 0 4 0 0 0 0 2 0 0 0
20170529 16:23:47 8 11 1 2 0 2 0 0 0 0 0 0 0 0
20170529 16:23:48 5 7 0 1 0 5 0 0 0 0 2 0 0 0
20170529 16:23:49 23 35 5 8 0 1 0 0 0 0 0 0 0 0
20170529 16:23:50 9 12 1 2 0 3 0 0 0 0 2 0 0 0
20170529 16:23:51 7 9 1 6 0 4 0 0 0 0 0 0 0 0
20170529 16:23:52 4 5 0 1 0 3 0 0 0 0 2 0 0 0
20170529 16:23:53 2 4 0 1 0 2 0 0 0 0 0 0 0 0
20170529 16:23:54 13 21 9 10 0 4 0 0 0 0 2 0 0 0
20170529 16:23:55 3 4 0 1 0 2 0 0 0 0 0 0 0 0
20170529 16:23:56 2 4 0 1 0 4 0 0 0 0 2 0 0 0
20170529 16:23:57 5 6 1 1 0 3 0 0 0 0 0 0 0 0
20170529 16:23:58 3 4 0 1 0 3 0 0 0 0 2 0 0 0
20170529 16:23:59 22 24 4 4 0 3 0 0 0 0 0 0 0 0
20170529 16:24:00 4 6 0 1 0 3 0 0 0 0 2 0 0 0
20170529 16:24:01 6 8 1 6 0 3 0 0 0 0 0 0 0 0
20170529 16:24:02 2 4 0 1 0 3 0 0 0 0 2 0 0 0
20170529 16:24:03 6 14 1 55 0 2 0 0 0 0 0 0 0 0
20170529 16:24:04 3 5 0 3 0 5 0 0 0 0 2 0 0 0
20170529 16:24:05 4 5 0 1 0 1 0 0 0 0 0 0 0 0
20170529 16:24:06 5 7 0 1 0 3 0 0 0 0 2 0 0 0
20170529 16:24:07 15 18 2 3 0 4 0 0 0 0 0 0 0 0
20170529 16:24:08 3 6 0 7 0 2 0 0 0 0 2 0 0 0
20170529 16:24:09 104 108 19 19 0 3 0 0 0 0 0 0 0 0
20170529 16:24:10 3 4 0 1 0 4 0 0 0 0 2 0 0 0
20170529 16:24:11 5 7 0 5 0 1 0 0 0 0 0 0 0 0
20170529 16:24:12 5 7 0 1 0 5 0 0 0 0 2 0 0 0
20170529 16:24:13 5 7 1 13 0 2 0 0 0 0 0 0 0 0
20170529 16:24:14 35 46 5 6 0 2 0 0 0 0 2 0 0 0
20170529 16:24:15 4 6 0 1 0 4 0 0 0 0 0 0 0 0
20170529 16:24:16 4 6 0 1 0 3 0 0 0 0 2 0 0 0
20170529 16:24:17 3 4 0 1 0 3 0 0 0 0 0 0 0 0
20170529 16:24:18 3 6 0 1 0 3 0 0 0 0 2 0 0 0
20170529 16:24:19 3 5 0 3 0 2 0 0 0 0 0 0 0 0
20170529 16:24:20 3 4 0 1 0 5 0 0 0 0 2 0 0 0
20170529 16:24:21 6 9 1 6 0 1 0 0 0 0 0 0 0 0
20170529 16:24:22 3 4 0 1 0 3 0 0 0 0 2 0 0 0
20170529 16:24:23 4 6 0 5 0 4 0 0 0 0 0 0 0 0
20170529 16:24:24 4 6 0 1 0 3 0 0 0 0 2 0 0 0
20170529 16:24:25 2 4 0 1 0 2 0 0 0 0 0 0 0 0
20170529 16:24:26 3 4 0 1 0 4 0 0 0 0 2 0 0 0
20170529 16:24:27 6 7 1 1 0 2 0 0 0 0 0 0 0 0
20170529 16:24:28 2 4 0 1 0 4 0 0 0 0 2 0 0 0
20170529 16:24:29 22 24 4 4 0 2 0 0 0 0 0 0 0 0
20170529 16:24:30 4 6 0 1 0 3 0 0 0 0 2 0 0 0
20170529 16:24:31 5 8 0 3 0 3 0 0 0 0 0 0 0 0
20170529 16:24:32 9 12 1 1 0 3 0 0 0 0 2 0 0 0
20170529 16:24:33 6 16 1 64 0 4 0 0 0 0 0 0 0 0
20170529 16:24:34 9 19 2 5 0 2 0 0 0 0 2 0 0 0
20170529 16:24:35 3 4 0 1 0 2 0 0 0 0 0 0 0 0
20170529 16:24:36 6 8 1 1 0 5 0 0 0 0 2 0 0 0
20170529 16:24:37 2 4 0 1 0 1 0 0 0 0 0 0 0 0
20170529 16:24:38 4 6 0 8 0 3 0 0 0 0 2 0 0 0
20170529 16:24:39 4 6 0 1 0 4 0 0 0 0 0 0 0 0
20170529 16:24:40 13738 817 120631 61 0 2 0 0 0 0 2 0 0 0
20170529 16:24:41 136871 7527 1204290 490 0 4 0 0 0 0 0 0 0 0
20170529 16:24:42 4 6 0 1 0 3 0 0 0 0 2 0 0 0
20170529 16:24:43 150304 9785 1322483 644 0 1 0 0 0 0 0 0 0 0
20170529 16:24:44 127179 158964 1044252 1325769 0 5 0 0 0 0 2 0 0 0
20170529 16:24:45 182906 10902 1609501 704 0 2 0 0 0 0 0 0 0 0
20170529 16:24:46 148934 9604 1309366 620 0 3 0 0 0 0 2 0 0 0
20170529 16:24:47 170004 331622 1342231 2842082 0 3 0 0 0 0 0 0 0 0
20170529 16:24:48 166754 269324 1326268 2281493 0 3 0 0 0 0 2 0 0 0
20170529 16:24:49 185067 480129 1327449 4153148 0 4 0 0 0 0 0 0 0 0
20170529 16:24:50 8 12 1 2 0 2 0 0 0 0 2 0 0 0
20170529 16:24:51 157109 128352 1325327 1053123 0 2 0 0 0 0 0 0 0 0
20170529 16:24:52 152202 39219 1325330 272883 0 5 0 0 0 0 2 0 0 0
20170529 16:24:53 168289 309823 1325663 2651010 0 1 0 0 0 0 0 0 0 0
20170529 16:24:54 165682 155789 1326199 1287186 0 3 0 0 0 0 2 0 0 0
20170529 16:24:55 166827 268659 1326273 2277114 0 4 0 0 0 0 0 0 0 0
20170529 16:24:56 120087 52595 1017955 412689 0 3 0 0 0 0 2 0 0 0
20170529 16:24:57 34943 1674 307557 109 0 4 0 0 0 0 0 0 0 0
20170529 16:24:58 200 2501 13 21771 0 3 0 0 0 0 2 0 0 0
20170529 16:24:59 169447 307668 1326451 2628950 0 2 0 0 0 0 0 0 0 0
20170529 16:25:00 3 6 0 1 0 4 0 0 0 0 2 0 0 0
20170529 16:25:01 76103 68353 638440 561546 0 2 0 0 0 0 0 0 0 0
20170529 16:25:02 105086 92889 882976 764052 0 3 0 0 0 0 2 0 0 0
20170529 16:25:03 207550 162366 1759293 1325666 0 3 0 0 0 0 0 0 0 0
20170529 16:25:04 126219 129411 1011201 1078261 0 3 0 0 0 0 2 0 0 0
20170529 16:25:05 231431 491446 1804917 4223271 0 4 0 0 0 0 0 0 0 0
20170529 16:25:06 182880 311839 1443464 2651140 0 2 0 0 0 0 2 0 0 0
20170529 16:25:07 106496 5316 937389 343 0 2 0 0 0 0 0 0 0 0
20170529 16:25:08 97716 134011 802995 1141303 0 5 0 0 0 0 2 0 0 0
20170529 16:25:09 151631 29872 1325293 184791 0 1 0 0 0 0 0 0 0 0
20170529 16:25:10 141295 7791 1242833 514 0 3 0 0 0 0 2 0 0 0
20170529 16:25:11 106051 6162 933450 402 0 4 0 0 0 0 0 0 0 0
20170529 16:25:12 142852 257417 1138707 2193351 0 2 0 0 0 0 2 0 0 0
20170529 16:25:13 154285 60934 1326758 457890 0 4 0 0 0 0 0 0 0 0
20170529 16:25:14 85836 154365 660978 1325170 0 3 0 0 0 0 2 0 0 0
20170529 16:25:15 150645 10000 1324910 645 0 2 0 0 0 0 0 0 0 0
20170529 16:25:16 2 4 0 1 0 4 0 0 0 0 2 0 0 0
20170529 16:25:17 4 7 0 6 0 2 0 0 0 0 0 0 0 0
20170529 16:25:18 4 6 0 1 0 3 0 0 0 0 2 0 0 0
20170529 16:25:19 3 7 0 3 0 3 0 0 0 0 0 0 0 0
20170529 16:25:20 3 4 0 1 0 3 0 0 0 0 2 0 0 0
20170529 16:25:21 8 10 1 3 0 4 0 0 0 0 0 0 0 0
