waiting for 1 second sample...
#Date Time [NET]RxPktTot [NET]TxPktTot [NET]RxKBTot [NET]TxKBTot [NET]RxCmpTot [NET]RxMltTot [NET]TxCmpTot [NET]RxErrsTot [NET]TxErrsTot [IB]InPkt [IB]OutPkt [IB]InKB [IB]OutKB [IB]Err
20170529 16:13:57 10 13 1 3 0 4 0 0 0 0 0 0 0 0
20170529 16:13:58 13 19 16 7 0 2 0 0 0 0 2 0 0 0
20170529 16:13:59 38 47 12 10 0 2 0 0 0 0 0 0 0 0
20170529 16:14:00 7 7 1 1 0 6 0 0 0 0 2 0 0 0
20170529 16:14:01 4 7 0 1 0 2 0 0 0 0 0 0 0 0
20170529 16:14:02 3 4 0 1 0 4 0 0 0 0 2 0 0 0
20170529 16:14:03 12 16 1 13 0 2 0 0 0 0 0 0 0 0
20170529 16:14:04 20 24 20 10 0 3 0 0 0 0 2 0 0 0
20170529 16:14:05 3 5 0 1 0 3 0 0 0 0 0 0 0 0
20170529 16:14:06 5 8 0 1 0 3 0 0 0 0 2 0 0 0
20170529 16:14:07 36 43 5 12 0 2 0 0 0 0 0 0 0 0
20170529 16:14:08 3 4 0 1 0 4 0 0 0 0 2 0 0 0
20170529 16:14:09 4 7 0 4 0 3 0 0 0 0 0 0 0 0
20170529 16:14:10 3 6 0 1 0 3 0 0 0 0 2 0 0 0
20170529 16:14:11 3 4 0 1 0 2 0 0 0 0 0 0 0 0
20170529 16:14:12 4 6 0 1 0 4 0 0 0 0 2 0 0 0
20170529 16:14:13 8 20 1 101 0 2 0 0 0 0 0 0 0 0
20170529 16:14:14 3 4 0 1 0 3 0 0 0 0 2 0 0 0
20170529 16:14:15 4 6 0 1 0 3 0 0 0 0 0 0 0 0
20170529 16:14:16 3 6 0 1 0 3 0 0 0 0 2 0 0 0
20170529 16:14:17 9 13 1 9 0 3 0 0 0 0 0 0 0 0
20170529 16:14:18 8 14 1 2 0 4 0 0 0 0 2 0 0 0
20170529 16:14:19 4 7 0 1 0 1 0 0 0 0 0 0 0 0
20170529 16:14:20 4 5 0 1 0 4 0 0 0 0 2 0 0 0
20170529 16:14:21 7 8 1 1 0 3 0 0 0 0 0 0 0 0
20170529 16:14:22 24 30 4 5 0 2 0 0 0 0 2 0 0 0
20170529 16:14:23 7 8 1 8 0 5 0 0 0 0 0 0 0 0
20170529 16:14:24 3 7 0 4 0 2 0 0 0 0 2 0 0 0
20170529 16:14:25 3 6 0 1 0 2 0 0 0 0 0 0 0 0
20170529 16:14:26 4 4 0 1 0 5 0 0 0 0 2 0 0 0
20170529 16:14:27 6 9 1 8 0 1 0 0 0 0 0 0 0 0
20170529 16:14:28 11 28 1 113 0 2 0 0 0 0 2 0 0 0
20170529 16:14:29 4 4 0 1 0 5 0 0 0 0 0 0 0 0
20170529 16:14:30 6 12 1 7 0 1 0 0 0 0 2 0 0 0
20170529 16:14:31 3 6 0 1 0 4 0 0 0 0 0 0 0 0
20170529 16:14:32 5 6 0 5 0 3 0 0 0 0 2 0 0 0
20170529 16:14:33 282758 393497 2273088 3309878 0 3 0 0 0 0 0 0 0 0
20170529 16:14:34 47157 78759 379238 665147 0 3 0 0 0 0 2 0 0 0
20170529 16:14:35 39415 33357 326592 272984 0 3 0 0 0 0 0 0 0 0
20170529 16:14:36 317811 348457 2630201 2907071 0 2 0 0 0 0 2 0 0 0
20170529 16:14:37 277215 200599 2345544 1634688 0 4 0 0 0 0 0 0 0 0
20170529 16:14:38 305110 226298 2588264 1835268 0 2 0 0 0 0 2 0 0 0
20170529 16:14:39 322592 751833 2495715 6446095 0 4 0 0 0 0 0 0 0 0
20170529 16:14:40 226910 181516 1919012 1484223 0 2 0 0 0 0 2 0 0 0
20170529 16:14:41 267992 157145 2277687 1227692 0 4 0 0 0 0 0 0 0 0
20170529 16:14:42 302942 178014 2584070 1424247 0 2 0 0 0 0 2 0 0 0
20170529 16:14:43 167119 160940 1392788 1325189 0 3 0 0 0 0 0 0 0 0
20170529 16:14:44 159887 160649 1325825 1325875 0 3 0 0 0 0 2 0 0 0
20170529 16:14:45 301171 17069 2650452 1101 0 3 0 0 0 0 0 0 0 0
20170529 16:14:46 255133 107368 2188625 814845 0 2 0 0 0 0 2 0 0 0
20170529 16:14:47 265041 373696 2127007 3162025 0 5 0 0 0 0 0 0 0 0
20170529 16:14:48 280961 403934 2313285 3411860 0 1 0 0 0 0 2 0 0 0
20170529 16:14:49 277274 292960 2272032 2439868 0 4 0 0 0 0 0 0 0 0
20170529 16:14:50 207372 249269 1705126 2099560 0 3 0 0 0 0 2 0 0 0
20170529 16:14:51 154717 85835 1325492 652131 0 2 0 0 0 0 0 0 0 0
20170529 16:14:52 3954 76580 257 673865 0 4 0 0 0 0 2 0 0 0
20170529 16:14:53 2 4 0 1 0 3 0 0 0 0 0 0 0 0
20170529 16:14:54 9 28 1 148 0 2 0 0 0 0 2 0 0 0
20170529 16:14:55 105 108 19 19 0 5 0 0 0 0 0 0 0 0
