waiting for 1 second sample...
#Date Time [NET]RxPktTot [NET]TxPktTot [NET]RxKBTot [NET]TxKBTot [NET]RxCmpTot [NET]RxMltTot [NET]TxCmpTot [NET]RxErrsTot [NET]TxErrsTot [IB]InPkt [IB]OutPkt [IB]InKB [IB]OutKB [IB]Err
20170529 16:13:57 4 6 0 1 0 3 0 0 0 0 0 0 0 0
20170529 16:13:58 3 6 0 4 0 3 0 0 0 0 2 0 0 0
20170529 16:13:59 48 66 27 85 0 3 0 0 0 0 0 0 0 0
20170529 16:14:00 4 6 0 1 0 3 0 0 0 0 2 0 0 0
20170529 16:14:01 102 106 18 18 0 2 0 0 0 0 0 0 0 0
20170529 16:14:02 22 28 15 15 0 4 0 0 0 0 2 0 0 0
20170529 16:14:03 4 6 0 1 0 2 0 0 0 0 0 0 0 0
20170529 16:14:04 19 21 20 10 0 3 0 0 0 0 2 0 0 0
20170529 16:14:05 3 4 0 1 0 3 0 0 0 0 0 0 0 0
20170529 16:14:06 5 8 0 1 0 4 0 0 0 0 2 0 0 0
20170529 16:14:07 3 5 0 1 0 2 0 0 0 0 0 0 0 0
20170529 16:14:08 3 4 0 1 0 3 0 0 0 0 2 0 0 0
20170529 16:14:09 8 15 1 3 0 3 0 0 0 0 0 0 0 0
20170529 16:14:10 2 4 0 1 0 3 0 0 0 0 2 0 0 0
20170529 16:14:11 22 24 4 4 0 2 0 0 0 0 0 0 0 0
20170529 16:14:12 17 23 2 10 0 4 0 0 0 0 2 0 0 0
20170529 16:14:13 3 5 0 3 0 3 0 0 0 0 0 0 0 0
20170529 16:14:14 3 4 0 1 0 4 0 0 0 0 2 0 0 0
20170529 16:14:15 4 6 0 1 0 3 0 0 0 0 0 0 0 0
20170529 16:14:16 2 4 0 1 0 2 0 0 0 0 2 0 0 0
20170529 16:14:17 4 4 0 1 0 4 0 0 0 0 0 0 0 0
20170529 16:14:18 4 7 0 1 0 3 0 0 0 0 2 0 0 0
20170529 16:14:19 4 5 0 1 0 1 0 0 0 0 0 0 0 0
20170529 16:14:20 4 4 0 1 0 5 0 0 0 0 2 0 0 0
20170529 16:14:21 5 7 0 1 0 2 0 0 0 0 0 0 0 0
20170529 16:14:22 7 12 1 8 0 3 0 0 0 0 2 0 0 0
20170529 16:14:23 4 4 0 1 0 4 0 0 0 0 0 0 0 0
20170529 16:14:24 8 26 1 137 0 2 0 0 0 0 2 0 0 0
20170529 16:14:25 2 5 0 1 0 2 0 0 0 0 0 0 0 0
20170529 16:14:26 23 24 4 4 0 5 0 0 0 0 2 0 0 0
20170529 16:14:27 4 7 0 1 0 1 0 0 0 0 0 0 0 0
20170529 16:14:28 3 5 0 3 0 4 0 0 0 0 2 0 0 0
20170529 16:14:29 14 29 2 72 0 3 0 0 0 0 0 0 0 0
20170529 16:14:30 4 7 0 1 0 3 0 0 0 0 2 0 0 0
20170529 16:14:31 3 4 0 1 0 3 0 0 0 0 0 0 0 0
20170529 16:14:32 7 10 1 7 0 3 0 0 0 0 2 0 0 0
20170529 16:14:33 218727 327290 1764445 2724840 0 2 0 0 0 0 0 0 0 0
20170529 16:14:34 117202 299219 887564 2577708 0 4 0 0 0 0 2 0 0 0
20170529 16:14:35 18598 1314 163617 85 0 2 0 0 0 0 0 0 0 0
20170529 16:14:36 320739 103220 2785527 744497 0 2 0 0 0 0 2 0 0 0
20170529 16:14:37 361974 388421 2994860 3233753 0 4 0 0 0 0 0 0 0 0
20170529 16:14:38 264317 15215 2325660 981 0 2 0 0 0 0 2 0 0 0
20170529 16:14:39 387279 170165 3344931 1326567 0 4 0 0 0 0 0 0 0 0
20170529 16:14:40 355139 366215 2964871 3054073 0 2 0 0 0 0 2 0 0 0
20170529 16:14:41 208119 667823 1488100 5789450 0 4 0 0 0 0 0 0 0 0
20170529 16:14:42 180838 261846 1461768 2166177 0 2 0 0 0 0 2 0 0 0
20170529 16:14:43 181782 116648 1543561 921037 0 3 0 0 0 0 0 0 0 0
20170529 16:14:44 100930 157792 811946 1325691 0 3 0 0 0 0 2 0 0 0
20170529 16:14:45 286576 169569 2432318 1326450 0 3 0 0 0 0 0 0 0 0
20170529 16:14:46 258236 158602 2199300 1263136 0 3 0 0 0 0 2 0 0 0
20170529 16:14:47 231132 211698 1932127 1740753 0 4 0 0 0 0 0 0 0 0
20170529 16:14:48 246148 404841 1971204 3466264 0 1 0 0 0 0 2 0 0 0
20170529 16:14:49 275374 372804 2228854 3152190 0 5 0 0 0 0 0 0 0 0
20170529 16:14:50 290259 129432 2492774 984151 0 2 0 0 0 0 2 0 0 0
20170529 16:14:51 160530 159076 1309633 1325774 0 2 0 0 0 0 0 0 0 0
20170529 16:14:52 1830 109 16032 17 0 4 0 0 0 0 2 0 0 0
20170529 16:14:53 2 4 0 1 0 3 0 0 0 0 0 0 0 0
20170529 16:14:54 6 12 1 24 0 1 0 0 0 0 2 0 0 0
20170529 16:14:55 4 4 0 1 0 6 0 0 0 0 0 0 0 0
