YCSB/Crail init, v1
YCSB/Crail init, v1
YCSB/Crail init, v1
YCSB/Crail init, v1
YCSB/Crail init, v1
YCSB/Crail init, v1
YCSB/Crail init, v1
YCSB/Crail init, v1
YCSB/Crail init, v1
YCSB/Crail init, v1
runTime 17226
runTime 17240
runTime 17242
runTime 17260
runTime 17274
runTime 17274
runTime 17317
runTime 17328
runTime 17371
runTime 17375
[OVERALL], RunTime(ms), 20637
[OVERALL], Throughput(ops/sec), 193826.6220865436
[TOTAL_GCS_PS_Scavenge], Count, 8
[TOTAL_GC_TIME_PS_Scavenge], Time(ms), 1036
[TOTAL_GC_TIME_%_PS_Scavenge], Time(%), 5.020109512041479
[TOTAL_GCS_PS_MarkSweep], Count, 0
[TOTAL_GC_TIME_PS_MarkSweep], Time(ms), 0
[TOTAL_GC_TIME_%_PS_MarkSweep], Time(%), 0.0
[TOTAL_GCs], Count, 8
[TOTAL_GC_TIME], Time(ms), 1036
[TOTAL_GC_TIME_%], Time(%), 5.020109512041479
[READ], Operations, 2000152
[READ], AverageLatency(us), 31.37154976221807
[READ], MinLatency(us), 7
[READ], MaxLatency(us), 326911
[READ], 95thPercentileLatency(us), 35
[READ], 99thPercentileLatency(us), 53
[READ], Return=OK, 2000152
[READ], 7, 1.0
[READ], 8, 2.0
[READ], 9, 12.0
[READ], 10, 65.0
[READ], 11, 180.0
[READ], 12, 391.0
[READ], 13, 860.0
[READ], 14, 2593.0
[READ], 15, 7000.0
[READ], 16, 15048.0
[READ], 17, 28451.0
[READ], 18, 47808.0
[READ], 19, 76406.0
[READ], 20, 113221.0
[READ], 21, 154046.0
[READ], 22, 191104.0
[READ], 23, 213229.0
[READ], 24, 214239.0
[READ], 25, 197759.0
[READ], 26, 167122.0
[READ], 27, 132933.0
[READ], 28, 98841.0
[READ], 29, 72494.0
[READ], 30, 52654.0
[READ], 31, 38623.0
[READ], 32, 28857.0
[READ], 33, 22586.0
[READ], 34, 17990.0
[READ], 35, 14451.0
[READ], 36, 11568.0
[READ], 37, 9443.0
[READ], 38, 7955.0
[READ], 39, 6852.0
[READ], 40, 5615.0
[READ], 41, 4830.0
[READ], 42, 4012.0
[READ], 43, 3624.0
[READ], 44, 3086.0
[READ], 45, 2721.0
[READ], 46, 2321.0
[READ], 47, 2039.0
[READ], 48, 1747.0
[READ], 49, 1538.0
[READ], 50, 1280.0
[READ], 51, 1172.0
[READ], 52, 982.0
[READ], 53, 821.0
[READ], 54, 771.0
[READ], 55, 631.0
[READ], 56, 604.0
[READ], 57, 529.0
[READ], 58, 477.0
[READ], 59, 443.0
[READ], 60, 395.0
[READ], 61, 403.0
[READ], 62, 366.0
[READ], 63, 357.0
[READ], 64, 290.0
[READ], 65, 260.0
[READ], 66, 296.0
[READ], 67, 233.0
[READ], 68, 243.0
[READ], 69, 223.0
[READ], 70, 238.0
[READ], 71, 227.0
[READ], 72, 208.0
[READ], 73, 187.0
[READ], 74, 201.0
[READ], 75, 166.0
[READ], 76, 160.0
[READ], 77, 162.0
[READ], 78, 162.0
[READ], 79, 160.0
[READ], 80, 175.0
[READ], 81, 146.0
[READ], 82, 152.0
[READ], 83, 135.0
[READ], 84, 147.0
[READ], 85, 144.0
[READ], 86, 167.0
[READ], 87, 126.0
[READ], 88, 117.0
[READ], 89, 130.0
[READ], 90, 126.0
[READ], 91, 116.0
[READ], 92, 120.0
[READ], 93, 116.0
[READ], 94, 107.0
[READ], 95, 108.0
[READ], 96, 128.0
[READ], 97, 149.0
[READ], 98, 118.0
[READ], 99, 115.0
[READ], 100, 117.0
[READ], 101, 104.0
[READ], 102, 88.0
[READ], 103, 92.0
[READ], 104, 91.0
[READ], 105, 105.0
[READ], 106, 105.0
[READ], 107, 108.0
[READ], 108, 75.0
[READ], 109, 82.0
[READ], 110, 85.0
[READ], 111, 82.0
[READ], 112, 73.0
[READ], 113, 71.0
[READ], 114, 82.0
[READ], 115, 72.0
[READ], 116, 82.0
[READ], 117, 81.0
[READ], 118, 80.0
[READ], 119, 70.0
[READ], 120, 59.0
[READ], 121, 51.0
[READ], 122, 64.0
[READ], 123, 72.0
[READ], 124, 60.0
[READ], 125, 51.0
[READ], 126, 36.0
[READ], 127, 43.0
[READ], 128, 32.0
[READ], 129, 44.0
[READ], 130, 42.0
[READ], 131, 26.0
[READ], 132, 42.0
[READ], 133, 33.0
[READ], 134, 35.0
[READ], 135, 41.0
[READ], 136, 46.0
[READ], 137, 40.0
[READ], 138, 34.0
[READ], 139, 28.0
[READ], 140, 19.0
[READ], 141, 38.0
[READ], 142, 28.0
[READ], 143, 37.0
[READ], 144, 16.0
[READ], 145, 29.0
[READ], 146, 20.0
[READ], 147, 18.0
[READ], 148, 16.0
[READ], 149, 29.0
[READ], 150, 19.0
[READ], 151, 23.0
[READ], 152, 15.0
[READ], 153, 13.0
[READ], 154, 23.0
[READ], 155, 9.0
[READ], 156, 15.0
[READ], 157, 12.0
[READ], 158, 10.0
[READ], 159, 15.0
[READ], 160, 12.0
[READ], 161, 15.0
[READ], 162, 14.0
[READ], 163, 12.0
[READ], 164, 11.0
[READ], 165, 7.0
[READ], 166, 10.0
[READ], 167, 10.0
[READ], 168, 9.0
[READ], 169, 8.0
[READ], 170, 5.0
[READ], 171, 7.0
[READ], 172, 6.0
[READ], 173, 9.0
[READ], 174, 11.0
[READ], 175, 7.0
[READ], 176, 8.0
[READ], 177, 6.0
[READ], 178, 9.0
[READ], 179, 8.0
[READ], 180, 9.0
[READ], 181, 5.0
[READ], 182, 9.0
[READ], 183, 5.0
[READ], 184, 6.0
[READ], 185, 7.0
[READ], 186, 5.0
[READ], 187, 6.0
[READ], 188, 7.0
[READ], 189, 7.0
[READ], 190, 8.0
[READ], 191, 3.0
[READ], 192, 3.0
[READ], 193, 4.0
[READ], 194, 4.0
[READ], 195, 4.0
[READ], 196, 3.0
[READ], 197, 4.0
[READ], 198, 5.0
[READ], 199, 10.0
[READ], 200, 4.0
[READ], 201, 5.0
[READ], 202, 3.0
[READ], 203, 4.0
[READ], 204, 2.0
[READ], 205, 5.0
[READ], 206, 4.0
[READ], 207, 5.0
[READ], 208, 2.0
[READ], 209, 3.0
[READ], 210, 5.0
[READ], 211, 3.0
[READ], 212, 5.0
[READ], 213, 5.0
[READ], 214, 3.0
[READ], 215, 2.0
[READ], 216, 5.0
[READ], 217, 2.0
[READ], 218, 4.0
[READ], 219, 3.0
[READ], 220, 3.0
[READ], 221, 5.0
[READ], 222, 2.0
[READ], 223, 3.0
[READ], 224, 3.0
[READ], 225, 2.0
[READ], 226, 2.0
[READ], 227, 3.0
[READ], 228, 4.0
[READ], 229, 2.0
[READ], 230, 3.0
[READ], 231, 2.0
[READ], 232, 2.0
[READ], 235, 1.0
[READ], 236, 1.0
[READ], 237, 1.0
[READ], 238, 2.0
[READ], 239, 2.0
[READ], 240, 3.0
[READ], 242, 2.0
[READ], 243, 2.0
[READ], 244, 2.0
[READ], 245, 1.0
[READ], 246, 1.0
[READ], 247, 2.0
[READ], 248, 1.0
[READ], 249, 1.0
[READ], 250, 2.0
[READ], 252, 1.0
[READ], 253, 3.0
[READ], 254, 3.0
[READ], 255, 1.0
[READ], 256, 1.0
[READ], 257, 1.0
[READ], 258, 2.0
[READ], 260, 4.0
[READ], 261, 4.0
[READ], 263, 1.0
[READ], 265, 1.0
[READ], 267, 1.0
[READ], 268, 2.0
[READ], 269, 2.0
[READ], 270, 1.0
[READ], 271, 1.0
[READ], 272, 2.0
[READ], 273, 1.0
[READ], 275, 1.0
[READ], 276, 1.0
[READ], 278, 2.0
[READ], 279, 2.0
[READ], 280, 1.0
[READ], 282, 1.0
[READ], 284, 2.0
[READ], 285, 3.0
[READ], 287, 1.0
[READ], 291, 2.0
[READ], 292, 1.0
[READ], 294, 1.0
[READ], 296, 1.0
[READ], 297, 2.0
[READ], 301, 1.0
[READ], 305, 2.0
[READ], 306, 1.0
[READ], 307, 1.0
[READ], 308, 4.0
[READ], 309, 1.0
[READ], 310, 1.0
[READ], 312, 1.0
[READ], 313, 4.0
[READ], 314, 1.0
[READ], 315, 1.0
[READ], 318, 2.0
[READ], 319, 2.0
[READ], 320, 2.0
[READ], 321, 1.0
[READ], 322, 2.0
[READ], 323, 3.0
[READ], 324, 1.0
[READ], 325, 9.0
[READ], 326, 4.0
[READ], 327, 8.0
[READ], 328, 19.0
[READ], 329, 14.0
[READ], 330, 22.0
[READ], 331, 33.0
[READ], 332, 38.0
[READ], 333, 53.0
[READ], 334, 48.0
[READ], 335, 50.0
[READ], 336, 69.0
[READ], 337, 92.0
[READ], 338, 98.0
[READ], 339, 112.0
[READ], 340, 130.0
[READ], 341, 153.0
[READ], 342, 120.0
[READ], 343, 106.0
[READ], 344, 125.0
[READ], 345, 122.0
[READ], 346, 142.0
[READ], 347, 131.0
[READ], 348, 123.0
[READ], 349, 89.0
[READ], 350, 76.0
[READ], 351, 69.0
[READ], 352, 54.0
[READ], 353, 37.0
[READ], 354, 29.0
[READ], 355, 37.0
[READ], 356, 18.0
[READ], 357, 17.0
[READ], 358, 24.0
[READ], 359, 22.0
[READ], 360, 13.0
[READ], 361, 15.0
[READ], 362, 13.0
[READ], 363, 30.0
[READ], 364, 19.0
[READ], 365, 16.0
[READ], 366, 25.0
[READ], 367, 14.0
[READ], 368, 15.0
[READ], 369, 11.0
[READ], 370, 13.0
[READ], 371, 15.0
[READ], 372, 14.0
[READ], 373, 14.0
[READ], 374, 8.0
[READ], 375, 8.0
[READ], 376, 13.0
[READ], 377, 12.0
[READ], 378, 11.0
[READ], 379, 13.0
[READ], 380, 17.0
[READ], 381, 14.0
[READ], 382, 16.0
[READ], 383, 25.0
[READ], 384, 22.0
[READ], 385, 21.0
[READ], 386, 31.0
[READ], 387, 28.0
[READ], 388, 23.0
[READ], 389, 38.0
[READ], 390, 36.0
[READ], 391, 30.0
[READ], 392, 28.0
[READ], 393, 35.0
[READ], 394, 27.0
[READ], 395, 24.0
[READ], 396, 25.0
[READ], 397, 20.0
[READ], 398, 25.0
[READ], 399, 28.0
[READ], 400, 27.0
[READ], 401, 14.0
[READ], 402, 14.0
[READ], 403, 19.0
[READ], 404, 13.0
[READ], 405, 9.0
[READ], 406, 13.0
[READ], 407, 12.0
[READ], 408, 11.0
[READ], 409, 10.0
[READ], 410, 10.0
[READ], 411, 6.0
[READ], 412, 8.0
[READ], 413, 9.0
[READ], 414, 8.0
[READ], 415, 16.0
[READ], 416, 15.0
[READ], 417, 22.0
[READ], 418, 13.0
[READ], 419, 17.0
[READ], 420, 12.0
[READ], 421, 15.0
[READ], 422, 18.0
[READ], 423, 17.0
[READ], 424, 22.0
[READ], 425, 19.0
[READ], 426, 15.0
[READ], 427, 18.0
[READ], 428, 31.0
[READ], 429, 13.0
[READ], 430, 9.0
[READ], 431, 14.0
[READ], 432, 15.0
[READ], 433, 6.0
[READ], 434, 13.0
[READ], 435, 11.0
[READ], 436, 21.0
[READ], 437, 17.0
[READ], 438, 12.0
[READ], 439, 14.0
[READ], 440, 8.0
[READ], 441, 14.0
[READ], 442, 8.0
[READ], 443, 12.0
[READ], 444, 8.0
[READ], 445, 7.0
[READ], 446, 7.0
[READ], 447, 12.0
[READ], 448, 7.0
[READ], 449, 14.0
[READ], 450, 6.0
[READ], 451, 6.0
[READ], 452, 14.0
[READ], 453, 5.0
[READ], 454, 8.0
[READ], 455, 7.0
[READ], 456, 5.0
[READ], 457, 6.0
[READ], 458, 3.0
[READ], 459, 5.0
[READ], 460, 6.0
[READ], 461, 5.0
[READ], 462, 2.0
[READ], 463, 6.0
[READ], 464, 4.0
[READ], 465, 5.0
[READ], 466, 7.0
[READ], 467, 2.0
[READ], 468, 4.0
[READ], 469, 4.0
[READ], 470, 7.0
[READ], 471, 7.0
[READ], 472, 3.0
[READ], 473, 2.0
[READ], 474, 4.0
[READ], 475, 4.0
[READ], 476, 5.0
[READ], 477, 2.0
[READ], 478, 4.0
[READ], 479, 5.0
[READ], 480, 6.0
[READ], 481, 3.0
[READ], 482, 5.0
[READ], 483, 3.0
[READ], 484, 5.0
[READ], 485, 4.0
[READ], 486, 4.0
[READ], 487, 4.0
[READ], 488, 6.0
[READ], 489, 5.0
[READ], 490, 4.0
[READ], 491, 3.0
[READ], 492, 3.0
[READ], 493, 6.0
[READ], 494, 4.0
[READ], 495, 1.0
[READ], 496, 9.0
[READ], 497, 4.0
[READ], 498, 5.0
[READ], 499, 2.0
[READ], 500, 4.0
[READ], 501, 1.0
[READ], 502, 3.0
[READ], 503, 5.0
[READ], 504, 3.0
[READ], 505, 5.0
[READ], 506, 4.0
[READ], 507, 5.0
[READ], 508, 4.0
[READ], 510, 4.0
[READ], 511, 1.0
[READ], 512, 3.0
[READ], 513, 2.0
[READ], 514, 4.0
[READ], 515, 3.0
[READ], 516, 4.0
[READ], 517, 3.0
[READ], 518, 1.0
[READ], 520, 2.0
[READ], 521, 2.0
[READ], 522, 2.0
[READ], 524, 1.0
[READ], 525, 3.0
[READ], 526, 1.0
[READ], 527, 2.0
[READ], 528, 1.0
[READ], 529, 4.0
[READ], 530, 3.0
[READ], 531, 1.0
[READ], 532, 2.0
[READ], 533, 1.0
[READ], 535, 1.0
[READ], 536, 2.0
[READ], 538, 3.0
[READ], 540, 2.0
[READ], 542, 2.0
[READ], 544, 2.0
[READ], 545, 5.0
[READ], 546, 3.0
[READ], 547, 1.0
[READ], 548, 1.0
[READ], 549, 2.0
[READ], 552, 1.0
[READ], 553, 2.0
[READ], 554, 1.0
[READ], 555, 2.0
[READ], 556, 2.0
[READ], 557, 2.0
[READ], 558, 1.0
[READ], 561, 1.0
[READ], 562, 3.0
[READ], 563, 2.0
[READ], 565, 1.0
[READ], 566, 2.0
[READ], 567, 2.0
[READ], 570, 3.0
[READ], 573, 1.0
[READ], 574, 1.0
[READ], 575, 1.0
[READ], 576, 1.0
[READ], 577, 1.0
[READ], 580, 2.0
[READ], 581, 3.0
[READ], 582, 1.0
[READ], 583, 2.0
[READ], 584, 2.0
[READ], 586, 1.0
[READ], 590, 1.0
[READ], 591, 1.0
[READ], 595, 3.0
[READ], 596, 2.0
[READ], 597, 2.0
[READ], 599, 1.0
[READ], 600, 1.0
[READ], 601, 1.0
[READ], 602, 2.0
[READ], 604, 2.0
[READ], 606, 2.0
[READ], 607, 1.0
[READ], 613, 2.0
[READ], 616, 3.0
[READ], 618, 2.0
[READ], 619, 1.0
[READ], 622, 1.0
[READ], 624, 1.0
[READ], 626, 2.0
[READ], 628, 2.0
[READ], 630, 1.0
[READ], 631, 2.0
[READ], 632, 1.0
[READ], 633, 1.0
[READ], 634, 2.0
[READ], 635, 1.0
[READ], 636, 1.0
[READ], 637, 1.0
[READ], 639, 1.0
[READ], 643, 2.0
[READ], 645, 1.0
[READ], 646, 1.0
[READ], 648, 1.0
[READ], 649, 1.0
[READ], 650, 1.0
[READ], 652, 3.0
[READ], 654, 1.0
[READ], 656, 3.0
[READ], 660, 1.0
[READ], 662, 1.0
[READ], 663, 1.0
[READ], 666, 1.0
[READ], 668, 2.0
[READ], 669, 1.0
[READ], 670, 1.0
[READ], 672, 2.0
[READ], 676, 2.0
[READ], 678, 1.0
[READ], 679, 3.0
[READ], 680, 1.0
[READ], 681, 1.0
[READ], 683, 1.0
[READ], 687, 3.0
[READ], 693, 1.0
[READ], 695, 1.0
[READ], 697, 2.0
[READ], 698, 1.0
[READ], 699, 2.0
[READ], 702, 1.0
[READ], 708, 1.0
[READ], 709, 1.0
[READ], 711, 1.0
[READ], 713, 1.0
[READ], 714, 1.0
[READ], 719, 1.0
[READ], 720, 1.0
[READ], 724, 1.0
[READ], 726, 1.0
[READ], 727, 2.0
[READ], 730, 1.0
[READ], 732, 1.0
[READ], 736, 1.0
[READ], 738, 1.0
[READ], 739, 1.0
[READ], 740, 1.0
[READ], 743, 1.0
[READ], 744, 1.0
[READ], 747, 1.0
[READ], 750, 1.0
[READ], 754, 1.0
[READ], 756, 1.0
[READ], 758, 1.0
[READ], 764, 3.0
[READ], 769, 1.0
[READ], 774, 1.0
[READ], 775, 1.0
[READ], 778, 3.0
[READ], 779, 2.0
[READ], 781, 1.0
[READ], 782, 2.0
[READ], 783, 2.0
[READ], 785, 1.0
[READ], 786, 3.0
[READ], 789, 1.0
[READ], 797, 1.0
[READ], 799, 1.0
[READ], 808, 1.0
[READ], 809, 1.0
[READ], 810, 1.0
[READ], 811, 2.0
[READ], 812, 1.0
[READ], 813, 1.0
[READ], 814, 1.0
[READ], 815, 2.0
[READ], 816, 2.0
[READ], 817, 2.0
[READ], 818, 2.0
[READ], 819, 2.0
[READ], 821, 2.0
[READ], 822, 2.0
[READ], 823, 2.0
[READ], 824, 2.0
[READ], 826, 1.0
[READ], 827, 2.0
[READ], 828, 1.0
[READ], 829, 4.0
[READ], 830, 1.0
[READ], 831, 2.0
[READ], 833, 3.0
[READ], 834, 1.0
[READ], 835, 2.0
[READ], 837, 2.0
[READ], 838, 3.0
[READ], 839, 1.0
[READ], 841, 1.0
[READ], 842, 2.0
[READ], 843, 1.0
[READ], 844, 1.0
[READ], 847, 2.0
[READ], 848, 1.0
[READ], 850, 1.0
[READ], 851, 2.0
[READ], 852, 1.0
[READ], 854, 1.0
[READ], 855, 1.0
[READ], 856, 3.0
[READ], 857, 2.0
[READ], 859, 2.0
[READ], 866, 2.0
[READ], 867, 2.0
[READ], 869, 3.0
[READ], 872, 1.0
[READ], 873, 1.0
[READ], 875, 1.0
[READ], 877, 1.0
[READ], 879, 1.0
[READ], 881, 1.0
[READ], 883, 1.0
[READ], 884, 3.0
[READ], 889, 1.0
[READ], 901, 1.0
[READ], 904, 1.0
[READ], 908, 1.0
[READ], 910, 1.0
[READ], 914, 1.0
[READ], 921, 1.0
[READ], 922, 1.0
[READ], 925, 1.0
[READ], 926, 1.0
[READ], 931, 1.0
[READ], 936, 1.0
[READ], 939, 2.0
[READ], 940, 1.0
[READ], 941, 1.0
[READ], 943, 1.0
[READ], 945, 1.0
[READ], 954, 1.0
[READ], 963, 1.0
[READ], 965, 1.0
[READ], 974, 1.0
[READ], 979, 2.0
[READ], 981, 1.0
[READ], 983, 1.0
[READ], 986, 1.0
[READ], 990, 1.0
[READ], 1001, 1.0
[READ], 1004, 1.0
[READ], 1007, 1.0
[READ], 1009, 1.0
[READ], 1011, 1.0
[READ], 1015, 1.0
[READ], 1016, 1.0
[READ], 1017, 1.0
[READ], 1018, 1.0
[READ], 1020, 1.0
[READ], 1022, 1.0
[READ], 1023, 1.0
[READ], 1036, 1.0
[READ], 1043, 1.0
[READ], 1045, 1.0
[READ], 1046, 1.0
[READ], 1047, 1.0
[READ], 1050, 1.0
[READ], 1056, 1.0
[READ], 1057, 1.0
[READ], 1059, 1.0
[READ], 1060, 1.0
[READ], 1061, 1.0
[READ], 1066, 1.0
[READ], 1067, 1.0
[READ], 1068, 1.0
[READ], 1079, 1.0
[READ], 1080, 1.0
[READ], 1092, 1.0
[READ], 1098, 1.0
[READ], 1101, 1.0
[READ], 1102, 1.0
[READ], 1107, 1.0
[READ], 1110, 1.0
[READ], 1142, 1.0
[READ], 1148, 1.0
[READ], 1155, 1.0
[READ], 1160, 1.0
[READ], 1164, 1.0
[READ], 1166, 1.0
[READ], 1171, 1.0
[READ], 1172, 1.0
[READ], 1173, 1.0
[READ], 1174, 1.0
[READ], 1181, 1.0
[READ], 1182, 2.0
[READ], 1192, 1.0
[READ], 1193, 2.0
[READ], 1198, 1.0
[READ], 1205, 1.0
[READ], 1206, 1.0
[READ], 1208, 1.0
[READ], 1209, 2.0
[READ], 1212, 1.0
[READ], 1215, 1.0
[READ], 1216, 1.0
[READ], 1218, 1.0
[READ], 1223, 1.0
[READ], 1226, 1.0
[READ], 1227, 1.0
[READ], 1229, 3.0
[READ], 1231, 1.0
[READ], 1232, 1.0
[READ], 1233, 2.0
[READ], 1234, 1.0
[READ], 1243, 2.0
[READ], 1247, 2.0
[READ], 1250, 1.0
[READ], 1252, 1.0
[READ], 1254, 1.0
[READ], 1255, 2.0
[READ], 1256, 2.0
[READ], 1258, 3.0
[READ], 1261, 1.0
[READ], 1262, 1.0
[READ], 1264, 1.0
[READ], 1268, 1.0
[READ], 1270, 1.0
[READ], 1274, 1.0
[READ], 1286, 1.0
[READ], 1288, 2.0
[READ], 1321, 1.0
[READ], 1342, 1.0
[READ], 1344, 1.0
[READ], 1347, 1.0
[READ], 1357, 1.0
[READ], 1360, 1.0
[READ], 1362, 1.0
[READ], 1363, 1.0
[READ], 1370, 2.0
[READ], 1376, 1.0
[READ], 1378, 1.0
[READ], 1380, 1.0
[READ], 1387, 1.0
[READ], 1389, 1.0
[READ], 1390, 1.0
[READ], 1395, 1.0
[READ], 1397, 1.0
[READ], 1407, 1.0
[READ], 1412, 1.0
[READ], 1425, 1.0
[READ], 1427, 1.0
[READ], 1429, 1.0
[READ], 1434, 1.0
[READ], 1440, 1.0
[READ], 1441, 1.0
[READ], 1453, 1.0
[READ], 1456, 1.0
[READ], 1463, 1.0
[READ], 1465, 1.0
[READ], 1492, 1.0
[READ], 1497, 1.0
[READ], 1503, 1.0
[READ], 1511, 1.0
[READ], 1514, 1.0
[READ], 1517, 1.0
[READ], 1549, 1.0
[READ], 1558, 1.0
[READ], 1567, 1.0
[READ], 1574, 1.0
[READ], 1575, 1.0
[READ], 1582, 1.0
[READ], 1590, 1.0
[READ], 1599, 1.0
[READ], 1607, 1.0
[READ], 1614, 1.0
[READ], 1621, 2.0
[READ], 1622, 1.0
[READ], 1640, 1.0
[READ], 1641, 1.0
[READ], 1643, 1.0
[READ], 1648, 1.0
[READ], 1654, 2.0
[READ], 1657, 1.0
[READ], 1662, 1.0
[READ], 1670, 1.0
[READ], 1673, 1.0
[READ], 1697, 1.0
[READ], 1700, 1.0
[READ], 1703, 1.0
[READ], 1709, 1.0
[READ], 1734, 1.0
[READ], 1761, 1.0
[READ], 1767, 2.0
[READ], 1769, 1.0
[READ], 1776, 1.0
[READ], 1783, 1.0
[READ], 1792, 1.0
[READ], 1811, 1.0
[READ], 1816, 1.0
[READ], 1820, 2.0
[READ], 1827, 1.0
[READ], 1829, 1.0
[READ], 1837, 1.0
[READ], 1862, 1.0
[READ], 1870, 2.0
[READ], 1874, 1.0
[READ], 1878, 1.0
[READ], 1880, 1.0
[READ], 1916, 1.0
[READ], 1919, 1.0
[READ], 1923, 1.0
[READ], 1926, 1.0
[READ], 1936, 1.0
[READ], 1937, 1.0
[READ], 1940, 1.0
[READ], 1944, 1.0
[READ], 1951, 1.0
[READ], 1968, 2.0
[READ], 2021, 1.0
[READ], 2029, 1.0
[READ], 2031, 1.0
[READ], 2034, 1.0
[READ], 2055, 1.0
[READ], 2065, 1.0
[READ], 2077, 1.0
[READ], 2105, 1.0
[READ], 2127, 1.0
[READ], 2145, 1.0
[READ], 2147, 1.0
[READ], 2255, 1.0
[READ], 2277, 1.0
[READ], 2293, 1.0
[READ], 2295, 1.0
[READ], 2317, 1.0
[READ], 2323, 2.0
[READ], 2385, 1.0
[READ], 2399, 1.0
[READ], 2469, 1.0
[READ], 2471, 1.0
[READ], 2481, 1.0
[READ], 2503, 1.0
[READ], 2523, 1.0
[READ], 2535, 1.0
[READ], 2647, 1.0
[READ], 2663, 1.0
[READ], 2705, 1.0
[READ], 2719, 1.0
[READ], 2765, 1.0
[READ], 2777, 2.0
[READ], 2781, 1.0
[READ], 2801, 1.0
[READ], 2803, 2.0
[READ], 2807, 1.0
[READ], 2849, 1.0
[READ], 2901, 1.0
[READ], 2905, 1.0
[READ], 2909, 1.0
[READ], 2951, 1.0
[READ], 2955, 1.0
[READ], 3001, 1.0
[READ], 3031, 1.0
[READ], 3123, 1.0
[READ], 3143, 1.0
[READ], 3149, 1.0
[READ], 3151, 1.0
[READ], 3205, 1.0
[READ], 3207, 1.0
[READ], 3273, 1.0
[READ], 3317, 1.0
[READ], 3319, 1.0
[READ], 3325, 1.0
[READ], 3333, 1.0
[READ], 3337, 1.0
[READ], 3401, 1.0
[READ], 3433, 1.0
[READ], 3435, 1.0
[READ], 3449, 2.0
[READ], 3451, 1.0
[READ], 3459, 1.0
[READ], 3493, 1.0
[READ], 3621, 1.0
[READ], 3639, 1.0
[READ], 3649, 1.0
[READ], 3681, 1.0
[READ], 3729, 1.0
[READ], 3745, 1.0
[READ], 3777, 1.0
[READ], 3783, 1.0
[READ], 3801, 1.0
[READ], 3831, 1.0
[READ], 3853, 1.0
[READ], 3879, 1.0
[READ], 3899, 2.0
[READ], 3917, 1.0
[READ], 3941, 1.0
[READ], 3955, 1.0
[READ], 3993, 1.0
[READ], 4001, 1.0
[READ], 4005, 1.0
[READ], 4073, 1.0
[READ], 4093, 1.0
[READ], 4155, 1.0
[READ], 4183, 1.0
[READ], 4247, 1.0
[READ], 4279, 1.0
[READ], 4319, 1.0
[READ], 4331, 1.0
[READ], 4471, 1.0
[READ], 4499, 2.0
[READ], 4539, 1.0
[READ], 4543, 1.0
[READ], 4675, 2.0
[READ], 4679, 1.0
[READ], 4683, 1.0
[READ], 4691, 1.0
[READ], 4727, 1.0
[READ], 4735, 1.0
[READ], 4747, 2.0
[READ], 4771, 1.0
[READ], 4811, 2.0
[READ], 4887, 1.0
[READ], 4891, 1.0
[READ], 4907, 1.0
[READ], 4923, 1.0
[READ], 4927, 1.0
[READ], 4931, 1.0
[READ], 4943, 1.0
[READ], 4947, 1.0
[READ], 4967, 1.0
[READ], 5103, 1.0
[READ], 5127, 1.0
[READ], 5135, 1.0
[READ], 5163, 1.0
[READ], 5187, 3.0
[READ], 5211, 2.0
[READ], 5275, 1.0
[READ], 5319, 1.0
[READ], 5359, 1.0
[READ], 5435, 1.0
[READ], 5459, 1.0
[READ], 5467, 1.0
[READ], 5479, 1.0
[READ], 5495, 1.0
[READ], 5511, 1.0
[READ], 5523, 1.0
[READ], 5551, 1.0
[READ], 5631, 1.0
[READ], 5683, 1.0
[READ], 5711, 1.0
[READ], 5815, 1.0
[READ], 5823, 1.0
[READ], 5847, 3.0
[READ], 5855, 1.0
[READ], 5899, 1.0
[READ], 5967, 1.0
[READ], 5971, 1.0
[READ], 5995, 1.0
[READ], 6031, 1.0
[READ], 6071, 1.0
[READ], 6107, 1.0
[READ], 6147, 1.0
[READ], 6159, 1.0
[READ], 6163, 1.0
[READ], 6271, 1.0
[READ], 6299, 1.0
[READ], 6347, 1.0
[READ], 6387, 1.0
[READ], 6407, 1.0
[READ], 6423, 1.0
[READ], 6495, 1.0
[READ], 6531, 1.0
[READ], 6567, 1.0
[READ], 6595, 1.0
[READ], 6603, 1.0
[READ], 6651, 1.0
[READ], 6707, 1.0
[READ], 6727, 1.0
[READ], 6751, 1.0
[READ], 6791, 1.0
[READ], 6803, 1.0
[READ], 6811, 1.0
[READ], 6851, 1.0
[READ], 6855, 1.0
[READ], 6859, 1.0
[READ], 6967, 1.0
[READ], 7035, 1.0
[READ], 7091, 1.0
[READ], 7171, 1.0
[READ], 7303, 1.0
[READ], 7311, 1.0
[READ], 7379, 1.0
[READ], 7395, 1.0
[READ], 7415, 2.0
[READ], 7519, 1.0
[READ], 7555, 1.0
[READ], 7563, 2.0
[READ], 7567, 1.0
[READ], 7599, 2.0
[READ], 7607, 1.0
[READ], 7627, 1.0
[READ], 7635, 1.0
[READ], 7639, 2.0
[READ], 7655, 1.0
[READ], 7699, 1.0
[READ], 7847, 1.0
[READ], 7899, 1.0
[READ], 7927, 1.0
[READ], 7983, 1.0
[READ], 8263, 1.0
[READ], 8375, 1.0
[READ], 8527, 1.0
[READ], 8687, 1.0
[READ], 8815, 1.0
[READ], 9311, 1.0
[READ], 9575, 1.0
[READ], 9583, 1.0
[READ], 9919, 1.0
[READ], 10231, 2.0
[READ], 10615, 1.0
[READ], 11223, 1.0
[READ], 11287, 1.0
[READ], 11295, 1.0
[READ], 11303, 1.0
[READ], 11311, 1.0
[READ], 11815, 1.0
[READ], 11823, 2.0
[READ], 12119, 1.0
[READ], 12143, 2.0
[READ], 12151, 1.0
[READ], 12159, 1.0
[READ], 12287, 1.0
[READ], 12303, 1.0
[READ], 12319, 1.0
[READ], 12415, 1.0
[READ], 12423, 1.0
[READ], 12431, 1.0
[READ], 12447, 1.0
[READ], 12503, 2.0
[READ], 12551, 1.0
[READ], 12671, 1.0
[READ], 12695, 1.0
[READ], 12791, 1.0
[READ], 12967, 1.0
[READ], 13039, 1.0
[READ], 13063, 1.0
[READ], 13095, 1.0
[READ], 13103, 2.0
[READ], 13159, 1.0
[READ], 13319, 1.0
[READ], 13359, 1.0
[READ], 13431, 1.0
[READ], 13463, 1.0
[READ], 13503, 1.0
[READ], 13527, 1.0
[READ], 13615, 1.0
[READ], 13687, 1.0
[READ], 13767, 1.0
[READ], 13823, 1.0
[READ], 13831, 2.0
[READ], 13839, 1.0
[READ], 13959, 1.0
[READ], 13975, 1.0
[READ], 14015, 1.0
[READ], 14039, 1.0
[READ], 14047, 1.0
[READ], 14079, 1.0
[READ], 14087, 1.0
[READ], 14095, 1.0
[READ], 14103, 1.0
[READ], 14167, 1.0
[READ], 14231, 1.0
[READ], 14279, 1.0
[READ], 14303, 1.0
[READ], 14311, 2.0
[READ], 14335, 1.0
[READ], 14439, 1.0
[READ], 14599, 1.0
[READ], 14623, 1.0
[READ], 14631, 1.0
[READ], 14663, 2.0
[READ], 14671, 1.0
[READ], 14967, 1.0
[READ], 14991, 2.0
[READ], 15015, 1.0
[READ], 15047, 1.0
[READ], 15071, 1.0
[READ], 15135, 1.0
[READ], 15159, 2.0
[READ], 15167, 1.0
[READ], 15175, 3.0
[READ], 15223, 1.0
[READ], 15335, 1.0
[READ], 15391, 1.0
[READ], 15487, 1.0
[READ], 15567, 1.0
[READ], 15623, 1.0
[READ], 15759, 1.0
[READ], 15775, 1.0
[READ], 15783, 1.0
[READ], 15863, 2.0
[READ], 15871, 1.0
[READ], 15879, 1.0
[READ], 15895, 2.0
[READ], 15951, 1.0
[READ], 15975, 2.0
[READ], 15983, 2.0
[READ], 16175, 1.0
[READ], 16463, 1.0
[READ], 16703, 1.0
[READ], 16831, 1.0
[READ], 16847, 1.0
[READ], 17135, 1.0
[READ], 17263, 1.0
[READ], 17295, 1.0
[READ], 17487, 1.0
[READ], 17519, 1.0
[READ], 17567, 2.0
[READ], 17583, 1.0
[READ], 17679, 1.0
[READ], 17871, 1.0
[READ], 18447, 1.0
[READ], 18479, 1.0
[READ], 18527, 1.0
[READ], 18735, 1.0
[READ], 21679, 1.0
[READ], 22239, 1.0
[READ], 22271, 1.0
[READ], 22319, 1.0
[READ], 22415, 1.0
[READ], 22463, 1.0
[READ], 25439, 1.0
[READ], 25599, 1.0
[READ], 25823, 1.0
[READ], 27023, 1.0
[READ], 27199, 1.0
[READ], 28015, 1.0
[READ], 28447, 1.0
[READ], 28719, 1.0
[READ], 29503, 1.0
[READ], 31743, 2.0
[READ], 31999, 1.0
[READ], 34911, 1.0
[READ], 35039, 1.0
[READ], 48767, 1.0
[READ], 49055, 1.0
[READ], 91007, 1.0
[READ], 91327, 1.0
[READ], 95999, 1.0
[READ], 96191, 1.0
[READ], 96255, 2.0
[READ], 96319, 1.0
[READ], 99711, 1.0
[READ], 99967, 3.0
[READ], 100031, 1.0
[READ], 114623, 1.0
[READ], 114751, 2.0
[READ], 114815, 2.0
[READ], 141823, 4.0
[READ], 155135, 1.0
[READ], 155263, 2.0
[READ], 216319, 5.0
[READ], 272639, 1.0
[READ], 272895, 4.0
[READ], 313343, 1.0
[READ], 314623, 1.0
[READ], 321791, 1.0
[READ], 326655, 1.0
[READ], 326911, 1.0
[CLEANUP], Operations, 10
[CLEANUP], AverageLatency(us), 315439.7
[CLEANUP], MinLatency(us), 34
[CLEANUP], MaxLatency(us), 3151871
[CLEANUP], 95thPercentileLatency(us), 3151871
[CLEANUP], 99thPercentileLatency(us), 3151871
[CLEANUP], 34, 1.0
[CLEANUP], 36, 1.0
[CLEANUP], 40, 2.0
[CLEANUP], 56, 1.0
[CLEANUP], 80, 1.0
[CLEANUP], 171, 1.0
[CLEANUP], 403, 1.0
[CLEANUP], 2689, 1.0
[CLEANUP], 3151871, 1.0
[UPDATE], Operations, 1999848
[UPDATE], AverageLatency(us), 50.89877330677132
[UPDATE], MinLatency(us), 16
[UPDATE], MaxLatency(us), 326655
[UPDATE], 95thPercentileLatency(us), 56
[UPDATE], 99thPercentileLatency(us), 79
[UPDATE], Return=OK, 1999848
[UPDATE], 16, 16.0
[UPDATE], 17, 46.0
[UPDATE], 18, 106.0
[UPDATE], 19, 109.0
[UPDATE], 20, 93.0
[UPDATE], 21, 99.0
[UPDATE], 22, 224.0
[UPDATE], 23, 580.0
[UPDATE], 24, 1260.0
[UPDATE], 25, 2095.0
[UPDATE], 26, 2507.0
[UPDATE], 27, 2990.0
[UPDATE], 28, 3954.0
[UPDATE], 29, 5989.0
[UPDATE], 30, 9571.0
[UPDATE], 31, 16022.0
[UPDATE], 32, 25521.0
[UPDATE], 33, 39027.0
[UPDATE], 34, 56964.0
[UPDATE], 35, 77851.0
[UPDATE], 36, 101206.0
[UPDATE], 37, 123725.0
[UPDATE], 38, 143004.0
[UPDATE], 39, 154534.0
[UPDATE], 40, 159437.0
[UPDATE], 41, 154980.0
[UPDATE], 42, 143594.0
[UPDATE], 43, 126958.0
[UPDATE], 44, 108304.0
[UPDATE], 45, 90726.0
[UPDATE], 46, 74076.0
[UPDATE], 47, 59794.0
[UPDATE], 48, 48155.0
[UPDATE], 49, 38985.0
[UPDATE], 50, 31977.0
[UPDATE], 51, 26266.0
[UPDATE], 52, 21753.0
[UPDATE], 53, 18365.0
[UPDATE], 54, 15433.0
[UPDATE], 55, 13122.0
[UPDATE], 56, 11038.0
[UPDATE], 57, 9538.0
[UPDATE], 58, 8249.0
[UPDATE], 59, 7179.0
[UPDATE], 60, 6259.0
[UPDATE], 61, 5246.0
[UPDATE], 62, 4586.0
[UPDATE], 63, 3985.0
[UPDATE], 64, 3535.0
[UPDATE], 65, 2972.0
[UPDATE], 66, 2626.0
[UPDATE], 67, 2311.0
[UPDATE], 68, 2041.0
[UPDATE], 69, 1752.0
[UPDATE], 70, 1536.0
[UPDATE], 71, 1339.0
[UPDATE], 72, 1157.0
[UPDATE], 73, 1033.0
[UPDATE], 74, 939.0
[UPDATE], 75, 771.0
[UPDATE], 76, 724.0
[UPDATE], 77, 640.0
[UPDATE], 78, 569.0
[UPDATE], 79, 509.0
[UPDATE], 80, 459.0
[UPDATE], 81, 455.0
[UPDATE], 82, 365.0
[UPDATE], 83, 352.0
[UPDATE], 84, 345.0
[UPDATE], 85, 313.0
[UPDATE], 86, 287.0
[UPDATE], 87, 245.0
[UPDATE], 88, 245.0
[UPDATE], 89, 216.0
[UPDATE], 90, 186.0
[UPDATE], 91, 186.0
[UPDATE], 92, 176.0
[UPDATE], 93, 188.0
[UPDATE], 94, 166.0
[UPDATE], 95, 153.0
[UPDATE], 96, 157.0
[UPDATE], 97, 159.0
[UPDATE], 98, 135.0
[UPDATE], 99, 133.0
[UPDATE], 100, 127.0
[UPDATE], 101, 103.0
[UPDATE], 102, 107.0
[UPDATE], 103, 104.0
[UPDATE], 104, 113.0
[UPDATE], 105, 97.0
[UPDATE], 106, 99.0
[UPDATE], 107, 100.0
[UPDATE], 108, 84.0
[UPDATE], 109, 77.0
[UPDATE], 110, 77.0
[UPDATE], 111, 74.0
[UPDATE], 112, 82.0
[UPDATE], 113, 75.0
[UPDATE], 114, 87.0
[UPDATE], 115, 67.0
[UPDATE], 116, 85.0
[UPDATE], 117, 86.0
[UPDATE], 118, 91.0
[UPDATE], 119, 60.0
[UPDATE], 120, 68.0
[UPDATE], 121, 86.0
[UPDATE], 122, 69.0
[UPDATE], 123, 83.0
[UPDATE], 124, 84.0
[UPDATE], 125, 85.0
[UPDATE], 126, 73.0
[UPDATE], 127, 89.0
[UPDATE], 128, 80.0
[UPDATE], 129, 89.0
[UPDATE], 130, 84.0
[UPDATE], 131, 81.0
[UPDATE], 132, 69.0
[UPDATE], 133, 71.0
[UPDATE], 134, 65.0
[UPDATE], 135, 71.0
[UPDATE], 136, 59.0
[UPDATE], 137, 68.0
[UPDATE], 138, 67.0
[UPDATE], 139, 62.0
[UPDATE], 140, 71.0
[UPDATE], 141, 67.0
[UPDATE], 142, 52.0
[UPDATE], 143, 53.0
[UPDATE], 144, 56.0
[UPDATE], 145, 53.0
[UPDATE], 146, 49.0
[UPDATE], 147, 54.0
[UPDATE], 148, 39.0
[UPDATE], 149, 51.0
[UPDATE], 150, 42.0
[UPDATE], 151, 44.0
[UPDATE], 152, 53.0
[UPDATE], 153, 39.0
[UPDATE], 154, 42.0
[UPDATE], 155, 38.0
[UPDATE], 156, 45.0
[UPDATE], 157, 35.0
[UPDATE], 158, 40.0
[UPDATE], 159, 40.0
[UPDATE], 160, 39.0
[UPDATE], 161, 35.0
[UPDATE], 162, 36.0
[UPDATE], 163, 34.0
[UPDATE], 164, 20.0
[UPDATE], 165, 30.0
[UPDATE], 166, 25.0
[UPDATE], 167, 33.0
[UPDATE], 168, 25.0
[UPDATE], 169, 36.0
[UPDATE], 170, 25.0
[UPDATE], 171, 23.0
[UPDATE], 172, 22.0
[UPDATE], 173, 26.0
[UPDATE], 174, 18.0
[UPDATE], 175, 18.0
[UPDATE], 176, 10.0
[UPDATE], 177, 17.0
[UPDATE], 178, 13.0
[UPDATE], 179, 15.0
[UPDATE], 180, 15.0
[UPDATE], 181, 15.0
[UPDATE], 182, 16.0
[UPDATE], 183, 11.0
[UPDATE], 184, 17.0
[UPDATE], 185, 17.0
[UPDATE], 186, 11.0
[UPDATE], 187, 13.0
[UPDATE], 188, 12.0
[UPDATE], 189, 11.0
[UPDATE], 190, 8.0
[UPDATE], 191, 9.0
[UPDATE], 192, 8.0
[UPDATE], 193, 7.0
[UPDATE], 194, 10.0
[UPDATE], 195, 8.0
[UPDATE], 196, 4.0
[UPDATE], 197, 8.0
[UPDATE], 198, 7.0
[UPDATE], 199, 3.0
[UPDATE], 200, 11.0
[UPDATE], 201, 4.0
[UPDATE], 202, 4.0
[UPDATE], 203, 4.0
[UPDATE], 204, 4.0
[UPDATE], 205, 7.0
[UPDATE], 206, 7.0
[UPDATE], 207, 2.0
[UPDATE], 208, 7.0
[UPDATE], 209, 6.0
[UPDATE], 210, 4.0
[UPDATE], 211, 5.0
[UPDATE], 212, 8.0
[UPDATE], 213, 5.0
[UPDATE], 214, 6.0
[UPDATE], 215, 2.0
[UPDATE], 216, 2.0
[UPDATE], 217, 5.0
[UPDATE], 218, 5.0
[UPDATE], 219, 5.0
[UPDATE], 220, 4.0
[UPDATE], 221, 2.0
[UPDATE], 222, 4.0
[UPDATE], 223, 4.0
[UPDATE], 224, 8.0
[UPDATE], 225, 3.0
[UPDATE], 226, 6.0
[UPDATE], 227, 6.0
[UPDATE], 228, 3.0
[UPDATE], 229, 9.0
[UPDATE], 230, 4.0
[UPDATE], 231, 2.0
[UPDATE], 232, 3.0
[UPDATE], 233, 5.0
[UPDATE], 234, 4.0
[UPDATE], 235, 4.0
[UPDATE], 236, 1.0
[UPDATE], 237, 4.0
[UPDATE], 238, 5.0
[UPDATE], 239, 6.0
[UPDATE], 240, 7.0
[UPDATE], 241, 2.0
[UPDATE], 242, 4.0
[UPDATE], 243, 2.0
[UPDATE], 244, 2.0
[UPDATE], 245, 3.0
[UPDATE], 246, 1.0
[UPDATE], 247, 5.0
[UPDATE], 248, 2.0
[UPDATE], 249, 1.0
[UPDATE], 250, 3.0
[UPDATE], 251, 4.0
[UPDATE], 252, 5.0
[UPDATE], 253, 2.0
[UPDATE], 254, 4.0
[UPDATE], 255, 4.0
[UPDATE], 256, 3.0
[UPDATE], 257, 3.0
[UPDATE], 258, 1.0
[UPDATE], 260, 1.0
[UPDATE], 261, 2.0
[UPDATE], 262, 3.0
[UPDATE], 263, 2.0
[UPDATE], 264, 4.0
[UPDATE], 265, 5.0
[UPDATE], 267, 2.0
[UPDATE], 269, 2.0
[UPDATE], 270, 2.0
[UPDATE], 271, 3.0
[UPDATE], 272, 2.0
[UPDATE], 273, 3.0
[UPDATE], 274, 2.0
[UPDATE], 275, 3.0
[UPDATE], 276, 1.0
[UPDATE], 277, 1.0
[UPDATE], 281, 3.0
[UPDATE], 282, 3.0
[UPDATE], 283, 2.0
[UPDATE], 284, 1.0
[UPDATE], 285, 4.0
[UPDATE], 286, 1.0
[UPDATE], 287, 3.0
[UPDATE], 288, 2.0
[UPDATE], 289, 1.0
[UPDATE], 290, 3.0
[UPDATE], 292, 2.0
[UPDATE], 293, 4.0
[UPDATE], 295, 2.0
[UPDATE], 297, 1.0
[UPDATE], 298, 3.0
[UPDATE], 301, 2.0
[UPDATE], 302, 1.0
[UPDATE], 303, 2.0
[UPDATE], 304, 1.0
[UPDATE], 306, 2.0
[UPDATE], 307, 3.0
[UPDATE], 309, 1.0
[UPDATE], 310, 1.0
[UPDATE], 312, 1.0
[UPDATE], 314, 3.0
[UPDATE], 317, 1.0
[UPDATE], 318, 2.0
[UPDATE], 321, 1.0
[UPDATE], 323, 1.0
[UPDATE], 324, 2.0
[UPDATE], 325, 3.0
[UPDATE], 326, 1.0
[UPDATE], 327, 1.0
[UPDATE], 328, 2.0
[UPDATE], 332, 1.0
[UPDATE], 334, 2.0
[UPDATE], 335, 2.0
[UPDATE], 336, 4.0
[UPDATE], 337, 3.0
[UPDATE], 338, 5.0
[UPDATE], 339, 3.0
[UPDATE], 340, 6.0
[UPDATE], 341, 7.0
[UPDATE], 342, 8.0
[UPDATE], 343, 13.0
[UPDATE], 344, 22.0
[UPDATE], 345, 31.0
[UPDATE], 346, 52.0
[UPDATE], 347, 70.0
[UPDATE], 348, 88.0
[UPDATE], 349, 116.0
[UPDATE], 350, 120.0
[UPDATE], 351, 156.0
[UPDATE], 352, 179.0
[UPDATE], 353, 207.0
[UPDATE], 354, 206.0
[UPDATE], 355, 260.0
[UPDATE], 356, 280.0
[UPDATE], 357, 301.0
[UPDATE], 358, 303.0
[UPDATE], 359, 319.0
[UPDATE], 360, 309.0
[UPDATE], 361, 277.0
[UPDATE], 362, 259.0
[UPDATE], 363, 260.0
[UPDATE], 364, 232.0
[UPDATE], 365, 188.0
[UPDATE], 366, 181.0
[UPDATE], 367, 166.0
[UPDATE], 368, 129.0
[UPDATE], 369, 106.0
[UPDATE], 370, 99.0
[UPDATE], 371, 104.0
[UPDATE], 372, 65.0
[UPDATE], 373, 62.0
[UPDATE], 374, 68.0
[UPDATE], 375, 53.0
[UPDATE], 376, 73.0
[UPDATE], 377, 63.0
[UPDATE], 378, 56.0
[UPDATE], 379, 60.0
[UPDATE], 380, 34.0
[UPDATE], 381, 52.0
[UPDATE], 382, 61.0
[UPDATE], 383, 36.0
[UPDATE], 384, 45.0
[UPDATE], 385, 47.0
[UPDATE], 386, 41.0
[UPDATE], 387, 31.0
[UPDATE], 388, 30.0
[UPDATE], 389, 30.0
[UPDATE], 390, 26.0
[UPDATE], 391, 20.0
[UPDATE], 392, 20.0
[UPDATE], 393, 21.0
[UPDATE], 394, 24.0
[UPDATE], 395, 21.0
[UPDATE], 396, 32.0
[UPDATE], 397, 19.0
[UPDATE], 398, 23.0
[UPDATE], 399, 31.0
[UPDATE], 400, 27.0
[UPDATE], 401, 28.0
[UPDATE], 402, 30.0
[UPDATE], 403, 47.0
[UPDATE], 404, 38.0
[UPDATE], 405, 46.0
[UPDATE], 406, 34.0
[UPDATE], 407, 46.0
[UPDATE], 408, 32.0
[UPDATE], 409, 36.0
[UPDATE], 410, 27.0
[UPDATE], 411, 38.0
[UPDATE], 412, 34.0
[UPDATE], 413, 31.0
[UPDATE], 414, 32.0
[UPDATE], 415, 29.0
[UPDATE], 416, 24.0
[UPDATE], 417, 26.0
[UPDATE], 418, 19.0
[UPDATE], 419, 23.0
[UPDATE], 420, 25.0
[UPDATE], 421, 18.0
[UPDATE], 422, 14.0
[UPDATE], 423, 11.0
[UPDATE], 424, 12.0
[UPDATE], 425, 17.0
[UPDATE], 426, 18.0
[UPDATE], 427, 16.0
[UPDATE], 428, 20.0
[UPDATE], 429, 22.0
[UPDATE], 430, 19.0
[UPDATE], 431, 15.0
[UPDATE], 432, 21.0
[UPDATE], 433, 12.0
[UPDATE], 434, 25.0
[UPDATE], 435, 20.0
[UPDATE], 436, 22.0
[UPDATE], 437, 28.0
[UPDATE], 438, 25.0
[UPDATE], 439, 29.0
[UPDATE], 440, 34.0
[UPDATE], 441, 29.0
[UPDATE], 442, 18.0
[UPDATE], 443, 24.0
[UPDATE], 444, 25.0
[UPDATE], 445, 19.0
[UPDATE], 446, 19.0
[UPDATE], 447, 29.0
[UPDATE], 448, 28.0
[UPDATE], 449, 22.0
[UPDATE], 450, 28.0
[UPDATE], 451, 22.0
[UPDATE], 452, 31.0
[UPDATE], 453, 28.0
[UPDATE], 454, 41.0
[UPDATE], 455, 25.0
[UPDATE], 456, 37.0
[UPDATE], 457, 36.0
[UPDATE], 458, 27.0
[UPDATE], 459, 27.0
[UPDATE], 460, 34.0
[UPDATE], 461, 28.0
[UPDATE], 462, 19.0
[UPDATE], 463, 21.0
[UPDATE], 464, 27.0
[UPDATE], 465, 12.0
[UPDATE], 466, 13.0
[UPDATE], 467, 13.0
[UPDATE], 468, 10.0
[UPDATE], 469, 11.0
[UPDATE], 470, 12.0
[UPDATE], 471, 11.0
[UPDATE], 472, 6.0
[UPDATE], 473, 9.0
[UPDATE], 474, 4.0
[UPDATE], 475, 8.0
[UPDATE], 476, 9.0
[UPDATE], 477, 10.0
[UPDATE], 478, 9.0
[UPDATE], 479, 6.0
[UPDATE], 480, 5.0
[UPDATE], 481, 8.0
[UPDATE], 482, 4.0
[UPDATE], 483, 3.0
[UPDATE], 484, 4.0
[UPDATE], 485, 4.0
[UPDATE], 486, 5.0
[UPDATE], 487, 1.0
[UPDATE], 488, 5.0
[UPDATE], 489, 3.0
[UPDATE], 490, 4.0
[UPDATE], 491, 1.0
[UPDATE], 492, 2.0
[UPDATE], 493, 3.0
[UPDATE], 494, 1.0
[UPDATE], 495, 5.0
[UPDATE], 496, 3.0
[UPDATE], 497, 2.0
[UPDATE], 498, 1.0
[UPDATE], 499, 6.0
[UPDATE], 500, 4.0
[UPDATE], 501, 3.0
[UPDATE], 502, 4.0
[UPDATE], 503, 1.0
[UPDATE], 504, 2.0
[UPDATE], 506, 3.0
[UPDATE], 507, 2.0
[UPDATE], 508, 2.0
[UPDATE], 509, 3.0
[UPDATE], 510, 5.0
[UPDATE], 511, 3.0
[UPDATE], 512, 7.0
[UPDATE], 513, 2.0
[UPDATE], 514, 3.0
[UPDATE], 515, 1.0
[UPDATE], 516, 4.0
[UPDATE], 517, 6.0
[UPDATE], 518, 5.0
[UPDATE], 519, 5.0
[UPDATE], 520, 3.0
[UPDATE], 522, 1.0
[UPDATE], 523, 3.0
[UPDATE], 524, 4.0
[UPDATE], 526, 1.0
[UPDATE], 527, 5.0
[UPDATE], 528, 4.0
[UPDATE], 529, 3.0
[UPDATE], 530, 2.0
[UPDATE], 531, 1.0
[UPDATE], 532, 2.0
[UPDATE], 533, 1.0
[UPDATE], 534, 4.0
[UPDATE], 535, 2.0
[UPDATE], 536, 4.0
[UPDATE], 537, 1.0
[UPDATE], 538, 1.0
[UPDATE], 539, 1.0
[UPDATE], 540, 3.0
[UPDATE], 541, 1.0
[UPDATE], 542, 6.0
[UPDATE], 543, 4.0
[UPDATE], 544, 5.0
[UPDATE], 545, 4.0
[UPDATE], 546, 3.0
[UPDATE], 547, 1.0
[UPDATE], 548, 2.0
[UPDATE], 550, 3.0
[UPDATE], 553, 3.0
[UPDATE], 555, 3.0
[UPDATE], 556, 2.0
[UPDATE], 557, 2.0
[UPDATE], 558, 1.0
[UPDATE], 561, 1.0
[UPDATE], 563, 1.0
[UPDATE], 564, 1.0
[UPDATE], 567, 1.0
[UPDATE], 568, 2.0
[UPDATE], 574, 1.0
[UPDATE], 576, 1.0
[UPDATE], 578, 1.0
[UPDATE], 580, 1.0
[UPDATE], 581, 2.0
[UPDATE], 582, 2.0
[UPDATE], 584, 1.0
[UPDATE], 586, 2.0
[UPDATE], 589, 2.0
[UPDATE], 590, 1.0
[UPDATE], 591, 1.0
[UPDATE], 593, 1.0
[UPDATE], 596, 2.0
[UPDATE], 599, 1.0
[UPDATE], 600, 1.0
[UPDATE], 607, 1.0
[UPDATE], 608, 1.0
[UPDATE], 609, 2.0
[UPDATE], 610, 1.0
[UPDATE], 613, 1.0
[UPDATE], 614, 2.0
[UPDATE], 616, 1.0
[UPDATE], 617, 1.0
[UPDATE], 619, 1.0
[UPDATE], 620, 2.0
[UPDATE], 623, 1.0
[UPDATE], 624, 1.0
[UPDATE], 630, 1.0
[UPDATE], 635, 1.0
[UPDATE], 636, 1.0
[UPDATE], 637, 2.0
[UPDATE], 638, 2.0
[UPDATE], 639, 1.0
[UPDATE], 641, 1.0
[UPDATE], 642, 1.0
[UPDATE], 643, 1.0
[UPDATE], 645, 2.0
[UPDATE], 646, 1.0
[UPDATE], 648, 1.0
[UPDATE], 650, 1.0
[UPDATE], 651, 1.0
[UPDATE], 652, 1.0
[UPDATE], 654, 1.0
[UPDATE], 655, 1.0
[UPDATE], 659, 1.0
[UPDATE], 660, 1.0
[UPDATE], 661, 2.0
[UPDATE], 662, 1.0
[UPDATE], 664, 1.0
[UPDATE], 667, 2.0
[UPDATE], 669, 1.0
[UPDATE], 670, 2.0
[UPDATE], 674, 1.0
[UPDATE], 677, 1.0
[UPDATE], 678, 3.0
[UPDATE], 680, 2.0
[UPDATE], 681, 2.0
[UPDATE], 682, 1.0
[UPDATE], 684, 1.0
[UPDATE], 685, 1.0
[UPDATE], 686, 2.0
[UPDATE], 689, 1.0
[UPDATE], 691, 1.0
[UPDATE], 693, 2.0
[UPDATE], 694, 2.0
[UPDATE], 695, 2.0
[UPDATE], 696, 1.0
[UPDATE], 698, 1.0
[UPDATE], 699, 2.0
[UPDATE], 702, 1.0
[UPDATE], 703, 1.0
[UPDATE], 704, 1.0
[UPDATE], 707, 1.0
[UPDATE], 713, 1.0
[UPDATE], 717, 1.0
[UPDATE], 718, 1.0
[UPDATE], 719, 2.0
[UPDATE], 725, 2.0
[UPDATE], 728, 1.0
[UPDATE], 730, 2.0
[UPDATE], 731, 1.0
[UPDATE], 732, 2.0
[UPDATE], 734, 2.0
[UPDATE], 735, 1.0
[UPDATE], 739, 1.0
[UPDATE], 740, 1.0
[UPDATE], 742, 1.0
[UPDATE], 743, 1.0
[UPDATE], 747, 2.0
[UPDATE], 752, 3.0
[UPDATE], 753, 1.0
[UPDATE], 756, 1.0
[UPDATE], 760, 1.0
[UPDATE], 762, 1.0
[UPDATE], 763, 1.0
[UPDATE], 767, 1.0
[UPDATE], 770, 1.0
[UPDATE], 771, 2.0
[UPDATE], 772, 2.0
[UPDATE], 777, 1.0
[UPDATE], 779, 1.0
[UPDATE], 783, 1.0
[UPDATE], 787, 1.0
[UPDATE], 791, 1.0
[UPDATE], 792, 2.0
[UPDATE], 794, 1.0
[UPDATE], 795, 1.0
[UPDATE], 796, 4.0
[UPDATE], 797, 3.0
[UPDATE], 798, 1.0
[UPDATE], 804, 1.0
[UPDATE], 808, 1.0
[UPDATE], 810, 1.0
[UPDATE], 811, 2.0
[UPDATE], 812, 1.0
[UPDATE], 813, 1.0
[UPDATE], 814, 2.0
[UPDATE], 817, 1.0
[UPDATE], 818, 1.0
[UPDATE], 819, 2.0
[UPDATE], 820, 1.0
[UPDATE], 827, 1.0
[UPDATE], 828, 3.0
[UPDATE], 829, 1.0
[UPDATE], 832, 2.0
[UPDATE], 833, 8.0
[UPDATE], 834, 8.0
[UPDATE], 835, 7.0
[UPDATE], 836, 6.0
[UPDATE], 837, 6.0
[UPDATE], 838, 7.0
[UPDATE], 839, 4.0
[UPDATE], 840, 5.0
[UPDATE], 841, 9.0
[UPDATE], 842, 3.0
[UPDATE], 843, 6.0
[UPDATE], 844, 3.0
[UPDATE], 845, 3.0
[UPDATE], 846, 3.0
[UPDATE], 847, 5.0
[UPDATE], 848, 2.0
[UPDATE], 849, 4.0
[UPDATE], 850, 1.0
[UPDATE], 851, 2.0
[UPDATE], 852, 4.0
[UPDATE], 853, 2.0
[UPDATE], 854, 1.0
[UPDATE], 855, 6.0
[UPDATE], 856, 1.0
[UPDATE], 857, 1.0
[UPDATE], 858, 6.0
[UPDATE], 859, 3.0
[UPDATE], 860, 2.0
[UPDATE], 861, 4.0
[UPDATE], 862, 2.0
[UPDATE], 864, 1.0
[UPDATE], 865, 4.0
[UPDATE], 866, 2.0
[UPDATE], 867, 3.0
[UPDATE], 868, 2.0
[UPDATE], 869, 4.0
[UPDATE], 870, 1.0
[UPDATE], 871, 2.0
[UPDATE], 873, 1.0
[UPDATE], 874, 2.0
[UPDATE], 875, 3.0
[UPDATE], 876, 2.0
[UPDATE], 877, 1.0
[UPDATE], 879, 1.0
[UPDATE], 880, 1.0
[UPDATE], 883, 1.0
[UPDATE], 885, 1.0
[UPDATE], 888, 2.0
[UPDATE], 890, 4.0
[UPDATE], 893, 1.0
[UPDATE], 894, 1.0
[UPDATE], 895, 4.0
[UPDATE], 899, 2.0
[UPDATE], 901, 1.0
[UPDATE], 902, 2.0
[UPDATE], 903, 1.0
[UPDATE], 905, 1.0
[UPDATE], 918, 1.0
[UPDATE], 923, 1.0
[UPDATE], 929, 1.0
[UPDATE], 933, 1.0
[UPDATE], 936, 1.0
[UPDATE], 949, 2.0
[UPDATE], 956, 1.0
[UPDATE], 957, 1.0
[UPDATE], 963, 1.0
[UPDATE], 965, 2.0
[UPDATE], 967, 1.0
[UPDATE], 971, 1.0
[UPDATE], 980, 1.0
[UPDATE], 982, 1.0
[UPDATE], 983, 2.0
[UPDATE], 997, 1.0
[UPDATE], 1001, 1.0
[UPDATE], 1004, 1.0
[UPDATE], 1005, 1.0
[UPDATE], 1010, 2.0
[UPDATE], 1013, 1.0
[UPDATE], 1014, 1.0
[UPDATE], 1015, 1.0
[UPDATE], 1017, 1.0
[UPDATE], 1018, 1.0
[UPDATE], 1022, 1.0
[UPDATE], 1024, 1.0
[UPDATE], 1025, 1.0
[UPDATE], 1028, 1.0
[UPDATE], 1030, 1.0
[UPDATE], 1036, 1.0
[UPDATE], 1039, 1.0
[UPDATE], 1044, 1.0
[UPDATE], 1054, 3.0
[UPDATE], 1060, 3.0
[UPDATE], 1065, 1.0
[UPDATE], 1066, 1.0
[UPDATE], 1073, 1.0
[UPDATE], 1074, 1.0
[UPDATE], 1076, 1.0
[UPDATE], 1078, 2.0
[UPDATE], 1081, 2.0
[UPDATE], 1082, 2.0
[UPDATE], 1083, 1.0
[UPDATE], 1085, 1.0
[UPDATE], 1090, 1.0
[UPDATE], 1094, 2.0
[UPDATE], 1096, 1.0
[UPDATE], 1098, 1.0
[UPDATE], 1105, 2.0
[UPDATE], 1107, 1.0
[UPDATE], 1108, 1.0
[UPDATE], 1136, 1.0
[UPDATE], 1137, 1.0
[UPDATE], 1141, 1.0
[UPDATE], 1143, 1.0
[UPDATE], 1144, 1.0
[UPDATE], 1162, 1.0
[UPDATE], 1169, 1.0
[UPDATE], 1171, 1.0
[UPDATE], 1174, 1.0
[UPDATE], 1178, 1.0
[UPDATE], 1183, 1.0
[UPDATE], 1185, 1.0
[UPDATE], 1192, 1.0
[UPDATE], 1198, 1.0
[UPDATE], 1199, 1.0
[UPDATE], 1204, 1.0
[UPDATE], 1205, 1.0
[UPDATE], 1207, 1.0
[UPDATE], 1218, 1.0
[UPDATE], 1219, 1.0
[UPDATE], 1222, 1.0
[UPDATE], 1223, 2.0
[UPDATE], 1224, 2.0
[UPDATE], 1225, 1.0
[UPDATE], 1226, 1.0
[UPDATE], 1229, 2.0
[UPDATE], 1230, 1.0
[UPDATE], 1231, 1.0
[UPDATE], 1234, 1.0
[UPDATE], 1236, 3.0
[UPDATE], 1237, 1.0
[UPDATE], 1239, 2.0
[UPDATE], 1240, 3.0
[UPDATE], 1241, 4.0
[UPDATE], 1243, 2.0
[UPDATE], 1244, 1.0
[UPDATE], 1245, 1.0
[UPDATE], 1246, 4.0
[UPDATE], 1247, 1.0
[UPDATE], 1249, 1.0
[UPDATE], 1250, 1.0
[UPDATE], 1251, 2.0
[UPDATE], 1252, 1.0
[UPDATE], 1254, 2.0
[UPDATE], 1255, 1.0
[UPDATE], 1256, 2.0
[UPDATE], 1257, 4.0
[UPDATE], 1258, 1.0
[UPDATE], 1259, 2.0
[UPDATE], 1260, 1.0
[UPDATE], 1261, 3.0
[UPDATE], 1262, 3.0
[UPDATE], 1266, 1.0
[UPDATE], 1267, 1.0
[UPDATE], 1268, 2.0
[UPDATE], 1270, 3.0
[UPDATE], 1271, 1.0
[UPDATE], 1272, 3.0
[UPDATE], 1273, 1.0
[UPDATE], 1276, 1.0
[UPDATE], 1278, 3.0
[UPDATE], 1284, 1.0
[UPDATE], 1285, 1.0
[UPDATE], 1288, 2.0
[UPDATE], 1291, 1.0
[UPDATE], 1292, 1.0
[UPDATE], 1293, 1.0
[UPDATE], 1295, 1.0
[UPDATE], 1297, 1.0
[UPDATE], 1300, 1.0
[UPDATE], 1303, 1.0
[UPDATE], 1305, 1.0
[UPDATE], 1308, 1.0
[UPDATE], 1311, 3.0
[UPDATE], 1314, 1.0
[UPDATE], 1317, 1.0
[UPDATE], 1318, 1.0
[UPDATE], 1325, 1.0
[UPDATE], 1334, 1.0
[UPDATE], 1341, 1.0
[UPDATE], 1348, 1.0
[UPDATE], 1357, 1.0
[UPDATE], 1359, 1.0
[UPDATE], 1362, 1.0
[UPDATE], 1377, 1.0
[UPDATE], 1383, 1.0
[UPDATE], 1384, 1.0
[UPDATE], 1388, 1.0
[UPDATE], 1389, 2.0
[UPDATE], 1393, 1.0
[UPDATE], 1394, 1.0
[UPDATE], 1395, 1.0
[UPDATE], 1413, 1.0
[UPDATE], 1415, 1.0
[UPDATE], 1416, 1.0
[UPDATE], 1419, 1.0
[UPDATE], 1425, 1.0
[UPDATE], 1427, 1.0
[UPDATE], 1432, 1.0
[UPDATE], 1435, 1.0
[UPDATE], 1447, 2.0
[UPDATE], 1450, 2.0
[UPDATE], 1452, 1.0
[UPDATE], 1456, 1.0
[UPDATE], 1459, 1.0
[UPDATE], 1467, 1.0
[UPDATE], 1475, 1.0
[UPDATE], 1478, 1.0
[UPDATE], 1484, 1.0
[UPDATE], 1486, 1.0
[UPDATE], 1498, 1.0
[UPDATE], 1509, 1.0
[UPDATE], 1514, 1.0
[UPDATE], 1515, 1.0
[UPDATE], 1520, 1.0
[UPDATE], 1523, 1.0
[UPDATE], 1531, 1.0
[UPDATE], 1532, 1.0
[UPDATE], 1534, 1.0
[UPDATE], 1544, 1.0
[UPDATE], 1546, 1.0
[UPDATE], 1547, 1.0
[UPDATE], 1548, 1.0
[UPDATE], 1549, 1.0
[UPDATE], 1557, 1.0
[UPDATE], 1575, 1.0
[UPDATE], 1589, 1.0
[UPDATE], 1619, 1.0
[UPDATE], 1623, 1.0
[UPDATE], 1627, 1.0
[UPDATE], 1632, 1.0
[UPDATE], 1634, 1.0
[UPDATE], 1637, 1.0
[UPDATE], 1638, 1.0
[UPDATE], 1652, 1.0
[UPDATE], 1656, 2.0
[UPDATE], 1657, 1.0
[UPDATE], 1658, 3.0
[UPDATE], 1659, 2.0
[UPDATE], 1660, 1.0
[UPDATE], 1662, 1.0
[UPDATE], 1664, 3.0
[UPDATE], 1666, 2.0
[UPDATE], 1667, 2.0
[UPDATE], 1669, 3.0
[UPDATE], 1671, 2.0
[UPDATE], 1672, 1.0
[UPDATE], 1673, 2.0
[UPDATE], 1674, 4.0
[UPDATE], 1675, 3.0
[UPDATE], 1676, 3.0
[UPDATE], 1677, 1.0
[UPDATE], 1678, 1.0
[UPDATE], 1679, 1.0
[UPDATE], 1681, 1.0
[UPDATE], 1683, 1.0
[UPDATE], 1689, 2.0
[UPDATE], 1692, 1.0
[UPDATE], 1696, 1.0
[UPDATE], 1697, 1.0
[UPDATE], 1698, 1.0
[UPDATE], 1710, 1.0
[UPDATE], 1723, 1.0
[UPDATE], 1724, 1.0
[UPDATE], 1729, 1.0
[UPDATE], 1732, 1.0
[UPDATE], 1735, 1.0
[UPDATE], 1747, 1.0
[UPDATE], 1756, 2.0
[UPDATE], 1758, 1.0
[UPDATE], 1764, 2.0
[UPDATE], 1775, 1.0
[UPDATE], 1781, 1.0
[UPDATE], 1793, 1.0
[UPDATE], 1795, 1.0
[UPDATE], 1796, 1.0
[UPDATE], 1809, 1.0
[UPDATE], 1813, 1.0
[UPDATE], 1829, 1.0
[UPDATE], 1831, 1.0
[UPDATE], 1832, 1.0
[UPDATE], 1837, 3.0
[UPDATE], 1839, 1.0
[UPDATE], 1841, 2.0
[UPDATE], 1843, 1.0
[UPDATE], 1844, 1.0
[UPDATE], 1846, 1.0
[UPDATE], 1848, 1.0
[UPDATE], 1860, 1.0
[UPDATE], 1862, 1.0
[UPDATE], 1865, 1.0
[UPDATE], 1876, 1.0
[UPDATE], 1877, 1.0
[UPDATE], 1879, 1.0
[UPDATE], 1882, 1.0
[UPDATE], 1885, 1.0
[UPDATE], 1890, 1.0
[UPDATE], 1909, 1.0
[UPDATE], 1911, 1.0
[UPDATE], 1920, 1.0
[UPDATE], 1923, 1.0
[UPDATE], 1927, 2.0
[UPDATE], 1936, 1.0
[UPDATE], 1946, 1.0
[UPDATE], 1958, 1.0
[UPDATE], 1961, 2.0
[UPDATE], 1983, 1.0
[UPDATE], 1993, 1.0
[UPDATE], 1997, 1.0
[UPDATE], 2003, 1.0
[UPDATE], 2018, 1.0
[UPDATE], 2031, 1.0
[UPDATE], 2037, 1.0
[UPDATE], 2055, 1.0
[UPDATE], 2061, 1.0
[UPDATE], 2069, 1.0
[UPDATE], 2075, 1.0
[UPDATE], 2079, 1.0
[UPDATE], 2087, 1.0
[UPDATE], 2089, 1.0
[UPDATE], 2095, 3.0
[UPDATE], 2103, 1.0
[UPDATE], 2105, 2.0
[UPDATE], 2107, 1.0
[UPDATE], 2133, 1.0
[UPDATE], 2143, 1.0
[UPDATE], 2145, 1.0
[UPDATE], 2147, 1.0
[UPDATE], 2149, 1.0
[UPDATE], 2175, 1.0
[UPDATE], 2189, 1.0
[UPDATE], 2207, 1.0
[UPDATE], 2219, 1.0
[UPDATE], 2225, 1.0
[UPDATE], 2243, 1.0
[UPDATE], 2281, 1.0
[UPDATE], 2287, 1.0
[UPDATE], 2309, 2.0
[UPDATE], 2311, 1.0
[UPDATE], 2355, 1.0
[UPDATE], 2373, 1.0
[UPDATE], 2375, 2.0
[UPDATE], 2387, 1.0
[UPDATE], 2393, 1.0
[UPDATE], 2409, 1.0
[UPDATE], 2413, 1.0
[UPDATE], 2425, 1.0
[UPDATE], 2443, 2.0
[UPDATE], 2449, 1.0
[UPDATE], 2455, 1.0
[UPDATE], 2461, 1.0
[UPDATE], 2463, 1.0
[UPDATE], 2485, 1.0
[UPDATE], 2491, 1.0
[UPDATE], 2507, 1.0
[UPDATE], 2515, 1.0
[UPDATE], 2519, 1.0
[UPDATE], 2541, 1.0
[UPDATE], 2549, 1.0
[UPDATE], 2555, 1.0
[UPDATE], 2559, 1.0
[UPDATE], 2571, 1.0
[UPDATE], 2591, 1.0
[UPDATE], 2601, 1.0
[UPDATE], 2603, 1.0
[UPDATE], 2615, 1.0
[UPDATE], 2627, 1.0
[UPDATE], 2651, 1.0
[UPDATE], 2653, 1.0
[UPDATE], 2655, 1.0
[UPDATE], 2667, 2.0
[UPDATE], 2677, 1.0
[UPDATE], 2727, 1.0
[UPDATE], 2733, 1.0
[UPDATE], 2735, 1.0
[UPDATE], 2779, 1.0
[UPDATE], 2799, 1.0
[UPDATE], 2809, 1.0
[UPDATE], 2811, 1.0
[UPDATE], 2813, 2.0
[UPDATE], 2817, 2.0
[UPDATE], 2819, 1.0
[UPDATE], 2823, 2.0
[UPDATE], 2829, 1.0
[UPDATE], 2837, 1.0
[UPDATE], 2855, 1.0
[UPDATE], 2861, 1.0
[UPDATE], 2875, 1.0
[UPDATE], 2905, 1.0
[UPDATE], 2911, 1.0
[UPDATE], 2913, 1.0
[UPDATE], 2959, 1.0
[UPDATE], 2961, 2.0
[UPDATE], 3001, 1.0
[UPDATE], 3003, 1.0
[UPDATE], 3021, 1.0
[UPDATE], 3037, 1.0
[UPDATE], 3039, 1.0
[UPDATE], 3055, 1.0
[UPDATE], 3079, 2.0
[UPDATE], 3081, 1.0
[UPDATE], 3083, 1.0
[UPDATE], 3131, 1.0
[UPDATE], 3153, 1.0
[UPDATE], 3161, 1.0
[UPDATE], 3163, 1.0
[UPDATE], 3169, 1.0
[UPDATE], 3171, 2.0
[UPDATE], 3185, 2.0
[UPDATE], 3193, 1.0
[UPDATE], 3195, 1.0
[UPDATE], 3199, 1.0
[UPDATE], 3219, 1.0
[UPDATE], 3223, 1.0
[UPDATE], 3227, 1.0
[UPDATE], 3229, 1.0
[UPDATE], 3231, 1.0
[UPDATE], 3237, 1.0
[UPDATE], 3247, 1.0
[UPDATE], 3261, 1.0
[UPDATE], 3293, 1.0
[UPDATE], 3315, 1.0
[UPDATE], 3317, 2.0
[UPDATE], 3325, 3.0
[UPDATE], 3327, 2.0
[UPDATE], 3329, 1.0
[UPDATE], 3333, 1.0
[UPDATE], 3335, 1.0
[UPDATE], 3341, 2.0
[UPDATE], 3343, 1.0
[UPDATE], 3345, 1.0
[UPDATE], 3381, 1.0
[UPDATE], 3395, 1.0
[UPDATE], 3449, 1.0
[UPDATE], 3465, 1.0
[UPDATE], 3469, 1.0
[UPDATE], 3475, 1.0
[UPDATE], 3485, 1.0
[UPDATE], 3489, 1.0
[UPDATE], 3493, 1.0
[UPDATE], 3515, 1.0
[UPDATE], 3517, 1.0
[UPDATE], 3535, 1.0
[UPDATE], 3591, 1.0
[UPDATE], 3597, 1.0
[UPDATE], 3617, 1.0
[UPDATE], 3633, 1.0
[UPDATE], 3647, 1.0
[UPDATE], 3657, 2.0
[UPDATE], 3679, 1.0
[UPDATE], 3697, 1.0
[UPDATE], 3711, 1.0
[UPDATE], 3725, 1.0
[UPDATE], 3749, 1.0
[UPDATE], 3785, 1.0
[UPDATE], 3791, 1.0
[UPDATE], 3817, 1.0
[UPDATE], 3865, 1.0
[UPDATE], 3867, 1.0
[UPDATE], 3899, 1.0
[UPDATE], 3953, 1.0
[UPDATE], 3961, 1.0
[UPDATE], 3973, 1.0
[UPDATE], 3991, 1.0
[UPDATE], 4011, 1.0
[UPDATE], 4017, 1.0
[UPDATE], 4023, 1.0
[UPDATE], 4037, 1.0
[UPDATE], 4049, 1.0
[UPDATE], 4051, 1.0
[UPDATE], 4055, 1.0
[UPDATE], 4059, 1.0
[UPDATE], 4081, 1.0
[UPDATE], 4111, 1.0
[UPDATE], 4143, 1.0
[UPDATE], 4163, 1.0
[UPDATE], 4191, 1.0
[UPDATE], 4203, 1.0
[UPDATE], 4227, 1.0
[UPDATE], 4243, 1.0
[UPDATE], 4339, 2.0
[UPDATE], 4343, 2.0
[UPDATE], 4347, 1.0
[UPDATE], 4351, 1.0
[UPDATE], 4363, 1.0
[UPDATE], 4379, 1.0
[UPDATE], 4411, 1.0
[UPDATE], 4447, 2.0
[UPDATE], 4475, 1.0
[UPDATE], 4479, 1.0
[UPDATE], 4503, 1.0
[UPDATE], 4511, 1.0
[UPDATE], 4519, 1.0
[UPDATE], 4531, 1.0
[UPDATE], 4555, 1.0
[UPDATE], 4579, 1.0
[UPDATE], 4619, 1.0
[UPDATE], 4663, 1.0
[UPDATE], 4695, 1.0
[UPDATE], 4739, 1.0
[UPDATE], 4755, 1.0
[UPDATE], 4759, 1.0
[UPDATE], 4771, 1.0
[UPDATE], 4775, 1.0
[UPDATE], 4787, 1.0
[UPDATE], 4823, 1.0
[UPDATE], 4831, 1.0
[UPDATE], 4835, 1.0
[UPDATE], 4839, 1.0
[UPDATE], 4871, 1.0
[UPDATE], 4947, 1.0
[UPDATE], 4951, 1.0
[UPDATE], 4955, 3.0
[UPDATE], 4959, 1.0
[UPDATE], 5007, 2.0
[UPDATE], 5027, 1.0
[UPDATE], 5135, 1.0
[UPDATE], 5195, 1.0
[UPDATE], 5215, 1.0
[UPDATE], 5223, 1.0
[UPDATE], 5227, 1.0
[UPDATE], 5231, 1.0
[UPDATE], 5235, 1.0
[UPDATE], 5243, 1.0
[UPDATE], 5251, 2.0
[UPDATE], 5255, 1.0
[UPDATE], 5271, 2.0
[UPDATE], 5347, 1.0
[UPDATE], 5363, 1.0
[UPDATE], 5427, 1.0
[UPDATE], 5451, 2.0
[UPDATE], 5455, 1.0
[UPDATE], 5543, 1.0
[UPDATE], 5567, 1.0
[UPDATE], 5579, 1.0
[UPDATE], 5583, 2.0
[UPDATE], 5587, 1.0
[UPDATE], 5591, 1.0
[UPDATE], 5599, 1.0
[UPDATE], 5611, 1.0
[UPDATE], 5635, 1.0
[UPDATE], 5639, 1.0
[UPDATE], 5663, 1.0
[UPDATE], 5719, 1.0
[UPDATE], 5831, 1.0
[UPDATE], 5843, 1.0
[UPDATE], 5863, 1.0
[UPDATE], 5875, 1.0
[UPDATE], 5883, 1.0
[UPDATE], 5907, 1.0
[UPDATE], 5923, 1.0
[UPDATE], 5935, 1.0
[UPDATE], 6003, 1.0
[UPDATE], 6027, 1.0
[UPDATE], 6043, 1.0
[UPDATE], 6047, 1.0
[UPDATE], 6051, 2.0
[UPDATE], 6055, 1.0
[UPDATE], 6067, 1.0
[UPDATE], 6071, 1.0
[UPDATE], 6199, 1.0
[UPDATE], 6219, 1.0
[UPDATE], 6255, 1.0
[UPDATE], 6303, 1.0
[UPDATE], 6395, 1.0
[UPDATE], 6523, 1.0
[UPDATE], 6595, 1.0
[UPDATE], 6603, 1.0
[UPDATE], 6611, 1.0
[UPDATE], 6619, 1.0
[UPDATE], 6627, 1.0
[UPDATE], 6635, 1.0
[UPDATE], 6727, 1.0
[UPDATE], 6747, 1.0
[UPDATE], 6751, 3.0
[UPDATE], 6755, 1.0
[UPDATE], 6771, 1.0
[UPDATE], 6775, 1.0
[UPDATE], 6787, 1.0
[UPDATE], 6791, 1.0
[UPDATE], 6815, 1.0
[UPDATE], 6819, 1.0
[UPDATE], 6823, 1.0
[UPDATE], 6831, 1.0
[UPDATE], 6839, 1.0
[UPDATE], 6847, 1.0
[UPDATE], 6867, 1.0
[UPDATE], 6935, 1.0
[UPDATE], 6991, 1.0
[UPDATE], 7035, 1.0
[UPDATE], 7043, 1.0
[UPDATE], 7047, 1.0
[UPDATE], 7051, 1.0
[UPDATE], 7055, 1.0
[UPDATE], 7147, 1.0
[UPDATE], 7175, 1.0
[UPDATE], 7191, 1.0
[UPDATE], 7215, 1.0
[UPDATE], 7239, 1.0
[UPDATE], 7247, 1.0
[UPDATE], 7331, 1.0
[UPDATE], 7395, 1.0
[UPDATE], 7459, 1.0
[UPDATE], 7551, 1.0
[UPDATE], 7575, 2.0
[UPDATE], 7579, 2.0
[UPDATE], 7607, 1.0
[UPDATE], 7619, 1.0
[UPDATE], 7635, 1.0
[UPDATE], 7647, 1.0
[UPDATE], 7679, 1.0
[UPDATE], 7683, 1.0
[UPDATE], 7687, 1.0
[UPDATE], 7699, 1.0
[UPDATE], 7723, 1.0
[UPDATE], 7763, 1.0
[UPDATE], 7811, 1.0
[UPDATE], 7843, 1.0
[UPDATE], 7847, 1.0
[UPDATE], 7951, 1.0
[UPDATE], 7975, 1.0
[UPDATE], 7999, 1.0
[UPDATE], 8091, 1.0
[UPDATE], 8131, 1.0
[UPDATE], 8183, 1.0
[UPDATE], 8207, 1.0
[UPDATE], 8239, 1.0
[UPDATE], 8255, 1.0
[UPDATE], 8359, 1.0
[UPDATE], 8367, 1.0
[UPDATE], 8383, 1.0
[UPDATE], 8423, 1.0
[UPDATE], 8447, 1.0
[UPDATE], 8527, 2.0
[UPDATE], 8583, 1.0
[UPDATE], 8591, 1.0
[UPDATE], 8711, 1.0
[UPDATE], 8991, 1.0
[UPDATE], 9383, 1.0
[UPDATE], 9575, 1.0
[UPDATE], 9615, 1.0
[UPDATE], 9623, 2.0
[UPDATE], 9639, 1.0
[UPDATE], 9647, 2.0
[UPDATE], 9655, 1.0
[UPDATE], 9663, 1.0
[UPDATE], 9751, 1.0
[UPDATE], 9815, 1.0
[UPDATE], 9935, 1.0
[UPDATE], 10239, 1.0
[UPDATE], 10247, 1.0
[UPDATE], 10255, 2.0
[UPDATE], 10263, 1.0
[UPDATE], 10287, 1.0
[UPDATE], 10303, 1.0
[UPDATE], 10311, 1.0
[UPDATE], 11015, 1.0
[UPDATE], 11319, 2.0
[UPDATE], 11447, 2.0
[UPDATE], 11575, 1.0
[UPDATE], 11639, 1.0
[UPDATE], 11823, 1.0
[UPDATE], 11831, 3.0
[UPDATE], 11839, 1.0
[UPDATE], 11871, 1.0
[UPDATE], 12007, 1.0
[UPDATE], 12159, 1.0
[UPDATE], 12183, 1.0
[UPDATE], 12199, 1.0
[UPDATE], 12215, 2.0
[UPDATE], 12327, 5.0
[UPDATE], 12335, 2.0
[UPDATE], 12359, 1.0
[UPDATE], 12399, 1.0
[UPDATE], 12423, 1.0
[UPDATE], 12431, 1.0
[UPDATE], 12463, 1.0
[UPDATE], 12511, 2.0
[UPDATE], 12519, 1.0
[UPDATE], 12543, 1.0
[UPDATE], 12591, 2.0
[UPDATE], 12671, 1.0
[UPDATE], 12679, 1.0
[UPDATE], 12711, 2.0
[UPDATE], 12775, 1.0
[UPDATE], 12831, 1.0
[UPDATE], 12863, 1.0
[UPDATE], 13023, 1.0
[UPDATE], 13039, 1.0
[UPDATE], 13055, 1.0
[UPDATE], 13087, 1.0
[UPDATE], 13111, 1.0
[UPDATE], 13151, 1.0
[UPDATE], 13191, 1.0
[UPDATE], 13207, 1.0
[UPDATE], 13271, 1.0
[UPDATE], 13287, 1.0
[UPDATE], 13327, 1.0
[UPDATE], 13383, 1.0
[UPDATE], 13439, 1.0
[UPDATE], 13455, 1.0
[UPDATE], 13495, 2.0
[UPDATE], 13503, 1.0
[UPDATE], 13511, 1.0
[UPDATE], 13519, 1.0
[UPDATE], 13543, 1.0
[UPDATE], 13599, 1.0
[UPDATE], 13663, 2.0
[UPDATE], 13671, 5.0
[UPDATE], 13679, 1.0
[UPDATE], 13703, 1.0
[UPDATE], 13711, 1.0
[UPDATE], 13791, 1.0
[UPDATE], 13839, 1.0
[UPDATE], 13847, 2.0
[UPDATE], 13855, 1.0
[UPDATE], 13959, 1.0
[UPDATE], 13983, 1.0
[UPDATE], 14015, 1.0
[UPDATE], 14023, 1.0
[UPDATE], 14031, 2.0
[UPDATE], 14047, 1.0
[UPDATE], 14175, 2.0
[UPDATE], 14191, 1.0
[UPDATE], 14199, 1.0
[UPDATE], 14239, 1.0
[UPDATE], 14255, 2.0
[UPDATE], 14263, 1.0
[UPDATE], 14287, 1.0
[UPDATE], 14303, 2.0
[UPDATE], 14311, 2.0
[UPDATE], 14319, 1.0
[UPDATE], 14327, 1.0
[UPDATE], 14335, 1.0
[UPDATE], 14359, 3.0
[UPDATE], 14367, 2.0
[UPDATE], 14399, 1.0
[UPDATE], 14415, 1.0
[UPDATE], 14447, 1.0
[UPDATE], 14463, 1.0
[UPDATE], 14479, 1.0
[UPDATE], 14655, 1.0
[UPDATE], 14663, 1.0
[UPDATE], 14671, 1.0
[UPDATE], 14759, 1.0
[UPDATE], 14767, 1.0
[UPDATE], 14863, 1.0
[UPDATE], 14887, 1.0
[UPDATE], 14935, 1.0
[UPDATE], 14951, 1.0
[UPDATE], 14999, 1.0
[UPDATE], 15071, 1.0
[UPDATE], 15167, 3.0
[UPDATE], 15175, 3.0
[UPDATE], 15183, 4.0
[UPDATE], 15191, 2.0
[UPDATE], 15207, 1.0
[UPDATE], 15231, 1.0
[UPDATE], 15303, 1.0
[UPDATE], 15383, 1.0
[UPDATE], 15439, 1.0
[UPDATE], 15495, 1.0
[UPDATE], 15687, 1.0
[UPDATE], 15743, 1.0
[UPDATE], 15775, 2.0
[UPDATE], 15783, 1.0
[UPDATE], 15807, 1.0
[UPDATE], 15823, 1.0
[UPDATE], 15855, 2.0
[UPDATE], 15967, 1.0
[UPDATE], 15983, 2.0
[UPDATE], 15991, 1.0
[UPDATE], 15999, 3.0
[UPDATE], 16015, 1.0
[UPDATE], 16047, 1.0
[UPDATE], 16079, 1.0
[UPDATE], 16095, 1.0
[UPDATE], 16103, 1.0
[UPDATE], 16143, 1.0
[UPDATE], 16279, 1.0
[UPDATE], 16367, 1.0
[UPDATE], 16431, 1.0
[UPDATE], 16447, 1.0
[UPDATE], 16543, 1.0
[UPDATE], 16735, 1.0
[UPDATE], 16879, 1.0
[UPDATE], 17007, 1.0
[UPDATE], 17103, 1.0
[UPDATE], 17311, 1.0
[UPDATE], 17327, 1.0
[UPDATE], 17631, 1.0
[UPDATE], 17727, 2.0
[UPDATE], 17823, 1.0
[UPDATE], 17887, 1.0
[UPDATE], 17919, 1.0
[UPDATE], 18175, 1.0
[UPDATE], 18575, 1.0
[UPDATE], 18623, 2.0
[UPDATE], 18927, 1.0
[UPDATE], 19055, 1.0
[UPDATE], 19167, 1.0
[UPDATE], 19295, 1.0
[UPDATE], 19375, 1.0
[UPDATE], 19599, 1.0
[UPDATE], 19711, 1.0
[UPDATE], 19839, 1.0
[UPDATE], 20623, 1.0
[UPDATE], 20703, 1.0
[UPDATE], 21535, 1.0
[UPDATE], 21583, 1.0
[UPDATE], 21663, 1.0
[UPDATE], 21743, 1.0
[UPDATE], 21999, 1.0
[UPDATE], 22239, 1.0
[UPDATE], 22943, 1.0
[UPDATE], 24847, 1.0
[UPDATE], 25535, 1.0
[UPDATE], 26463, 1.0
[UPDATE], 26655, 1.0
[UPDATE], 26687, 1.0
[UPDATE], 26751, 1.0
[UPDATE], 26879, 1.0
[UPDATE], 26895, 1.0
[UPDATE], 27071, 1.0
[UPDATE], 27087, 2.0
[UPDATE], 27119, 2.0
[UPDATE], 27263, 1.0
[UPDATE], 28751, 1.0
[UPDATE], 28847, 1.0
[UPDATE], 30943, 1.0
[UPDATE], 31007, 1.0
[UPDATE], 31215, 1.0
[UPDATE], 31727, 1.0
[UPDATE], 31903, 1.0
[UPDATE], 32047, 1.0
[UPDATE], 32159, 2.0
[UPDATE], 34495, 1.0
[UPDATE], 35615, 1.0
[UPDATE], 40671, 1.0
[UPDATE], 91327, 5.0
[UPDATE], 91455, 1.0
[UPDATE], 92543, 1.0
[UPDATE], 96255, 2.0
[UPDATE], 96319, 1.0
[UPDATE], 96383, 2.0
[UPDATE], 100031, 5.0
[UPDATE], 114751, 3.0
[UPDATE], 114815, 2.0
[UPDATE], 141823, 6.0
[UPDATE], 155263, 6.0
[UPDATE], 155391, 1.0
[UPDATE], 216319, 4.0
[UPDATE], 219647, 1.0
[UPDATE], 272895, 5.0
[UPDATE], 318463, 1.0
[UPDATE], 318719, 2.0
[UPDATE], 318975, 1.0
[UPDATE], 326655, 1.0
