20170529 16:10:03 9 13 1 10 0 3 0 0 0 0 0 0 0 0
20170529 16:10:04 2 4 0 1 0 3 0 0 0 0 2 0 0 0
20170529 16:10:05 6 8 1 12 0 3 0 0 0 0 0 0 0 0
20170529 16:10:06 5 8 0 1 0 3 0 0 0 0 2 0 0 0
20170529 16:10:07 2 4 0 1 0 3 0 0 0 0 0 0 0 0
20170529 16:10:08 12 26 2 92 0 2 0 0 0 0 2 0 0 0
20170529 16:10:09 4 6 0 1 0 5 0 0 0 0 0 0 0 0
20170529 16:10:10 3 6 0 1 0 1 0 0 0 0 2 0 0 0
20170529 16:10:11 4 5 0 1 0 3 0 0 0 0 0 0 0 0
20170529 16:10:12 8 12 1 2 0 4 0 0 0 0 2 0 0 0
20170529 16:10:13 7 19 1 96 0 2 0 0 0 0 0 0 0 0
20170529 16:10:14 3 4 0 1 0 3 0 0 0 0 2 0 0 0
20170529 16:10:15 9 13 1 17 0 4 0 0 0 0 0 0 0 0
20170529 16:10:16 37 43 5 13 0 2 0 0 0 0 2 0 0 0
20170529 16:10:17 332737 545547 2652457 4641097 0 4 0 0 0 0 0 0 0 0
20170529 16:10:18 214546 332893 1736079 2815340 0 2 0 0 0 0 2 0 0 0
20170529 16:10:19 504221 481594 4183833 3984710 0 3 0 0 0 0 0 0 0 0
20170529 16:10:20 495607 347162 4192034 2810871 0 3 0 0 0 0 2 0 0 0
20170529 16:10:21 575682 694855 4741223 5838188 0 3 0 0 0 0 0 0 0 0
20170529 16:10:22 402013 340121 3376050 2765923 0 3 0 0 0 0 2 0 0 0
20170529 16:10:23 344346 220110 2917531 1774761 0 3 0 0 0 0 0 0 0 0
20170529 16:10:24 437542 297218 3687300 2402657 0 2 0 0 0 0 2 0 0 0
20170529 16:10:25 406010 446385 3371067 3744877 0 5 0 0 0 0 0 0 0 0
20170529 16:10:26 337013 396651 2778194 3303251 0 1 0 0 0 0 2 0 0 0
20170529 16:10:27 311599 290157 2604070 2376210 0 4 0 0 0 0 0 0 0 0
20170529 16:10:28 102535 43842 881558 331710 0 4 0 0 0 0 2 0 0 0
20170529 16:10:29 2406 37660 155 331321 0 2 0 0 0 0 0 0 0 0
20170529 16:10:30 5 8 0 6 0 3 0 0 0 0 2 0 0 0
