20170529 16:23:59 4 7 0 4 0 4 0 0 0 0 0 0 0 0
20170529 16:24:00 4 6 0 1 0 3 0 0 0 0 2 0 0 0
20170529 16:24:01 22 24 4 4 0 3 0 0 0 0 0 0 0 0
20170529 16:24:02 2 4 0 1 0 3 0 0 0 0 2 0 0 0
20170529 16:24:03 6 10 1 2 0 2 0 0 0 0 0 0 0 0
20170529 16:24:04 4 5 0 1 0 5 0 0 0 0 2 0 0 0
20170529 16:24:05 4 5 0 1 0 1 0 0 0 0 0 0 0 0
20170529 16:24:06 4 6 0 1 0 3 0 0 0 0 2 0 0 0
20170529 16:24:07 3 4 0 1 0 4 0 0 0 0 0 0 0 0
20170529 16:24:08 21 24 3 8 0 2 0 0 0 0 2 0 0 0
20170529 16:24:09 11 22 2 39 0 3 0 0 0 0 0 0 0 0
20170529 16:24:10 3 4 0 1 0 4 0 0 0 0 2 0 0 0
20170529 16:24:11 2 5 0 1 0 1 0 0 0 0 0 0 0 0
20170529 16:24:12 5 7 0 1 0 5 0 0 0 0 2 0 0 0
20170529 16:24:13 8 11 1 2 0 2 0 0 0 0 0 0 0 0
20170529 16:24:14 4 8 0 15 0 2 0 0 0 0 2 0 0 0
20170529 16:24:15 4 6 0 1 0 4 0 0 0 0 0 0 0 0
20170529 16:24:16 32 38 5 5 0 3 0 0 0 0 2 0 0 0
20170529 16:24:17 2 4 0 1 0 2 0 0 0 0 0 0 0 0
20170529 16:24:18 7 9 1 6 0 4 0 0 0 0 2 0 0 0
20170529 16:24:19 3 4 0 1 0 2 0 0 0 0 0 0 0 0
20170529 16:24:20 2 4 0 1 0 4 0 0 0 0 2 0 0 0
20170529 16:24:21 4 6 0 1 0 2 0 0 0 0 0 0 0 0
20170529 16:24:22 3 4 0 1 0 3 0 0 0 0 2 0 0 0
20170529 16:24:23 3 4 0 1 0 4 0 0 0 0 0 0 0 0
20170529 16:24:24 3 6 0 1 0 2 0 0 0 0 2 0 0 0
20170529 16:24:25 3 4 0 1 0 3 0 0 0 0 0 0 0 0
20170529 16:24:26 4 7 0 5 0 4 0 0 0 0 2 0 0 0
20170529 16:24:27 5 7 0 1 0 1 0 0 0 0 0 0 0 0
20170529 16:24:28 107 110 19 20 0 6 0 0 0 0 2 0 0 0
20170529 16:24:29 9 17 1 5 0 2 0 0 0 0 0 0 0 0
20170529 16:24:30 3 6 0 1 0 2 0 0 0 0 2 0 0 0
20170529 16:24:31 22 24 4 4 0 4 0 0 0 0 0 0 0 0
20170529 16:24:32 3 4 0 1 0 3 0 0 0 0 2 0 0 0
20170529 16:24:33 5 7 0 1 0 4 0 0 0 0 0 0 0 0
20170529 16:24:34 4 6 0 1 0 2 0 0 0 0 2 0 0 0
20170529 16:24:35 3 4 0 1 0 2 0 0 0 0 0 0 0 0
20170529 16:24:36 4 6 0 1 0 5 0 0 0 0 2 0 0 0
20170529 16:24:37 2 4 0 1 0 1 0 0 0 0 0 0 0 0
20170529 16:24:38 6 7 1 2 0 3 0 0 0 0 2 0 0 0
20170529 16:24:39 7 14 1 48 0 4 0 0 0 0 0 0 0 0
20170529 16:24:40 6229 525 54067 41 0 2 0 0 0 0 2 0 0 0
20170529 16:24:41 144378 7833 1270853 506 0 4 0 0 0 0 0 0 0 0
20170529 16:24:42 4 6 0 1 0 3 0 0 0 0 2 0 0 0
20170529 16:24:43 158526 130196 1325738 1073475 0 1 0 0 0 0 0 0 0 0
20170529 16:24:44 161487 160767 1325929 1328764 0 5 0 0 0 0 2 0 0 0
20170529 16:24:45 175831 487878 1326853 4225577 0 2 0 0 0 0 0 0 0 0
20170529 16:24:46 167665 10246 1473966 663 0 2 0 0 0 0 2 0 0 0
20170529 16:24:47 133625 8207 1176176 529 0 4 0 0 0 0 0 0 0 0
20170529 16:24:48 159319 156752 1325789 1325629 0 3 0 0 0 0 2 0 0 0
20170529 16:24:49 150861 14746 1325244 951 0 3 0 0 0 0 0 0 0 0
20170529 16:24:50 118918 104143 995606 866070 0 3 0 0 0 0 2 0 0 0
20170529 16:24:51 196408 415310 1539637 3561751 0 2 0 0 0 0 0 0 0 0
20170529 16:24:52 169172 107704 1441840 874683 0 5 0 0 0 0 2 0 0 0
20170529 16:24:53 150555 8517 1325224 549 0 1 0 0 0 0 0 0 0 0
20170529 16:24:54 165295 371905 1277522 3142538 0 3 0 0 0 0 2 0 0 0
20170529 16:24:55 164539 254064 1320379 2159890 0 4 0 0 0 0 0 0 0 0
20170529 16:24:56 6191 330 54478 22 0 2 0 0 0 0 2 0 0 0
20170529 16:24:57 4 6 0 1 0 4 0 0 0 0 0 0 0 0
20170529 16:24:58 104935 5670 923557 379 0 3 0 0 0 0 2 0 0 0
20170529 16:24:59 45638 3009 401676 197 0 1 0 0 0 0 0 0 0 0
20170529 16:25:00 19344 1070 170210 70 0 5 0 0 0 0 2 0 0 0
20170529 16:25:01 189866 11636 1670484 752 0 2 0 0 0 0 0 0 0 0
20170529 16:25:02 235298 171291 1990085 1396921 0 2 0 0 0 0 2 0 0 0
20170529 16:25:03 137660 223324 1108339 1902753 0 4 0 0 0 0 0 0 0 0
20170529 16:25:04 170697 101646 1457407 772967 0 3 0 0 0 0 2 0 0 0
20170529 16:25:05 183264 245065 1507411 2073161 0 4 0 0 0 0 0 0 0 0
20170529 16:25:06 113527 213296 908302 1808850 0 2 0 0 0 0 2 0 0 0
20170529 16:25:07 53073 3054 467159 197 0 2 0 0 0 0 0 0 0 0
20170529 16:25:08 150582 9885 1325226 642 0 5 0 0 0 0 2 0 0 0
20170529 16:25:09 163339 256831 1326049 2162886 0 1 0 0 0 0 0 0 0 0
20170529 16:25:10 74614 59620 626167 488611 0 3 0 0 0 0 2 0 0 0
20170529 16:25:11 177965 160245 1476947 1325849 0 4 0 0 0 0 0 0 0 0
20170529 16:25:12 151371 377025 1129560 3257472 0 2 0 0 0 0 2 0 0 0
20170529 16:25:13 124024 368369 866616 3187948 0 4 0 0 0 0 0 0 0 0
20170529 16:25:14 138045 30239 1204378 182194 0 3 0 0 0 0 2 0 0 0
20170529 16:25:15 3 6 0 1 0 1 0 0 0 0 0 0 0 0

