waiting for 1 second sample...
#Date Time [NET]RxPktTot [NET]TxPktTot [NET]RxKBTot [NET]TxKBTot [NET]RxCmpTot [NET]RxMltTot [NET]TxCmpTot [NET]RxErrsTot [NET]TxErrsTot [IB]InPkt [IB]OutPkt [IB]InKB [IB]OutKB [IB]Err
20170529 15:52:14 3 4 0 1 0 3 0 0 0 0 2 0 0 0
20170529 15:52:15 6 8 1 2 0 4 0 0 0 0 1276 160684 35 0
20170529 15:52:16 2 4 0 1 0 1 0 0 0 0 6894 869332 189 0
20170529 15:52:17 8 15 1 4 0 5 0 0 0 0 8124 1026667 223 0
20170529 15:52:18 133 143 23 24 0 2 0 0 0 0 7094 898670 195 0
20170529 15:52:19 3 5 0 1 0 2 0 0 0 0 7246 917501 199 0
20170529 15:52:20 6 7 1 2 0 4 0 0 0 0 7427 939373 204 0
20170529 15:52:21 4 6 0 1 0 3 0 0 0 0 4523 572688 124 0
20170529 15:52:22 31 37 59 55 0 2 0 0 0 0 613056 2377866 2384272 0
20170529 15:52:23 4 5 0 1 0 4 0 0 0 0 1071895 4582508 4155941 0
20170529 15:52:24 6 7 1 1 0 2 0 0 0 0 1148834 4228263 4475412 0
20170529 15:52:25 2 4 0 1 0 4 0 0 0 0 1066341 4638316 4132000 0
20170529 15:52:26 3 5 0 1 0 2 0 0 0 0 1132849 4897564 4390605 0
20170529 15:52:27 4 6 0 1 0 3 0 0 0 0 1113078 4590405 4319987 0
20170529 15:52:28 2 4 0 1 0 3 0 0 0 0 1111669 4599418 4311357 0
20170529 15:52:29 3 4 0 1 0 3 0 0 0 0 1090536 4866809 4218369 0
20170529 15:52:30 7 11 1 21 0 3 0 0 0 0 1168468 2225953 4615079 0
20170529 15:52:31 33 39 10 15 0 4 0 0 0 0 0 0 0 0
20170529 15:52:32 6 10 0 9 0 1 0 0 0 0 2 0 0 0
20170529 15:52:33 72 87 64 68 0 5 0 0 0 0 387750 1801498 1491236 0
20170529 15:52:34 3 4 0 1 0 2 0 0 0 0 2448779 9999739 9496146 0
20170529 15:52:35 7 9 0 8 0 2 0 0 0 0 2377232 9952420 9209910 0
20170529 15:52:36 4 6 0 1 0 4 0 0 0 0 2383214 9846091 9239653 0
20170529 15:52:37 16 23 2 39 0 3 0 0 0 0 1708074 5646553 6668489 0
20170529 15:52:38 28 29 57 34 0 2 0 0 0 0 1969131 6618717 7895717 0
20170529 15:52:39 4 6 0 1 0 4 0 0 0 0 2306428 8996860 9253245 0
20170529 15:52:40 8 11 1 24 0 2 0 0 0 0 2202352 8864658 8835175 0
20170529 15:52:41 3 4 0 1 0 5 0 0 0 0 2189370 8591840 8784089 0
20170529 15:52:42 11 21 1 26 0 1 0 0 0 0 848944 3960125 3405094 0
20170529 15:52:43 3 4 0 1 0 3 0 0 0 0 0 0 0 0
