waiting for 1 second sample...
#Date Time [NET]RxPktTot [NET]TxPktTot [NET]RxKBTot [NET]TxKBTot [NET]RxCmpTot [NET]RxMltTot [NET]TxCmpTot [NET]RxErrsTot [NET]TxErrsTot [IB]InPkt [IB]OutPkt [IB]InKB [IB]OutKB [IB]Err
20170529 16:06:51 5 6 0 1 0 3 0 0 0 0 0 0 0 0
20170529 16:06:52 7 12 1 42 0 3 0 0 0 0 6843 865214 188 0
20170529 16:06:53 3 6 0 1 0 3 0 0 0 0 6503 824011 179 0
20170529 16:06:54 4 6 0 1 0 3 0 0 0 0 7726 976453 212 0
20170529 16:06:55 6 7 1 2 0 4 0 0 0 0 5927 749850 163 0
20170529 16:06:56 2 4 0 1 0 1 0 0 0 0 6731 848731 185 0
20170529 16:06:57 25 33 4 44 0 4 0 0 0 0 6157 778691 169 0
20170529 16:06:58 22 28 11 10 0 3 0 0 0 0 568258 1913172 2219310 0
20170529 16:06:59 2 4 0 1 0 2 0 0 0 0 1275748 4771316 4967707 0
20170529 16:07:00 4 6 0 1 0 4 0 0 0 0 1258969 4649218 4903296 0
20170529 16:07:01 3 4 0 1 0 2 0 0 0 0 1174009 4840146 4554555 0
20170529 16:07:02 2 4 0 1 0 3 0 0 0 0 1259944 4860130 4897552 0
20170529 16:07:03 4 6 0 1 0 3 0 0 0 0 1330223 4747243 5182788 0
20170529 16:07:04 3 4 0 1 0 3 0 0 0 0 1263502 4829882 4912842 0
20170529 16:07:05 8 10 1 6 0 3 0 0 0 0 1279029 4550072 4984150 0
20170529 16:07:06 115 120 25 21 0 4 0 0 0 0 111111 2002445 380931 0
20170529 16:07:07 4 5 0 1 0 2 0 0 0 0 0 0 0 0
20170529 16:07:08 5 8 1 1 0 5 0 0 0 0 2 0 0 0
20170529 16:07:09 6 10 1 2 0 2 0 0 0 0 0 0 0 0
20170529 16:07:10 2 4 0 1 0 3 0 0 0 0 2 0 0 0
20170529 16:07:11 8 10 1 7 0 3 0 0 0 0 0 0 0 0
20170529 16:07:12 39 47 12 20 0 3 0 0 0 0 388880 1700203 1504341 0
20170529 16:07:13 2 5 0 3 0 2 0 0 0 0 1191923 4343048 4640180 0
20170529 16:07:14 15 18 3 3 0 4 0 0 0 0 1084654 4409892 4207672 0
20170529 16:07:15 7 9 1 6 0 2 0 0 0 0 1037718 4421452 4020455 0
20170529 16:07:16 2 4 0 1 0 4 0 0 0 0 1037780 4327434 4024039 0
20170529 16:07:17 3 4 0 1 0 2 0 0 0 0 1045852 4486341 4051193 0
20170529 16:07:18 4 6 0 1 0 4 0 0 0 0 1056796 4578111 4092252 0
20170529 16:07:19 2 4 0 1 0 2 0 0 0 0 1190265 4297035 4636462 0
20170529 16:07:20 3 4 0 1 0 3 0 0 0 0 1205324 3129145 4734430 0
20170529 16:07:21 8 11 8 8 0 3 0 0 0 0 1542280 5640181 6185658 0
20170529 16:07:22 4 10 0 43 0 3 0 0 0 0 2172690 9601559 8711407 0
20170529 16:07:23 3 5 0 1 0 2 0 0 0 0 2195308 9126121 8803774 0
20170529 16:07:24 4 6 0 1 0 5 0 0 0 0 2232353 9801256 8950673 0
20170529 16:07:25 5 7 0 5 0 1 0 0 0 0 1068625 3101940 4289815 0
20170529 16:07:26 4 6 0 4 0 4 0 0 0 0 27650 1 111240 0
20170529 16:07:27 25 34 4 54 0 3 0 0 0 0 0 0 0 0
20170529 16:07:28 5 11 1 4 0 2 0 0 0 0 2 0 0 0
