waiting for 1 second sample...
#Date Time [NET]RxPktTot [NET]TxPktTot [NET]RxKBTot [NET]TxKBTot [NET]RxCmpTot [NET]RxMltTot [NET]TxCmpTot [NET]RxErrsTot [NET]TxErrsTot [IB]InPkt [IB]OutPkt [IB]InKB [IB]OutKB [IB]Err
20170529 15:52:14 32 38 5 5 0 4 0 0 0 0 2 0 0 0
20170529 15:52:15 5 9 0 2 0 2 0 0 0 0 1106 139370 31 0
20170529 15:52:16 3 4 0 1 0 3 0 0 0 0 8402 1063686 231 0
20170529 15:52:17 3 5 0 3 0 4 0 0 0 0 7254 918772 199 0
20170529 15:52:18 4 6 0 1 0 3 0 0 0 0 7101 898172 195 0
20170529 15:52:19 2 4 0 1 0 1 0 0 0 0 6293 795171 173 0
20170529 15:52:20 4 6 0 7 0 5 0 0 0 0 7104 898172 195 0
20170529 15:52:21 4 6 0 1 0 2 0 0 0 0 4601 580928 126 0
20170529 15:52:22 30 36 59 46 0 3 0 0 0 0 757230 2370511 2961218 0
20170529 15:52:23 5 6 1 1 0 3 0 0 0 0 1259575 4256466 4916099 0
20170529 15:52:24 6 7 1 1 0 3 0 0 0 0 1118174 4421874 4343417 0
20170529 15:52:25 2 4 0 1 0 3 0 0 0 0 1142176 4660399 4432324 0
20170529 15:52:26 3 4 0 1 0 3 0 0 0 0 1154871 4690168 4481129 0
20170529 15:52:27 4 6 0 1 0 2 0 0 0 0 1107478 4611949 4294355 0
20170529 15:52:28 2 4 0 1 0 4 0 0 0 0 1123150 4742678 4352769 0
20170529 15:52:29 22 24 4 4 0 2 0 0 0 0 1145973 4753820 4444285 0
20170529 15:52:30 36 41 10 16 0 4 0 0 0 0 701393 2404458 2736321 0
20170529 15:52:31 6 9 0 7 0 2 0 0 0 0 0 0 0 0
20170529 15:52:32 24 36 3 33 0 3 0 0 0 0 2 0 0 0
20170529 15:52:33 40 46 59 46 0 4 0 0 0 0 479779 1722391 1863022 0
20170529 15:52:34 2 4 0 1 0 2 0 0 0 0 2553018 9573617 9929920 0
20170529 15:52:35 7 16 1 88 0 2 0 0 0 0 2657355 9774930 10343584 0
20170529 15:52:36 4 6 0 1 0 5 0 0 0 0 2509985 9594300 9756592 0
20170529 15:52:37 11 20 1 31 0 2 0 0 0 0 1308037 6004557 5048589 0
20170529 15:52:38 21 25 57 23 0 3 0 0 0 0 1765177 7256494 7074423 0
20170529 15:52:39 4 6 0 1 0 3 0 0 0 0 2235742 8833374 8969571 0
20170529 15:52:40 3 4 0 1 0 3 0 0 0 0 2253561 8624864 9042126 0
20170529 15:52:41 3 6 0 4 0 3 0 0 0 0 2084219 8389194 8361162 0
20170529 15:52:42 14 23 1 28 0 3 0 0 0 0 833298 3956930 3341755 0
20170529 15:52:43 3 4 0 1 0 2 0 0 0 0 0 0 0 0
