waiting for 1 second sample...
#Date Time [NET]RxPktTot [NET]TxPktTot [NET]RxKBTot [NET]TxKBTot [NET]RxCmpTot [NET]RxMltTot [NET]TxCmpTot [NET]RxErrsTot [NET]TxErrsTot [IB]InPkt [IB]OutPkt [IB]InKB [IB]OutKB [IB]Err
20170529 16:01:55 2 4 0 1 0 2 0 0 0 0 0 0 0 0
20170529 16:01:56 6 15 1 71 0 3 0 0 0 0 2 0 0 0
20170529 16:01:57 6 6 1 1 0 4 0 0 0 0 6716 848732 185 0
20170529 16:01:58 5 8 0 2 0 4 0 0 0 0 7248 914652 199 0
20170529 16:01:59 22 24 4 4 0 1 0 0 0 0 6320 798424 174 0
20170529 16:02:00 6 8 1 2 0 4 0 0 0 0 6780 857839 186 0
20170529 16:02:01 2 4 0 1 0 3 0 0 0 0 7397 935252 203 0
20170529 16:02:02 2 5 0 3 0 2 0 0 0 0 7103 898172 195 0
20170529 16:02:03 27 34 18 11 0 4 0 0 0 0 310378 1415686 1200531 0
20170529 16:02:04 3 6 0 1 0 3 0 0 0 0 1107949 4675091 4297097 0
20170529 16:02:05 104 107 18 18 0 1 0 0 0 0 1176749 4636160 4575410 0
20170529 16:02:06 7 9 1 10 0 6 0 0 0 0 1201531 4418611 4680433 0
20170529 16:02:07 2 4 0 1 0 1 0 0 0 0 1196182 4801871 4644482 0
20170529 16:02:08 5 7 0 7 0 2 0 0 0 0 1122333 4471015 4358795 0
20170529 16:02:09 5 6 1 1 0 5 0 0 0 0 1081315 4758311 4184345 0
20170529 16:02:10 2 4 0 1 0 2 0 0 0 0 1275819 4656865 4969508 0
20170529 16:02:11 14 18 7 4 0 2 0 0 0 0 1039533 2390642 4092284 0
20170529 16:02:12 5 6 1 1 0 5 0 0 0 0 2479 304884 68 0
20170529 16:02:13 7 13 1 2 0 1 0 0 0 0 0 0 0 0
20170529 16:02:14 38 46 5 12 0 4 0 0 0 0 2 0 0 0
20170529 16:02:15 6 9 1 6 0 3 0 0 0 0 0 0 0 0
20170529 16:02:16 8 10 15 6 0 2 0 0 0 0 1557474 5877735 6055214 0
20170529 16:02:17 2 4 0 1 0 3 0 0 0 0 1860035 7189217 7227023 0
20170529 16:02:18 8 10 1 11 0 4 0 0 0 0 1871398 7426994 7266723 0
20170529 16:02:19 2 4 0 1 0 2 0 0 0 0 1838256 7180361 7141550 0
20170529 16:02:20 2 4 0 1 0 3 0 0 0 0 1845114 6917894 7177933 0
20170529 16:02:21 15 20 15 45 0 3 0 0 0 0 1009353 4021140 3985908 0
20170529 16:02:22 2 4 0 1 0 4 0 0 0 0 2241806 9520445 8989323 0
20170529 16:02:23 2 4 0 1 0 1 0 0 0 0 2309725 10272607 9262990 0
20170529 16:02:24 5 6 1 1 0 4 0 0 0 0 2607156 10402455 10461774 0
20170529 16:02:25 4 8 0 8 0 3 0 0 0 0 1437622 4529787 5770319 0
20170529 16:02:26 6 8 1 17 0 4 0 0 0 0 2 0 0 0
20170529 16:02:27 5 7 0 1 0 2 0 0 0 0 0 0 0 0
20170529 16:02:28 5 7 0 2 0 3 0 0 0 0 2 0 0 0
20170529 16:02:29 23 24 4 4 0 3 0 0 0 0 0 0 0 0
