waiting for 1 second sample...
#Date Time [NET]RxPktTot [NET]TxPktTot [NET]RxKBTot [NET]TxKBTot [NET]RxCmpTot [NET]RxMltTot [NET]TxCmpTot [NET]RxErrsTot [NET]TxErrsTot [IB]InPkt [IB]OutPkt [IB]InKB [IB]OutKB [IB]Err
20170529 15:52:14 3 4 0 1 0 4 0 0 0 0 2 0 0 0
20170529 15:52:15 5 8 0 1 0 2 0 0 0 0 1724 218363 48 0
20170529 15:52:16 4 7 0 7 0 3 0 0 0 0 6611 836371 182 0
20170529 15:52:17 3 5 0 3 0 4 0 0 0 0 6097 770450 167 0
20170529 15:52:18 4 6 0 1 0 3 0 0 0 0 6513 824011 179 0
20170529 15:52:19 35 41 5 7 0 1 0 0 0 0 7586 959973 208 0
20170529 15:52:20 3 4 0 1 0 5 0 0 0 0 7523 951733 207 0
20170529 15:52:21 4 6 0 1 0 2 0 0 0 0 4847 613888 133 0
20170529 15:52:22 28 31 59 24 0 3 0 0 0 0 578382 2608547 2237824 0
20170529 15:52:23 3 5 0 1 0 3 0 0 0 0 1102826 4372415 4285919 0
20170529 15:52:24 7 8 1 1 0 3 0 0 0 0 1035260 4516549 4008008 0
20170529 15:52:25 2 4 0 1 0 3 0 0 0 0 1257542 4241763 4907853 0
20170529 15:52:26 5 9 1 33 0 3 0 0 0 0 1277311 4534750 4977408 0
20170529 15:52:27 4 6 0 1 0 2 0 0 0 0 1170456 4484727 4550792 0
20170529 15:52:28 2 4 0 1 0 4 0 0 0 0 1131025 4646581 4387837 0
20170529 15:52:29 3 4 0 1 0 2 0 0 0 0 1167251 4749770 4529553 0
20170529 15:52:30 35 43 10 34 0 4 0 0 0 0 823292 2147470 3233132 0
20170529 15:52:31 6 10 0 7 0 2 0 0 0 0 0 0 0 0
20170529 15:52:32 31 38 3 44 0 3 0 0 0 0 2 0 0 0
20170529 15:52:33 29 41 58 25 0 4 0 0 0 0 395784 1767820 1523672 0
20170529 15:52:34 21 24 4 4 0 2 0 0 0 0 2630699 9707130 10238445 0
20170529 15:52:35 3 4 0 1 0 2 0 0 0 0 2541885 9540436 9887516 0
20170529 15:52:36 11 19 1 32 0 5 0 0 0 0 2299178 9815789 8902200 0
20170529 15:52:37 4 6 0 4 0 2 0 0 0 0 1440412 5891958 5586409 0
20170529 15:52:38 24 31 57 35 0 3 0 0 0 0 1975416 7249015 7919855 0
20170529 15:52:39 7 11 1 21 0 3 0 0 0 0 2254915 8953148 9046839 0
20170529 15:52:40 3 4 0 1 0 3 0 0 0 0 2186803 9150608 8771452 0
20170529 15:52:41 6 12 0 15 0 3 0 0 0 0 2112094 8024583 8475039 0
20170529 15:52:42 7 12 1 12 0 3 0 0 0 0 882503 3790874 3540023 0
20170529 15:52:43 4 6 0 4 0 2 0 0 0 0 0 0 0 0
