waiting for 1 second sample...
#Date Time [NET]RxPktTot [NET]TxPktTot [NET]RxKBTot [NET]TxKBTot [NET]RxCmpTot [NET]RxMltTot [NET]TxCmpTot [NET]RxErrsTot [NET]TxErrsTot [IB]InPkt [IB]OutPkt [IB]InKB [IB]OutKB [IB]Err
20170529 16:01:55 4 4 0 1 0 3 0 0 0 0 0 0 0 0
20170529 16:01:56 6 10 1 1 0 4 0 0 0 0 2 0 0 0
20170529 16:01:57 7 13 1 18 0 1 0 0 0 0 6332 778692 174 0
20170529 16:01:58 4 4 0 1 0 6 0 0 0 0 6390 807531 176 0
20170529 16:01:59 2 4 0 1 0 1 0 0 0 0 7524 951733 207 0
20170529 16:02:00 4 8 0 1 0 2 0 0 0 0 7136 902292 196 0
20170529 16:02:01 9 8 1 2 0 6 0 0 0 0 7554 955853 207 0
20170529 16:02:02 2 4 0 1 0 2 0 0 0 0 6784 856971 186 0
20170529 16:02:03 25 32 18 11 0 2 0 0 0 0 387555 1601521 1504215 0
20170529 16:02:04 6 7 1 1 0 5 0 0 0 0 1057697 4662328 4096263 0
20170529 16:02:05 4 5 0 1 0 1 0 0 0 0 1140474 4702046 4427127 0
20170529 16:02:06 3 6 0 1 0 4 0 0 0 0 1080663 4685423 4187598 0
20170529 16:02:07 36 42 5 15 0 3 0 0 0 0 1093933 4924036 4235218 0
20170529 16:02:08 3 6 0 3 0 2 0 0 0 0 1095296 4771714 4244793 0
20170529 16:02:09 3 6 0 1 0 3 0 0 0 0 1062842 4741206 4113940 0
20170529 16:02:10 4 4 0 1 0 4 0 0 0 0 1143262 4647244 4438546 0
20170529 16:02:11 5 7 0 7 0 2 0 0 0 0 1190547 2555593 4692337 0
20170529 16:02:12 17 20 7 5 0 5 0 0 0 0 234635 177396 935317 0
20170529 16:02:13 2 4 0 1 0 1 0 0 0 0 0 0 0 0
20170529 16:02:14 2 4 0 1 0 4 0 0 0 0 2 0 0 0
20170529 16:02:15 12 16 1 13 0 3 0 0 0 0 0 0 0 0
20170529 16:02:16 12 18 15 7 0 2 0 0 0 0 1527302 6015458 5930280 0
20170529 16:02:17 5 10 1 1 0 3 0 0 0 0 1852973 7289162 7195439 0
20170529 16:02:18 5 6 1 1 0 4 0 0 0 0 1929903 7024323 7512633 0
20170529 16:02:19 2 5 0 1 0 2 0 0 0 0 1836780 6902371 7142564 0
20170529 16:02:20 2 4 0 1 0 3 0 0 0 0 1847429 7169564 7178156 0
20170529 16:02:21 17 20 15 16 0 3 0 0 0 0 1049746 3832194 4154081 0
20170529 16:02:22 24 29 4 34 0 4 0 0 0 0 2248544 9095295 9020576 0
20170529 16:02:23 2 5 0 3 0 1 0 0 0 0 2369392 9764920 9507667 0
20170529 16:02:24 5 6 1 1 0 4 0 0 0 0 2524891 10088618 10126703 0
20170529 16:02:25 2 4 0 1 0 3 0 0 0 0 1374870 6099090 5512901 0
20170529 16:02:26 4 8 0 8 0 2 0 0 0 0 2 0 0 0
20170529 16:02:27 9 12 1 28 0 4 0 0 0 0 0 0 0 0
20170529 16:02:28 2 4 0 1 0 3 0 0 0 0 2 0 0 0
20170529 16:02:29 2 4 0 1 0 1 0 0 0 0 0 0 0 0
