waiting for 1 second sample...
#Date Time [NET]RxPktTot [NET]TxPktTot [NET]RxKBTot [NET]TxKBTot [NET]RxCmpTot [NET]RxMltTot [NET]TxCmpTot [NET]RxErrsTot [NET]TxErrsTot [IB]InPkt [IB]OutPkt [IB]InKB [IB]OutKB [IB]Err
20170526 17:23:33 7 10 1 1 0 6 0 0 0 0 0 0 0 0
20170526 17:23:34 3 6 0 1 0 1 0 0 0 0 9 4 1 0
20170526 17:23:35 2 4 0 1 0 4 0 0 0 0 0 0 0 0
20170526 17:23:36 5 6 1 1 0 3 0 0 0 0 2 0 0 0
20170526 17:23:37 2 4 0 1 0 3 0 0 0 0 0 0 0 0
20170526 17:23:38 3 4 0 1 0 2 0 0 0 0 2 0 0 0
20170526 17:23:39 4 6 0 1 0 5 0 0 0 0 0 0 0 0
20170526 17:23:40 4 5 0 1 0 0 0 0 0 0 2 0 0 0
20170526 17:23:41 6 7 1 2 0 5 0 0 0 0 3252 412005 89 0
20170526 17:23:42 6 8 1 1 0 2 0 0 0 0 7814 988813 215 0
20170526 17:23:43 5 11 1 4 0 4 0 0 0 0 9608 1215416 264 0
20170526 17:23:44 106 110 19 19 0 3 0 0 0 0 10856 1371978 298 0
20170526 17:23:45 22 28 3 4 0 3 0 0 0 0 10239 1293697 281 0
20170526 17:23:46 2 4 0 1 0 1 0 0 0 0 9873 1248377 271 0
20170526 17:23:47 16 20 10 6 0 6 0 0 0 0 2077 259574 61 0
20170526 17:23:48 3 6 0 1 0 0 0 0 0 0 2 0 0 0
20170526 17:23:49 3 6 0 8 0 4 0 0 0 0 0 0 0 0
20170526 17:23:50 5 5 1 1 0 3 0 0 0 0 2 0 0 0
20170526 17:23:51 7 9 1 6 0 4 0 0 0 0 0 0 0 0
20170526 17:23:52 2 4 0 1 0 1 0 0 0 0 2 0 0 0
20170526 17:23:53 4 4 0 1 0 5 0 0 0 0 0 0 0 0
20170526 17:23:54 6 12 1 29 0 1 0 0 0 0 375199 836732 1478472 0
20170526 17:23:55 2 4 0 1 0 4 0 0 0 0 1328673 4821712 5178710 0
20170526 17:23:56 4 4 0 1 0 2 0 0 0 0 1376345 4957722 5364308 0
20170526 17:23:57 3 6 0 1 0 4 0 0 0 0 1516654 5658258 5904758 0
20170526 17:23:58 2 5 0 4 0 1 0 0 0 0 1504289 5529989 5859014 0
20170526 17:23:59 5 6 1 1 0 5 0 0 0 0 1446718 5621649 5625018 0
20170526 17:24:00 6 11 1 2 0 2 0 0 0 0 1469559 5748542 5712811 0
20170526 17:24:01 18 21 2 8 0 3 0 0 0 0 1496758 5930475 5817840 0
20170526 17:24:02 5 6 0 1 0 3 0 0 0 0 1502278 6212424 5830709 0
20170526 17:24:03 16 25 7 4 0 4 0 0 0 0 313996 3178877 1160515 0
20170526 17:24:04 8 13 1 2 0 0 0 0 0 0 2 0 0 0
20170526 17:24:05 4 4 0 1 0 6 0 0 0 0 0 0 0 0
20170526 17:24:06 4 7 0 1 0 1 0 0 0 0 2 0 0 0
20170526 17:24:07 3 5 0 1 0 3 0 0 0 0 0 0 0 0
20170526 17:24:08 4 4 0 1 0 4 0 0 0 0 2 0 0 0
20170526 17:24:09 8 13 1 7 0 3 0 0 0 0 0 0 0 0
20170526 17:24:10 6 7 7 3 0 2 0 0 0 0 192645 717088 750057 0
20170526 17:24:11 6 7 1 5 0 5 0 0 0 0 1002830 3927367 3898530 0
20170526 17:24:12 3 6 0 1 0 0 0 0 0 0 996352 4166318 3865617 0
20170526 17:24:13 4 5 0 4 0 6 0 0 0 0 963765 4199241 3733778 0
20170526 17:24:14 2 4 0 1 0 1 0 0 0 0 890733 4149729 3442478 0
20170526 17:24:15 11 21 1 3 0 3 0 0 0 0 1160221 4673233 4507226 0
20170526 17:24:16 15 15 2 3 0 4 0 0 0 0 1178128 4554126 4582608 0
20170526 17:24:17 2 5 0 1 0 3 0 0 0 0 1116889 4356558 4343592 0
20170526 17:24:18 3 6 0 1 0 1 0 0 0 0 1179937 4260901 4597627 0
20170526 17:24:19 9 11 8 16 0 6 0 0 0 0 783732 947760 3112382 0
20170526 17:24:20 3 5 0 1 0 0 0 0 0 0 2 0 0 0
20170526 17:24:21 9 15 1 6 0 4 0 0 0 0 0 0 0 0
20170526 17:24:22 5 5 0 1 0 3 0 0 0 0 1388571 4478119 5572492 0
20170526 17:24:23 25 31 5 6 0 3 0 0 0 0 2032780 7503322 8154688 0
20170526 17:24:24 9 18 1 42 0 2 0 0 0 0 2117756 7618238 8496158 0
20170526 17:24:25 5 5 0 1 0 5 0 0 0 0 2225345 8292037 8927587 0
20170526 17:24:26 10 14 1 2 0 1 0 0 0 0 1184398 8278986 4747933 0
20170526 17:24:27 4 8 0 5 0 4 0 0 0 0 149 609761 6 0
20170526 17:24:28 4 5 0 4 0 2 0 0 0 0 2 0 0 0
20170526 17:24:29 5 6 0 1 0 5 0 0 0 0 0 0 0 0
