waiting for 1 second sample...
#Date Time [NET]RxPktTot [NET]TxPktTot [NET]RxKBTot [NET]TxKBTot [NET]RxCmpTot [NET]RxMltTot [NET]TxCmpTot [NET]RxErrsTot [NET]TxErrsTot [IB]InPkt [IB]OutPkt [IB]InKB [IB]OutKB [IB]Err
20170526 17:52:43 4 8 0 1 0 3 0 0 0 0 2 0 0 0
20170526 17:52:44 6 9 1 1 0 2 0 0 0 0 0 0 0 0
20170526 17:52:45 14 21 2 3 0 5 0 0 0 0 2 0 0 0
20170526 17:52:46 5 11 0 5 0 0 0 0 0 0 5 3 0 0
20170526 17:52:47 3 4 0 1 0 5 0 0 0 0 2 0 0 0
20170526 17:52:48 3 4 0 1 0 2 0 0 0 0 0 0 0 0
20170526 17:52:49 10 16 1 4 0 3 0 0 0 0 2 0 0 0
20170526 17:52:50 3 5 0 1 0 3 0 0 0 0 0 0 0 0
20170526 17:52:51 7 9 1 7 0 4 0 0 0 0 2 0 0 0
20170526 17:52:52 4 9 0 1 0 1 0 0 0 0 0 0 0 0
20170526 17:52:53 103 107 18 18 0 5 0 0 0 0 5836 737490 160 0
20170526 17:52:54 4 6 0 1 0 1 0 0 0 0 8194 1037442 225 0
20170526 17:52:55 4 8 0 1 0 4 0 0 0 0 9196 1162667 253 0
20170526 17:52:56 20 26 3 43 0 3 0 0 0 0 9836 1244257 270 0
20170526 17:52:57 5 7 0 1 0 4 0 0 0 0 10141 1281337 279 0
20170526 17:52:58 4 8 0 1 0 1 0 0 0 0 10861 1371978 298 0
20170526 17:52:59 25 29 18 16 0 5 0 0 0 0 158 16490 8 0
20170526 17:53:00 2 4 0 1 0 1 0 0 0 0 0 0 0 0
20170526 17:53:01 8 19 1 74 0 5 0 0 0 0 2 0 0 0
20170526 17:53:02 4 4 0 1 0 2 0 0 0 0 0 0 0 0
20170526 17:53:03 5 7 0 1 0 4 0 0 0 0 2 0 0 0
20170526 17:53:04 4 11 0 2 0 1 0 0 0 0 0 0 0 0
20170526 17:53:05 13 20 2 3 0 6 0 0 0 0 2 0 0 0
20170526 17:53:06 4 7 0 10 0 1 0 0 0 0 200947 1890742 746590 0
20170526 17:53:07 5 8 0 1 0 4 0 0 0 0 1257899 4637362 4899823 0
20170526 17:53:08 4 6 0 1 0 2 0 0 0 0 1323570 4915901 5155351 0
20170526 17:53:09 9 12 1 8 0 4 0 0 0 0 1533836 5814012 5971892 0
20170526 17:53:10 10 15 1 2 0 1 0 0 0 0 1332200 5597090 5171126 0
20170526 17:53:11 17 20 2 3 0 5 0 0 0 0 1207922 5901322 4662357 0
20170526 17:53:12 3 7 0 1 0 1 0 0 0 0 1398015 5711819 5426640 0
20170526 17:53:13 6 11 1 2 0 5 0 0 0 0 1507368 5727884 5865477 0
20170526 17:53:14 6 10 1 1 0 2 0 0 0 0 1498222 5765366 5826331 0
20170526 17:53:15 18 23 7 5 0 3 0 0 0 0 1044960 1970402 4128121 0
20170526 17:53:16 5 9 0 4 0 2 0 0 0 0 0 0 0 0
20170526 17:53:17 4 5 0 1 0 5 0 0 0 0 2 0 0 0
20170526 17:53:18 6 9 1 2 0 0 0 0 0 0 0 0 0 0
20170526 17:53:19 14 20 1 14 0 5 0 0 0 0 2 0 0 0
20170526 17:53:20 3 5 0 1 0 2 0 0 0 0 0 0 0 0
20170526 17:53:21 12 16 15 14 0 4 0 0 0 0 1094300 4877980 4231306 0
20170526 17:53:22 5 8 0 1 0 2 0 0 0 0 1532242 6149805 5947794 0
20170526 17:53:23 3 4 0 1 0 4 0 0 0 0 1631237 6313478 6340594 0
20170526 17:53:24 3 6 0 1 0 1 0 0 0 0 1620085 6463853 6293396 0
20170526 17:53:25 16 28 3 4 0 6 0 0 0 0 1565014 6385492 6075828 0
20170526 17:53:26 18 21 2 4 0 0 0 0 0 0 1671747 5847947 6520055 0
20170526 17:53:27 17 22 15 15 0 4 0 0 0 0 387862 585436 1536384 0
20170526 17:53:28 6 8 1 1 0 3 0 0 0 0 145039 2356832 575880 0
20170526 17:53:29 6 9 1 8 0 4 0 0 0 0 2546671 10124331 10219030 0
20170526 17:53:30 2 4 0 1 0 1 0 0 0 0 2544620 10104086 10208088 0
20170526 17:53:31 10 20 1 83 0 5 0 0 0 0 2432639 10300847 9757706 0
20170526 17:53:32 4 9 0 8 0 1 0 0 0 0 1440910 3980911 5785006 0
20170526 17:53:33 5 7 0 1 0 4 0 0 0 0 2 0 0 0
20170526 17:53:34 9 14 1 2 0 2 0 0 0 0 0 0 0 0
20170526 17:53:35 2 5 0 1 0 4 0 0 0 0 2 0 0 0
