waiting for 1 second sample...
#Date Time [NET]RxPktTot [NET]TxPktTot [NET]RxKBTot [NET]TxKBTot [NET]RxCmpTot [NET]RxMltTot [NET]TxCmpTot [NET]RxErrsTot [NET]TxErrsTot [IB]InPkt [IB]OutPkt [IB]InKB [IB]OutKB [IB]Err
20170526 18:52:34 4 7 0 1 0 1 0 0 0 0 2 1 0 0
20170526 18:52:35 4 5 0 1 0 5 0 0 0 0 2 0 0 0
20170526 18:52:36 3 5 0 1 0 2 0 0 0 0 0 0 0 0
20170526 18:52:37 4 8 0 1 0 3 0 0 0 0 2 0 0 0
20170526 18:52:38 3 4 0 1 0 3 0 0 0 0 0 0 0 0
20170526 18:52:39 4 5 0 1 0 3 0 0 0 0 2 0 0 0
20170526 18:52:40 3 6 0 1 0 2 0 0 0 0 0 0 0 0
20170526 18:52:41 3 4 0 1 0 4 0 0 0 0 2551 321364 70 0
20170526 18:52:42 4 5 0 1 0 2 0 0 0 0 6758 856971 186 0
20170526 18:52:43 3 6 0 1 0 4 0 0 0 0 9233 1170096 254 0
20170526 18:52:44 6 7 1 2 0 2 0 0 0 0 10209 1293697 280 0
20170526 18:52:45 10 14 1 16 0 4 0 0 0 0 9640 1219536 265 0
20170526 18:52:46 3 6 0 1 0 2 0 0 0 0 10616 1343138 292 0
20170526 18:52:47 18 20 2 3 0 3 0 0 0 0 5437 688049 149 0
20170526 18:52:48 33 40 59 28 0 3 0 0 0 0 26 10 5 0
20170526 18:52:49 6 12 1 2 0 3 0 0 0 0 2 0 0 0
20170526 18:52:50 3 4 0 1 0 3 0 0 0 0 0 0 0 0
20170526 18:52:51 4 7 0 1 0 4 0 0 0 0 2 0 0 0
20170526 18:52:52 6 7 1 1 0 2 0 0 0 0 0 0 0 0
20170526 18:52:53 3 5 0 1 0 3 0 0 0 0 2 0 0 0
20170526 18:52:54 6 9 1 20 0 3 0 0 0 0 0 0 0 0
20170526 18:52:55 8 15 1 53 0 3 0 0 0 0 793906 3090752 3086999 0
20170526 18:52:56 2 4 0 1 0 2 0 0 0 0 1130945 4875143 4383956 0
20170526 18:52:57 3 4 0 1 0 4 0 0 0 0 1320979 5097009 5140820 0
20170526 18:52:58 6 7 1 1 0 3 0 0 0 0 1492190 5802376 5806532 0
20170526 18:52:59 3 4 0 1 0 4 0 0 0 0 1527435 5626110 5948276 0
20170526 18:53:00 2 4 0 1 0 1 0 0 0 0 1468285 5596404 5711512 0
20170526 18:53:01 4 6 0 1 0 3 0 0 0 0 1477712 6020781 5736861 0
20170526 18:53:02 18 20 2 3 0 4 0 0 0 0 1509406 5798321 5870502 0
20170526 18:53:03 102 107 18 21 0 1 0 0 0 0 1552999 5769533 6046806 0
20170526 18:53:04 45 54 11 36 0 4 0 0 0 0 30743 692195 100974 0
20170526 18:53:05 16 21 1 19 0 4 0 0 0 0 2 0 0 0
20170526 18:53:06 22 30 2 30 0 2 0 0 0 0 0 0 0 0
20170526 18:53:07 4 7 0 1 0 4 0 0 0 0 2 0 0 0
20170526 18:53:08 25 33 58 24 0 2 0 0 0 0 951355 3747101 3689636 0
20170526 18:53:09 6 11 1 1 0 3 0 0 0 0 2333052 8812572 9071939 0
20170526 18:53:10 4 6 0 1 0 3 0 0 0 0 2357989 8985989 9167050 0
20170526 18:53:11 3 4 0 1 0 3 0 0 0 0 1842689 6790473 7182303 0
20170526 18:53:12 2 4 0 1 0 3 0 0 0 0 2028936 7130590 7900512 0
20170526 18:53:13 12 22 1 33 0 3 0 0 0 0 12516 1524479 346 0
20170526 18:53:14 27 29 57 25 0 3 0 0 0 0 588942 2947489 2360046 0
20170526 18:53:15 9 14 1 18 0 3 0 0 0 0 2558258 10181068 10261951 0
20170526 18:53:16 4 6 0 1 0 2 0 0 0 0 2588893 10339942 10383565 0
20170526 18:53:17 18 21 2 4 0 4 0 0 0 0 2497950 9871841 10020040 0
20170526 18:53:18 10 21 1 32 0 2 0 0 0 0 945974 3502239 3796541 0
20170526 18:53:19 4 6 0 1 0 3 0 0 0 0 2 0 0 0
20170526 18:53:20 4 6 0 1 0 4 0 0 0 0 0 0 0 0
20170526 18:53:21 8 12 1 2 0 2 0 0 0 0 2 0 0 0
