waiting for 1 second sample...
#Date Time [NET]RxPktTot [NET]TxPktTot [NET]RxKBTot [NET]TxKBTot [NET]RxCmpTot [NET]RxMltTot [NET]TxCmpTot [NET]RxErrsTot [NET]TxErrsTot [IB]InPkt [IB]OutPkt [IB]InKB [IB]OutKB [IB]Err
20170526 18:52:34 3 6 0 1 0 1 0 0 0 0 2 1 0 0
20170526 18:52:35 9 15 1 2 0 5 0 0 0 0 2 0 0 0
20170526 18:52:36 3 4 0 1 0 2 0 0 0 0 0 0 0 0
20170526 18:52:37 4 7 0 2 0 4 0 0 0 0 2 0 0 0
20170526 18:52:38 2 4 0 1 0 2 0 0 0 0 0 0 0 0
20170526 18:52:39 5 8 0 4 0 3 0 0 0 0 2 0 0 0
20170526 18:52:40 4 6 0 1 0 3 0 0 0 0 0 0 0 0
20170526 18:52:41 17 21 2 3 0 3 0 0 0 0 2815 346085 77 0
20170526 18:52:42 6 7 1 2 0 2 0 0 0 0 6864 844611 188 0
20170526 18:52:43 5 7 0 1 0 5 0 0 0 0 9156 1124775 251 0
20170526 18:52:44 3 4 0 1 0 2 0 0 0 0 9961 1223656 274 0
20170526 18:52:45 2 4 0 1 0 3 0 0 0 0 10384 1277696 285 0
20170526 18:52:46 5 7 0 1 0 3 0 0 0 0 9114 1122875 250 0
20170526 18:52:47 5 8 1 1 0 3 0 0 0 0 5982 734793 164 0
20170526 18:52:48 30 39 59 78 0 2 0 0 0 0 17 2 4 0
20170526 18:52:49 4 6 0 1 0 4 0 0 0 0 2 0 0 0
20170526 18:52:50 3 4 0 1 0 3 0 0 0 0 0 0 0 0
20170526 18:52:51 6 10 1 1 0 3 0 0 0 0 2 0 0 0
20170526 18:52:52 9 13 1 21 0 2 0 0 0 0 0 0 0 0
20170526 18:52:53 4 5 0 1 0 4 0 0 0 0 2 0 0 0
20170526 18:52:54 2 5 0 3 0 2 0 0 0 0 0 0 0 0
20170526 18:52:55 16 27 2 3 0 3 0 0 0 0 902355 2835466 3527500 0
20170526 18:52:56 17 19 2 3 0 3 0 0 0 0 1140748 4669097 4427951 0
20170526 18:52:57 2 4 0 1 0 3 0 0 0 0 1260968 4986450 4902191 0
20170526 18:52:58 7 16 1 70 0 3 0 0 0 0 1168137 5699116 4508679 0
20170526 18:52:59 3 4 0 1 0 4 0 0 0 0 1395351 5604538 5422616 0
20170526 18:53:00 2 4 0 1 0 1 0 0 0 0 1523322 5542355 5936626 0
20170526 18:53:01 104 108 19 19 0 3 0 0 0 0 1495634 5868941 5817253 0
20170526 18:53:02 7 10 1 20 0 4 0 0 0 0 1487120 5952455 5780885 0
20170526 18:53:03 4 8 0 19 0 1 0 0 0 0 1421655 5674355 5521180 0
20170526 18:53:04 40 47 11 16 0 4 0 0 0 0 531437 485250 2115829 0
20170526 18:53:05 4 6 0 1 0 3 0 0 0 0 2 0 0 0
20170526 18:53:06 35 46 3 48 0 3 0 0 0 0 0 0 0 0
20170526 18:53:07 5 12 1 2 0 3 0 0 0 0 2 0 0 0
20170526 18:53:08 23 30 58 23 0 3 0 0 0 0 924767 3315710 3597049 0
20170526 18:53:09 3 5 0 4 0 3 0 0 0 0 2385214 9263934 9265697 0
20170526 18:53:10 4 8 0 1 0 3 0 0 0 0 2383871 9186603 9263398 0
20170526 18:53:11 17 19 2 3 0 2 0 0 0 0 1894141 6865714 7385383 0
20170526 18:53:12 11 19 1 29 0 5 0 0 0 0 1904392 7129538 7401084 0
20170526 18:53:13 10 18 1 25 0 2 0 0 0 0 11294 1369755 312 0
20170526 18:53:14 22 25 57 23 0 2 0 0 0 0 579525 2635126 2323526 0
20170526 18:53:15 9 16 1 2 0 4 0 0 0 0 2443061 10146056 9798297 0
20170526 18:53:16 5 8 0 5 0 3 0 0 0 0 2590442 10551141 10390379 0
20170526 18:53:17 5 10 0 8 0 2 0 0 0 0 2590690 10403046 10391410 0
20170526 18:53:18 9 16 1 19 0 4 0 0 0 0 1026456 3070131 4120411 0
20170526 18:53:19 4 6 0 1 0 2 0 0 0 0 2 0 0 0
20170526 18:53:20 2 4 0 1 0 4 0 0 0 0 0 0 0 0
20170526 18:53:21 3 4 0 1 0 2 0 0 0 0 2 0 0 0
