waiting for 1 second sample...
#Date Time [NET]RxPktTot [NET]TxPktTot [NET]RxKBTot [NET]TxKBTot [NET]RxCmpTot [NET]RxMltTot [NET]TxCmpTot [NET]RxErrsTot [NET]TxErrsTot [IB]InPkt [IB]OutPkt [IB]InKB [IB]OutKB [IB]Err
20170526 18:12:17 4 6 0 1 0 4 0 0 0 0 2 0 0 0
20170526 18:12:18 4 7 0 1 0 1 0 0 0 0 0 0 0 0
20170526 18:12:19 3 4 0 1 0 5 0 0 0 0 4 1 0 0
20170526 18:12:20 4 7 0 1 0 1 0 0 0 0 0 0 0 0
20170526 18:12:21 3 7 0 4 0 4 0 0 0 0 2 0 0 0
20170526 18:12:22 5 5 0 1 0 3 0 0 0 0 0 0 0 0
20170526 18:12:23 17 23 3 4 0 4 0 0 0 0 2 0 0 0
20170526 18:12:24 10 14 1 2 0 1 0 0 0 0 0 0 0 0
20170526 18:12:25 18 19 2 3 0 5 0 0 0 0 2 0 0 0
20170526 18:12:26 2 4 0 1 0 1 0 0 0 0 782 98881 21 0
20170526 18:12:27 4 8 0 1 0 4 0 0 0 0 7904 1001173 217 0
20170526 18:12:28 6 11 1 52 0 2 0 0 0 0 9214 1165975 253 0
20170526 18:12:29 5 7 0 2 0 4 0 0 0 0 10020 1268977 275 0
20170526 18:12:30 4 9 1 1 0 2 0 0 0 0 11011 1392578 302 0
20170526 18:12:31 4 4 0 1 0 6 0 0 0 0 10033 1268977 276 0
20170526 18:12:32 27 37 31 15 0 1 0 0 0 0 5188 655089 142 0
20170526 18:12:33 14 21 3 22 0 3 0 0 0 0 28 10 5 0
20170526 18:12:34 4 4 0 1 0 3 0 0 0 0 0 0 0 0
20170526 18:12:35 2 5 0 1 0 4 0 0 0 0 2 0 0 0
20170526 18:12:36 3 7 0 4 0 0 0 0 0 0 0 0 0 0
20170526 18:12:37 4 4 0 1 0 6 0 0 0 0 2 0 0 0
20170526 18:12:38 2 4 0 1 0 1 0 0 0 0 0 0 0 0
20170526 18:12:39 6 10 1 12 0 4 0 0 0 0 2 0 0 0
20170526 18:12:40 18 19 2 3 0 3 0 0 0 0 955464 3693371 3717187 0
20170526 18:12:41 2 4 0 1 0 3 0 0 0 0 1130104 4721746 4385406 0
20170526 18:12:42 3 6 0 1 0 1 0 0 0 0 1392629 5501588 5414542 0
20170526 18:12:43 7 8 1 10 0 6 0 0 0 0 1445268 5652724 5621766 0
20170526 18:12:44 2 4 0 1 0 0 0 0 0 0 1499949 6063350 5828357 0
20170526 18:12:45 4 6 0 1 0 5 0 0 0 0 1510684 5662482 5881871 0
20170526 18:12:46 5 5 0 1 0 2 0 0 0 0 1526144 5913577 5934706 0
20170526 18:12:47 2 4 0 1 0 4 0 0 0 0 1511337 5893079 5874795 0
20170526 18:12:48 10 15 1 2 0 2 0 0 0 0 1368513 5089535 5326983 0
20170526 18:12:49 26 31 8 19 0 4 0 0 0 0 1043 127722 29 0
20170526 18:12:50 2 5 0 1 0 1 0 0 0 0 0 0 0 0
20170526 18:12:51 16 23 1 18 0 5 0 0 0 0 2 0 0 0
20170526 18:12:52 14 24 2 12 0 1 0 0 0 0 0 0 0 0
20170526 18:12:53 114 118 47 30 0 4 0 0 0 0 1520577 6205777 5896224 0
20170526 18:12:54 10 13 1 2 0 3 0 0 0 0 2094410 7918313 8142808 0
20170526 18:12:55 18 20 2 3 0 4 0 0 0 0 2050112 8257333 7957451 0
20170526 18:12:56 2 4 0 1 0 1 0 0 0 0 1969112 7841973 7646524 0
20170526 18:12:57 7 10 1 9 0 5 0 0 0 0 1816560 6763322 7067726 0
20170526 18:12:58 17 25 29 72 0 1 0 0 0 0 231090 98 927234 0
20170526 18:12:59 6 9 1 12 0 4 0 0 0 0 2297865 6916998 9224531 0
20170526 18:13:00 5 6 1 1 0 2 0 0 0 0 2507162 10051842 10057634 0
20170526 18:13:01 2 4 0 1 0 4 0 0 0 0 2602624 10165523 10441472 0
20170526 18:13:02 5 10 0 11 0 1 0 0 0 0 1627635 9536004 6521259 0
20170526 18:13:03 9 14 1 34 0 6 0 0 0 0 192 225542 9 0
20170526 18:13:04 2 4 0 1 0 1 0 0 0 0 0 0 0 0
20170526 18:13:05 2 5 0 1 0 3 0 0 0 0 2 0 0 0
