waiting for 1 second sample...
#Date Time [NET]RxPktTot [NET]TxPktTot [NET]RxKBTot [NET]TxKBTot [NET]RxCmpTot [NET]RxMltTot [NET]TxCmpTot [NET]RxErrsTot [NET]TxErrsTot [IB]InPkt [IB]OutPkt [IB]InKB [IB]OutKB [IB]Err
20170529 16:06:51 5 6 1 1 0 4 0 0 0 0 0 0 0 0
20170529 16:06:52 3 5 0 1 0 2 0 0 0 0 7252 918773 199 0
20170529 16:06:53 5 6 0 1 0 4 0 0 0 0 6773 856971 186 0
20170529 16:06:54 4 6 0 1 0 3 0 0 0 0 6443 815771 177 0
20170529 16:06:55 2 5 0 1 0 3 0 0 0 0 7066 894052 194 0
20170529 16:06:56 4 5 0 1 0 2 0 0 0 0 6017 762210 165 0
20170529 16:06:57 9 16 1 54 0 3 0 0 0 0 6244 791050 171 0
20170529 16:06:58 21 28 11 10 0 3 0 0 0 0 597959 1892690 2338384 0
20170529 16:06:59 3 4 0 1 0 2 0 0 0 0 1239635 4334462 4836182 0
20170529 16:07:00 4 6 0 1 0 5 0 0 0 0 1248286 4842238 4854604 0
20170529 16:07:01 21 24 4 4 0 1 0 0 0 0 1253708 4803801 4875212 0
20170529 16:07:02 5 8 1 1 0 4 0 0 0 0 1304811 4687917 5082348 0
20170529 16:07:03 4 6 0 1 0 3 0 0 0 0 1237553 4721912 4812255 0
20170529 16:07:04 2 4 0 1 0 2 0 0 0 0 1262415 4446633 4920714 0
20170529 16:07:05 4 6 0 1 0 3 0 0 0 0 1331813 4689981 5192186 0
20170529 16:07:06 14 18 7 3 0 4 0 0 0 0 37602 2105370 82872 0
20170529 16:07:07 7 12 1 40 0 1 0 0 0 0 0 0 0 0
20170529 16:07:08 7 12 1 2 0 5 0 0 0 0 2 0 0 0
20170529 16:07:09 7 8 1 1 0 2 0 0 0 0 0 0 0 0
20170529 16:07:10 2 5 0 1 0 3 0 0 0 0 2 0 0 0
20170529 16:07:11 7 9 1 6 0 3 0 0 0 0 0 0 0 0
20170529 16:07:12 13 18 9 16 0 3 0 0 0 0 497659 1821553 1936765 0
20170529 16:07:13 3 6 0 3 0 2 0 0 0 0 1201410 4558712 4670985 0
20170529 16:07:14 22 25 5 5 0 4 0 0 0 0 1198866 4378833 4667199 0
20170529 16:07:15 4 6 0 1 0 2 0 0 0 0 1210670 4371379 4716066 0
20170529 16:07:16 32 38 5 5 0 4 0 0 0 0 1130869 4349748 4396608 0
20170529 16:07:17 8 13 1 47 0 2 0 0 0 0 1036567 4800711 4003895 0
20170529 16:07:18 5 7 0 1 0 4 0 0 0 0 1067081 4420570 4138747 0
20170529 16:07:19 2 4 0 1 0 2 0 0 0 0 1184219 4708678 4599143 0
20170529 16:07:20 4 6 0 4 0 3 0 0 0 0 934717 3568171 3634775 0
20170529 16:07:21 7 9 7 4 0 3 0 0 0 0 1297940 4548640 5198026 0
20170529 16:07:22 3 5 0 1 0 4 0 0 0 0 2341072 7611099 9395104 0
20170529 16:07:23 3 4 0 1 0 2 0 0 0 0 2417467 7638878 9702412 0
20170529 16:07:24 3 6 0 1 0 4 0 0 0 0 2413678 7201896 9688379 0
20170529 16:07:25 103 107 18 19 0 2 0 0 0 0 877139 9427569 3509422 0
20170529 16:07:26 3 4 0 1 0 4 0 0 0 0 676 850923 31 0
20170529 16:07:27 9 19 1 67 0 2 0 0 0 0 0 0 0 0
20170529 16:07:28 11 19 2 5 0 4 0 0 0 0 2 0 0 0
