waiting for 1 second sample...
#Date Time [NET]RxPktTot [NET]TxPktTot [NET]RxKBTot [NET]TxKBTot [NET]RxCmpTot [NET]RxMltTot [NET]TxCmpTot [NET]RxErrsTot [NET]TxErrsTot [IB]InPkt [IB]OutPkt [IB]InKB [IB]OutKB [IB]Err
20170529 15:57:36 24 26 30 13 0 5 0 0 0 0 3777 477927 104 0
20170529 15:57:37 19 24 4 5 0 2 0 0 0 0 947249 3399964 3692414 0
20170529 15:57:38 2 4 0 1 0 3 0 0 0 0 1223007 4702138 4758779 0
20170529 15:57:39 5 6 1 1 0 3 0 0 0 0 1221846 4648577 4755159 0
20170529 15:57:40 2 4 0 1 0 3 0 0 0 0 1200369 4724669 4666585 0
20170529 15:57:41 7 8 1 12 0 3 0 0 0 0 1232723 4809729 4792798 0
20170529 15:57:42 4 6 0 1 0 4 0 0 0 0 1250695 4996282 4858762 0
20170529 15:57:43 2 4 0 1 0 1 0 0 0 0 1249957 4764062 4861082 0
20170529 15:57:44 32 38 5 5 0 4 0 0 0 0 1121064 4446596 4353643 0
20170529 15:57:45 28 33 21 10 0 3 0 0 0 0 7117 873454 195 0
20170529 15:57:46 2 4 0 1 0 3 0 0 0 0 2 0 0 0
20170529 15:57:47 3 5 0 3 0 2 0 0 0 0 0 0 0 0
20170529 15:57:48 4 6 0 1 0 4 0 0 0 0 2 0 0 0
20170529 15:57:49 29 35 30 35 0 2 0 0 0 0 286208 2434132 1066865 0
20170529 15:57:50 11 16 2 21 0 4 0 0 0 0 1427296 9128088 5429206 0
20170529 15:57:51 7 10 1 12 0 2 0 0 0 0 1583205 9312807 6048271 0
20170529 15:57:52 2 4 0 1 0 3 0 0 0 0 1974883 9077002 7627858 0
20170529 15:57:53 10 17 2 2 0 3 0 0 0 0 2117988 5710382 8310329 0
20170529 15:57:54 5 8 0 5 0 4 0 0 0 0 1388424 965142 5537716 0
20170529 15:57:55 19 32 29 110 0 1 0 0 0 0 1645536 3864668 6595015 0
20170529 15:57:56 3 4 0 1 0 4 0 0 0 0 2354597 9335305 9447043 0
20170529 15:57:57 5 6 1 1 0 4 0 0 0 0 2279863 9403986 9146068 0
20170529 15:57:58 2 4 0 1 0 3 0 0 0 0 2438042 9833032 9779756 0
20170529 15:57:59 27 32 4 18 0 2 0 0 0 0 1262881 4991089 5067653 0
20170529 15:58:00 4 7 0 2 0 4 0 0 0 0 2 0 0 0
20170529 15:58:01 5 7 0 2 0 2 0 0 0 0 0 0 0 0
