waiting for 1 second sample...
#Date Time [NET]RxPktTot [NET]TxPktTot [NET]RxKBTot [NET]TxKBTot [NET]RxCmpTot [NET]RxMltTot [NET]TxCmpTot [NET]RxErrsTot [NET]TxErrsTot [IB]InPkt [IB]OutPkt [IB]InKB [IB]OutKB [IB]Err
20170526 18:52:34 11 16 2 5 0 1 0 0 0 0 0 0 0 0
20170526 18:52:35 6 6 1 1 0 5 0 0 0 0 2 0 0 0
20170526 18:52:36 8 11 1 2 0 1 0 0 0 0 0 0 0 0
20170526 18:52:37 8 9 1 1 0 5 0 0 0 0 2 0 0 0
20170526 18:52:38 4 7 0 17 0 1 0 0 0 0 0 0 0 0
20170526 18:52:39 5 7 0 1 0 4 0 0 0 0 2 0 0 0
20170526 18:52:40 9 10 1 3 0 2 0 0 0 0 0 0 0 0
20170526 18:52:41 12 12 1 2 0 4 0 0 0 0 2416 296645 67 0
20170526 18:52:42 5 5 0 1 0 2 0 0 0 0 6528 803411 179 0
20170526 18:52:43 6 8 1 2 0 5 0 0 0 0 9276 1141255 255 0
20170526 18:52:44 3 4 0 1 0 1 0 0 0 0 9719 1194816 267 0
20170526 18:52:45 9 12 1 6 0 4 0 0 0 0 9982 1226774 274 0
20170526 18:52:46 8 10 1 2 0 2 0 0 0 0 10794 1327660 296 0
20170526 18:52:47 25 32 4 5 0 4 0 0 0 0 6375 782810 175 0
20170526 18:52:48 35 37 59 25 0 1 0 0 0 0 17 2 4 0
20170526 18:52:49 6 8 1 4 0 5 0 0 0 0 2 0 0 0
20170526 18:52:50 16 14 1 21 0 2 0 0 0 0 0 0 0 0
20170526 18:52:51 95 264 8 356 0 4 0 0 0 0 2 0 0 0
20170526 18:52:52 30 47 3 45 0 1 0 0 0 0 0 0 0 0
20170526 18:52:53 13 19 1 82 0 5 0 0 0 0 2 0 0 0
20170526 18:52:54 17 16 2 6 0 1 0 0 0 0 0 0 0 0
20170526 18:52:55 7 9 1 2 0 4 0 0 0 0 702484 3017928 2719988 0
20170526 18:52:56 37 46 4 29 0 2 0 0 0 0 1178674 4676001 4577383 0
20170526 18:52:57 16 15 2 2 0 4 0 0 0 0 1224596 5167689 4748075 0
20170526 18:52:58 22 24 2 4 0 2 0 0 0 0 1452198 5658343 5646494 0
20170526 18:52:59 19 17 2 3 0 5 0 0 0 0 1482065 5715767 5766021 0
20170526 18:53:00 27 31 3 23 0 0 0 0 0 0 1519367 6144429 5907203 0
20170526 18:53:01 20 21 2 3 0 5 0 0 0 0 1548759 5864290 6030773 0
20170526 18:53:02 34 33 4 5 0 2 0 0 0 0 1507523 5684021 5870157 0
20170526 18:53:03 17 17 2 3 0 3 0 0 0 0 1535438 5447104 5990484 0
20170526 18:53:04 155 167 30 55 0 4 0 0 0 0 156429 700560 605387 0
20170526 18:53:05 10 12 1 7 0 4 0 0 0 0 2 0 0 0
20170526 18:53:06 41 59 4 60 0 1 0 0 0 0 0 0 0 0
20170526 18:53:07 16 24 2 3 0 5 0 0 0 0 2 0 0 0
20170526 18:53:08 39 55 59 59 0 1 0 0 0 0 917157 3520421 3560832 0
20170526 18:53:09 10 9 1 1 0 5 0 0 0 0 2318307 9171260 9001457 0
20170526 18:53:10 10 13 1 21 0 1 0 0 0 0 2375005 9173474 9227929 0
20170526 18:53:11 53 85 5 88 0 4 0 0 0 0 1874198 6666132 7311424 0
20170526 18:53:12 23 45 2 51 0 3 0 0 0 0 1973358 7297760 7670930 0
20170526 18:53:13 11 21 1 25 0 4 0 0 0 0 11490 1380249 350 0
20170526 18:53:14 22 25 57 23 0 1 0 0 0 0 601209 2961734 2408992 0
20170526 18:53:15 10 11 1 6 0 5 0 0 0 0 2618911 9401061 10508539 0
20170526 18:53:16 27 41 2 37 0 1 0 0 0 0 2734745 10487896 10971317 0
20170526 18:53:17 18 21 2 4 0 4 0 0 0 0 2480633 10295457 9949205 0
20170526 18:53:18 11 21 1 30 0 2 0 0 0 0 917616 3935430 3680181 0
20170526 18:53:19 4 7 0 4 0 4 0 0 0 0 2 0 0 0
20170526 18:53:20 5 7 0 2 0 2 0 0 0 0 0 0 0 0
20170526 18:53:21 42 78 4 95 0 4 0 0 0 0 2 0 0 0
