waiting for 1 second sample...
#Date Time [NET]RxPktTot [NET]TxPktTot [NET]RxKBTot [NET]TxKBTot [NET]RxCmpTot [NET]RxMltTot [NET]TxCmpTot [NET]RxErrsTot [NET]TxErrsTot [IB]InPkt [IB]OutPkt [IB]InKB [IB]OutKB [IB]Err
20170526 17:23:33 4 8 1 1 0 4 0 0 0 0 2 0 0 0
20170526 17:23:34 13 22 2 3 0 1 0 0 0 0 2 1 0 0
20170526 17:23:35 5 6 1 1 0 5 0 0 0 0 2 0 0 0
20170526 17:23:36 2 4 0 1 0 2 0 0 0 0 0 0 0 0
20170526 17:23:37 3 7 0 1 0 3 0 0 0 0 2 0 0 0
20170526 17:23:38 7 8 1 1 0 3 0 0 0 0 0 0 0 0
20170526 17:23:39 15 19 2 3 0 4 0 0 0 0 2 0 0 0
20170526 17:23:40 3 7 0 4 0 0 0 0 0 0 0 0 0 0
20170526 17:23:41 5 5 0 1 0 6 0 0 0 0 3641 446621 100 0
20170526 17:23:42 5 8 0 4 0 1 0 0 0 0 7818 962438 215 0
20170526 17:23:43 12 17 14 3 0 3 0 0 0 0 10233 1256617 281 0
20170526 17:23:44 10 10 1 1 0 4 0 0 0 0 11686 1437899 321 0
20170526 17:23:45 2 4 0 1 0 3 0 0 0 0 11780 1450259 324 0
20170526 17:23:46 4 8 0 1 0 1 0 0 0 0 10633 1306057 292 0
20170526 17:23:47 16 18 9 5 0 6 0 0 0 0 2537 309006 73 0
20170526 17:23:48 4 8 1 1 0 0 0 0 0 0 0 0 0 0
20170526 17:23:49 5 7 0 1 0 5 0 0 0 0 2 0 0 0
20170526 17:23:50 8 8 1 1 0 2 0 0 0 0 0 0 0 0
20170526 17:23:51 2 4 0 1 0 3 0 0 0 0 2 0 0 0
20170526 17:23:52 111 114 19 33 0 4 0 0 0 0 0 0 0 0
20170526 17:23:53 7 12 1 2 0 3 0 0 0 0 2 0 0 0
20170526 17:23:54 22 30 3 5 0 1 0 0 0 0 308929 721309 1215616 0
20170526 17:23:55 8 10 1 4 0 6 0 0 0 0 1372476 4866414 5349048 0
20170526 17:23:56 5 7 0 1 0 0 0 0 0 0 1340131 4826499 5221310 0
20170526 17:23:57 5 11 1 22 0 4 0 0 0 0 1462381 5733101 5684528 0
20170526 17:23:58 5 6 1 1 0 3 0 0 0 0 1454517 5430849 5660728 0
20170526 17:23:59 2 4 0 1 0 3 0 0 0 0 1514472 5678819 5895276 0
20170526 17:24:00 2 4 0 1 0 2 0 0 0 0 1510470 6124700 5870815 0
20170526 17:24:01 5 6 1 1 0 4 0 0 0 0 1494438 5834563 5814300 0
20170526 17:24:02 8 10 1 6 0 2 0 0 0 0 1501318 5803987 5840753 0
20170526 17:24:03 15 21 7 4 0 4 0 0 0 0 398909 3113593 1503297 0
20170526 17:24:04 6 8 1 1 0 3 0 0 0 0 0 0 0 0
20170526 17:24:05 2 4 0 1 0 3 0 0 0 0 2 0 0 0
20170526 17:24:06 2 5 0 1 0 2 0 0 0 0 0 0 0 0
20170526 17:24:07 8 9 1 1 0 4 0 0 0 0 2 0 0 0
20170526 17:24:08 6 9 0 1 0 3 0 0 0 0 0 0 0 0
20170526 17:24:09 23 27 3 10 0 2 0 0 0 0 2 0 0 0
20170526 17:24:10 8 10 8 7 0 4 0 0 0 0 207316 750163 807721 0
20170526 17:24:11 2 4 0 1 0 3 0 0 0 0 1171955 4204483 4569190 0
20170526 17:24:12 5 7 0 5 0 1 0 0 0 0 1156639 4144860 4509334 0
20170526 17:24:13 5 6 1 1 0 5 0 0 0 0 1147326 4166462 4471278 0
20170526 17:24:14 12 21 2 3 0 2 0 0 0 0 1204500 4451948 4690842 0
20170526 17:24:15 2 7 0 1 0 2 0 0 0 0 1223116 4345203 4766860 0
20170526 17:24:16 5 6 1 1 0 5 0 0 0 0 1214312 4572258 4723735 0
20170526 17:24:17 2 5 0 1 0 2 0 0 0 0 1224621 4796361 4758831 0
20170526 17:24:18 2 4 0 1 0 2 0 0 0 0 1014884 4467092 3927507 0
20170526 17:24:19 9 11 8 8 0 5 0 0 0 0 11588 1425546 318 0
20170526 17:24:20 9 11 1 1 0 1 0 0 0 0 0 0 0 0
20170526 17:24:21 4 4 0 1 0 6 0 0 0 0 2 0 0 0
20170526 17:24:22 8 13 1 17 0 1 0 0 0 0 1416996 4751286 5686012 0
20170526 17:24:23 19 26 3 5 0 2 0 0 0 0 2073900 7828389 8319533 0
20170526 17:24:24 27 28 4 5 0 5 0 0 0 0 2210041 8166269 8870927 0
20170526 17:24:25 7 14 1 5 0 2 0 0 0 0 2303253 8423818 9245820 0
20170526 17:24:26 5 8 0 1 0 2 0 0 0 0 1245942 7952673 4987849 0
20170526 17:24:27 9 13 1 37 0 5 0 0 0 0 27651 1 111241 0
20170526 17:24:28 3 6 0 1 0 1 0 0 0 0 0 0 0 0
20170526 17:24:29 3 5 0 1 0 4 0 0 0 0 2 0 0 0
