20170529 16:24:39 4 6 0 1 0 4 0 0 0 0 0 0 0 0
20170529 16:24:40 1943 2528 14595 19587 0 2 0 0 0 0 2 0 0 0
20170529 16:24:41 158794 157720 1311299 1306270 0 4 0 0 0 0 0 0 0 0
20170529 16:24:42 5 7 0 1 0 3 0 0 0 0 2 0 0 0
20170529 16:24:43 109135 7154 959446 464 0 1 0 0 0 0 0 0 0 0
20170529 16:24:44 111013 9587 972428 623 0 5 0 0 0 0 2 0 0 0
20170529 16:24:45 131996 309099 1016292 2650964 0 2 0 0 0 0 0 0 0 0
20170529 16:24:46 119350 7019 1050456 453 0 3 0 0 0 0 2 0 0 0
20170529 16:24:47 223821 313585 1805492 2651252 0 3 0 0 0 0 0 0 0 0
20170529 16:24:48 171318 10257 1506356 662 0 3 0 0 0 0 2 0 0 0
20170529 16:24:49 106352 306388 777069 2650788 0 4 0 0 0 0 0 0 0 0
20170529 16:24:50 150923 264689 1192199 2263315 0 2 0 0 0 0 2 0 0 0
20170529 16:24:51 132400 185345 1078440 1573911 0 2 0 0 0 0 0 0 0 0
20170529 16:24:52 179511 25480 1572706 139987 0 5 0 0 0 0 2 0 0 0
20170529 16:24:53 153384 43991 1325199 298985 0 1 0 0 0 0 0 0 0 0
20170529 16:24:54 144015 126504 1193074 1027531 0 3 0 0 0 0 2 0 0 0
20170529 16:24:55 97935 129832 794318 1097816 0 4 0 0 0 0 0 0 0 0
20170529 16:24:56 98797 332018 665513 2878538 0 2 0 0 0 0 2 0 0 0
20170529 16:24:57 150588 9038 1325226 583 0 4 0 0 0 0 0 0 0 0
20170529 16:24:58 11938 137606 770 1210045 0 3 0 0 0 0 2 0 0 0
20170529 16:24:59 151722 21336 1325306 115731 0 2 0 0 0 0 0 0 0 0
20170529 16:25:00 3 7 0 2 0 4 0 0 0 0 2 0 0 0
20170529 16:25:01 167809 416735 1244653 3595521 0 2 0 0 0 0 0 0 0 0
20170529 16:25:02 113703 201259 896425 1706412 0 3 0 0 0 0 2 0 0 0
20170529 16:25:03 209563 134619 1785785 1076871 0 3 0 0 0 0 0 0 0 0
20170529 16:25:04 75481 182428 569077 1574609 0 3 0 0 0 0 2 0 0 0
20170529 16:25:05 220366 41315 1922249 268160 0 4 0 0 0 0 0 0 0 0
20170529 16:25:06 178203 207089 1468287 1723708 0 2 0 0 0 0 2 0 0 0
20170529 16:25:07 161759 83954 1373275 660608 0 2 0 0 0 0 0 0 0 0
20170529 16:25:08 16214 213785 22251 1880441 0 5 0 0 0 0 2 0 0 0
20170529 16:25:09 167490 247178 1325995 2095831 0 1 0 0 0 0 0 0 0 0
20170529 16:25:10 165077 264332 1326160 2240406 0 4 0 0 0 0 2 0 0 0
20170529 16:25:11 145784 56386 1259320 411307 0 3 0 0 0 0 0 0 0 0
20170529 16:25:12 108467 5977 954726 386 0 2 0 0 0 0 2 0 0 0
20170529 16:25:13 106008 7030 932566 454 0 5 0 0 0 0 0 0 0 0
20170529 16:25:14 94108 6004 828211 396 0 3 0 0 0 0 2 0 0 0
20170529 16:25:15 150562 9385 1325225 607 0 2 0 0 0 0 0 0 0 0
20170529 16:25:16 2 4 0 1 0 4 0 0 0 0 2 0 0 0
