20170529 15:08:52 30 34 60 24 0 3 0 0 0 0 2 0 0 0
20170529 15:08:53 44 51 12 18 0 2 0 0 0 0 0 0 0 0
20170529 15:08:54 14 18 1 13 0 4 0 0 0 0 2 0 0 0
20170529 15:08:55 59 68 66 61 0 2 0 0 0 0 0 0 0 0
20170529 15:08:56 103 108 18 19 0 3 0 0 0 0 2 0 0 0
20170529 15:08:57 4 6 0 1 0 3 0 0 0 0 0 0 0 0
20170529 15:08:58 3 4 0 1 0 4 0 0 0 0 2 0 0 0
20170529 15:08:59 9 15 14 5 0 2 0 0 0 0 0 0 0 0
20170529 15:09:00 7 11 1 21 0 3 0 0 0 0 2 0 0 0
20170529 15:09:01 9 20 1 100 0 3 0 0 0 0 0 0 0 0
20170529 15:09:02 2 4 0 1 0 3 0 0 0 0 2 0 0 0
20170529 15:09:03 6 10 1 9 0 3 0 0 0 0 0 0 0 0
20170529 15:09:04 27 32 4 20 0 4 0 0 0 0 2 0 0 0
20170529 15:09:05 4 8 0 10 0 2 0 0 0 0 0 0 0 0
20170529 15:09:06 65135 65241 523317 519159 0 4 0 0 0 0 2 0 0 0
20170529 15:09:07 944932 1002980 7724897 8214777 0 3 0 0 0 0 0 0 0 0
20170529 15:09:08 742320 608264 6232212 4963647 0 2 0 0 0 0 2 0 0 0
20170529 15:09:09 759350 691036 6318763 5655205 0 3 0 0 0 0 0 0 0 0
20170529 15:09:10 525168 481801 4314404 3998024 0 4 0 0 0 0 2 0 0 0
20170529 15:09:11 504882 524018 4138056 4360890 0 2 0 0 0 0 0 0 0 0
20170529 15:09:12 507300 519857 4215150 4311784 0 3 0 0 0 0 2 0 0 0
20170529 15:09:13 401660 357045 3325247 2901085 0 3 0 0 0 0 0 0 0 0
20170529 15:09:14 55683 229902 332486 2002123 0 3 0 0 0 0 2 0 0 0
20170529 15:09:15 2298 28351 148 248510 0 3 0 0 0 0 0 0 0 0
20170529 15:09:16 6 10 0 14 0 3 0 0 0 0 2 0 0 0
